e: 0 loss: -1.00000 train_err: -1.000 test_top1: 90.060 test_loss 2.30259 
e: 1 loss: 1.32656 train_err: 48.392 test_top1: 41.680 test_loss 1.15142 
e: 2 loss: 0.87771 train_err: 31.156 test_top1: 33.430 test_loss 0.95863 
e: 3 loss: 0.71865 train_err: 25.050 test_top1: 26.640 test_loss 0.75657 
e: 4 loss: 0.63393 train_err: 21.792 test_top1: 22.720 test_loss 0.67172 
e: 5 loss: 0.57263 train_err: 19.774 test_top1: 20.540 test_loss 0.61290 
e: 6 loss: 0.52072 train_err: 17.652 test_top1: 20.710 test_loss 0.62202 
e: 7 loss: 0.48529 train_err: 16.692 test_top1: 22.690 test_loss 0.67333 
e: 8 loss: 0.45480 train_err: 15.414 test_top1: 18.860 test_loss 0.55456 
e: 9 loss: 0.42734 train_err: 14.608 test_top1: 18.810 test_loss 0.58236 
e: 10 loss: 0.40550 train_err: 13.828 test_top1: 16.520 test_loss 0.49311 
e: 11 loss: 0.38290 train_err: 13.028 test_top1: 17.990 test_loss 0.51997 
e: 12 loss: 0.36687 train_err: 12.416 test_top1: 14.440 test_loss 0.41909 
e: 13 loss: 0.35289 train_err: 12.040 test_top1: 15.570 test_loss 0.46265 
e: 14 loss: 0.34384 train_err: 11.790 test_top1: 15.460 test_loss 0.45594 
e: 15 loss: 0.33391 train_err: 11.456 test_top1: 14.030 test_loss 0.41642 
e: 16 loss: 0.31840 train_err: 10.900 test_top1: 16.070 test_loss 0.49100 
e: 17 loss: 0.30932 train_err: 10.440 test_top1: 15.570 test_loss 0.47349 
e: 18 loss: 0.30257 train_err: 10.296 test_top1: 12.930 test_loss 0.38405 
e: 19 loss: 0.29718 train_err: 10.160 test_top1: 14.090 test_loss 0.41865 
e: 20 loss: 0.29006 train_err: 9.870 test_top1: 13.490 test_loss 0.41376 
e: 21 loss: 0.28584 train_err: 9.848 test_top1: 11.880 test_loss 0.36750 
e: 22 loss: 0.27598 train_err: 9.328 test_top1: 11.250 test_loss 0.34208 
e: 23 loss: 0.27508 train_err: 9.336 test_top1: 14.070 test_loss 0.41947 
e: 24 loss: 0.26605 train_err: 9.096 test_top1: 15.230 test_loss 0.45045 
e: 25 loss: 0.26747 train_err: 9.126 test_top1: 12.640 test_loss 0.37956 
e: 26 loss: 0.26582 train_err: 9.094 test_top1: 12.130 test_loss 0.36709 
e: 27 loss: 0.25520 train_err: 8.714 test_top1: 14.810 test_loss 0.46900 
e: 28 loss: 0.26011 train_err: 8.972 test_top1: 12.400 test_loss 0.37664 
e: 29 loss: 0.24681 train_err: 8.358 test_top1: 13.000 test_loss 0.40729 
e: 30 loss: 0.25153 train_err: 8.636 test_top1: 11.760 test_loss 0.36776 
e: 31 loss: 0.24881 train_err: 8.428 test_top1: 13.350 test_loss 0.40848 
e: 32 loss: 0.24536 train_err: 8.446 test_top1: 16.150 test_loss 0.51049 
e: 33 loss: 0.24151 train_err: 8.286 test_top1: 12.200 test_loss 0.36949 
e: 34 loss: 0.23986 train_err: 8.262 test_top1: 14.180 test_loss 0.44293 
e: 35 loss: 0.23674 train_err: 8.082 test_top1: 12.140 test_loss 0.37961 
e: 36 loss: 0.23350 train_err: 7.982 test_top1: 13.080 test_loss 0.40928 
e: 37 loss: 0.23528 train_err: 8.026 test_top1: 11.670 test_loss 0.35552 
e: 38 loss: 0.22779 train_err: 7.876 test_top1: 11.100 test_loss 0.34107 
e: 39 loss: 0.22984 train_err: 7.820 test_top1: 12.650 test_loss 0.38596 
e: 40 loss: 0.22637 train_err: 7.724 test_top1: 12.940 test_loss 0.40653 
e: 41 loss: 0.22691 train_err: 7.814 test_top1: 12.040 test_loss 0.36924 
e: 42 loss: 0.22529 train_err: 7.690 test_top1: 11.820 test_loss 0.36473 
e: 43 loss: 0.23300 train_err: 7.954 test_top1: 14.710 test_loss 0.46932 
e: 44 loss: 0.22231 train_err: 7.634 test_top1: 11.850 test_loss 0.37087 
e: 45 loss: 0.22030 train_err: 7.554 test_top1: 14.210 test_loss 0.45053 
e: 46 loss: 0.22381 train_err: 7.692 test_top1: 12.870 test_loss 0.40294 
e: 47 loss: 0.21984 train_err: 7.504 test_top1: 12.790 test_loss 0.40277 
e: 48 loss: 0.22245 train_err: 7.632 test_top1: 11.570 test_loss 0.36373 
e: 49 loss: 0.21930 train_err: 7.476 test_top1: 12.140 test_loss 0.38284 
e: 50 loss: 0.21112 train_err: 7.228 test_top1: 10.570 test_loss 0.32546 
e: 51 loss: 0.22019 train_err: 7.620 test_top1: 11.950 test_loss 0.37645 
e: 52 loss: 0.21457 train_err: 7.404 test_top1: 11.200 test_loss 0.35108 
e: 53 loss: 0.21723 train_err: 7.474 test_top1: 12.850 test_loss 0.40514 
e: 54 loss: 0.21576 train_err: 7.520 test_top1: 12.510 test_loss 0.39854 
e: 55 loss: 0.21051 train_err: 7.234 test_top1: 12.010 test_loss 0.37105 
e: 56 loss: 0.20953 train_err: 7.192 test_top1: 11.270 test_loss 0.37368 
e: 57 loss: 0.21210 train_err: 7.214 test_top1: 12.040 test_loss 0.38114 
e: 58 loss: 0.20894 train_err: 7.230 test_top1: 12.160 test_loss 0.38941 
e: 59 loss: 0.20932 train_err: 7.262 test_top1: 11.640 test_loss 0.36184 
e: 60 loss: 0.20869 train_err: 7.280 test_top1: 11.330 test_loss 0.35626 
e: 61 loss: 0.21113 train_err: 7.246 test_top1: 12.260 test_loss 0.38995 
e: 62 loss: 0.20643 train_err: 7.114 test_top1: 12.130 test_loss 0.37996 
e: 63 loss: 0.20774 train_err: 7.126 test_top1: 11.420 test_loss 0.36123 
e: 64 loss: 0.20617 train_err: 7.202 test_top1: 11.220 test_loss 0.34950 
e: 65 loss: 0.20772 train_err: 7.098 test_top1: 11.030 test_loss 0.35304 
e: 66 loss: 0.20465 train_err: 7.038 test_top1: 11.980 test_loss 0.38366 
e: 67 loss: 0.20710 train_err: 7.188 test_top1: 11.760 test_loss 0.37608 
e: 68 loss: 0.20154 train_err: 6.892 test_top1: 13.330 test_loss 0.42321 
e: 69 loss: 0.20224 train_err: 6.850 test_top1: 12.710 test_loss 0.42246 
e: 70 loss: 0.20397 train_err: 7.080 test_top1: 12.660 test_loss 0.40014 
e: 71 loss: 0.20066 train_err: 7.018 test_top1: 12.300 test_loss 0.38318 
e: 72 loss: 0.19971 train_err: 6.914 test_top1: 11.280 test_loss 0.35402 
e: 73 loss: 0.20325 train_err: 7.004 test_top1: 11.410 test_loss 0.35339 
e: 74 loss: 0.19770 train_err: 6.716 test_top1: 12.400 test_loss 0.38242 
e: 75 loss: 0.20077 train_err: 6.844 test_top1: 11.350 test_loss 0.35277 
e: 76 loss: 0.20170 train_err: 6.956 test_top1: 11.300 test_loss 0.35243 
e: 77 loss: 0.19584 train_err: 6.656 test_top1: 12.420 test_loss 0.39684 
e: 78 loss: 0.20275 train_err: 7.142 test_top1: 11.450 test_loss 0.35896 
e: 79 loss: 0.19662 train_err: 6.752 test_top1: 12.510 test_loss 0.40745 
e: 80 loss: 0.19998 train_err: 6.910 test_top1: 13.420 test_loss 0.42732 
e: 81 loss: 0.19798 train_err: 6.830 test_top1: 11.550 test_loss 0.37286 
e: 82 loss: 0.19607 train_err: 6.648 test_top1: 12.700 test_loss 0.41660 
e: 83 loss: 0.19755 train_err: 6.818 test_top1: 11.140 test_loss 0.35029 
e: 84 loss: 0.20083 train_err: 6.978 test_top1: 11.370 test_loss 0.35114 
e: 85 loss: 0.19958 train_err: 6.822 test_top1: 15.360 test_loss 0.50809 
e: 86 loss: 0.19895 train_err: 6.778 test_top1: 11.780 test_loss 0.37397 
e: 87 loss: 0.19404 train_err: 6.636 test_top1: 11.600 test_loss 0.36467 
e: 88 loss: 0.19137 train_err: 6.438 test_top1: 11.330 test_loss 0.34977 
e: 89 loss: 0.19435 train_err: 6.646 test_top1: 11.510 test_loss 0.35675 
e: 90 loss: 0.19311 train_err: 6.608 test_top1: 11.030 test_loss 0.35730 
e: 91 loss: 0.19856 train_err: 6.834 test_top1: 11.360 test_loss 0.35341 
e: 92 loss: 0.19652 train_err: 6.750 test_top1: 11.320 test_loss 0.36127 
e: 93 loss: 0.19088 train_err: 6.498 test_top1: 11.250 test_loss 0.35408 
e: 94 loss: 0.19715 train_err: 6.742 test_top1: 12.510 test_loss 0.40720 
e: 95 loss: 0.19435 train_err: 6.658 test_top1: 11.560 test_loss 0.38025 
e: 96 loss: 0.19630 train_err: 6.792 test_top1: 11.160 test_loss 0.35976 
e: 97 loss: 0.19576 train_err: 6.766 test_top1: 10.750 test_loss 0.34312 
e: 98 loss: 0.18924 train_err: 6.404 test_top1: 11.320 test_loss 0.36325 
e: 99 loss: 0.19159 train_err: 6.538 test_top1: 11.940 test_loss 0.37274 
e: 100 loss: 0.19441 train_err: 6.656 test_top1: 12.430 test_loss 0.38531 
e: 101 loss: 0.19161 train_err: 6.534 test_top1: 11.370 test_loss 0.35869 
e: 102 loss: 0.18736 train_err: 6.292 test_top1: 11.180 test_loss 0.36173 
e: 103 loss: 0.18818 train_err: 6.392 test_top1: 11.910 test_loss 0.37540 
e: 104 loss: 0.19074 train_err: 6.478 test_top1: 12.290 test_loss 0.40362 
e: 105 loss: 0.19500 train_err: 6.770 test_top1: 11.640 test_loss 0.37573 
e: 106 loss: 0.19626 train_err: 6.750 test_top1: 11.500 test_loss 0.36593 
e: 107 loss: 0.18782 train_err: 6.368 test_top1: 11.740 test_loss 0.36643 
e: 108 loss: 0.19537 train_err: 6.710 test_top1: 11.710 test_loss 0.35562 
e: 109 loss: 0.18939 train_err: 6.396 test_top1: 11.790 test_loss 0.37184 
e: 110 loss: 0.19439 train_err: 6.734 test_top1: 12.100 test_loss 0.39072 
e: 111 loss: 0.19363 train_err: 6.592 test_top1: 12.340 test_loss 0.38959 
e: 112 loss: 0.18476 train_err: 6.332 test_top1: 12.050 test_loss 0.40904 
e: 113 loss: 0.19150 train_err: 6.582 test_top1: 11.760 test_loss 0.37645 
e: 114 loss: 0.18743 train_err: 6.450 test_top1: 14.530 test_loss 0.49261 
e: 115 loss: 0.18963 train_err: 6.420 test_top1: 11.910 test_loss 0.37620 
e: 116 loss: 0.18976 train_err: 6.550 test_top1: 11.610 test_loss 0.36619 
e: 117 loss: 0.18655 train_err: 6.288 test_top1: 10.810 test_loss 0.34160 
e: 118 loss: 0.18909 train_err: 6.530 test_top1: 11.450 test_loss 0.35854 
e: 119 loss: 0.19040 train_err: 6.528 test_top1: 11.930 test_loss 0.37834 
e: 120 loss: 0.18859 train_err: 6.542 test_top1: 11.460 test_loss 0.36614 
e: 121 loss: 0.18808 train_err: 6.402 test_top1: 11.320 test_loss 0.37261 
e: 122 loss: 0.18606 train_err: 6.374 test_top1: 11.840 test_loss 0.37958 
e: 123 loss: 0.18723 train_err: 6.426 test_top1: 11.750 test_loss 0.36026 
e: 124 loss: 0.18500 train_err: 6.374 test_top1: 11.530 test_loss 0.38397 
e: 125 loss: 0.18505 train_err: 6.234 test_top1: 12.590 test_loss 0.39716 
e: 126 loss: 0.18566 train_err: 6.346 test_top1: 11.120 test_loss 0.34434 
e: 127 loss: 0.18893 train_err: 6.496 test_top1: 12.030 test_loss 0.39440 
e: 128 loss: 0.18369 train_err: 6.318 test_top1: 11.960 test_loss 0.37433 
e: 129 loss: 0.18738 train_err: 6.420 test_top1: 12.900 test_loss 0.41272 
e: 130 loss: 0.18773 train_err: 6.444 test_top1: 11.500 test_loss 0.36915 
e: 131 loss: 0.18789 train_err: 6.504 test_top1: 10.790 test_loss 0.33585 
e: 132 loss: 0.18068 train_err: 6.138 test_top1: 12.520 test_loss 0.39732 
e: 133 loss: 0.18563 train_err: 6.296 test_top1: 10.600 test_loss 0.33826 
e: 134 loss: 0.18810 train_err: 6.344 test_top1: 11.450 test_loss 0.37165 
e: 135 loss: 0.18815 train_err: 6.438 test_top1: 12.590 test_loss 0.40991 
e: 136 loss: 0.18676 train_err: 6.444 test_top1: 10.780 test_loss 0.34768 
e: 137 loss: 0.18463 train_err: 6.352 test_top1: 11.660 test_loss 0.37139 
e: 138 loss: 0.18316 train_err: 6.296 test_top1: 11.750 test_loss 0.37783 
e: 139 loss: 0.18281 train_err: 6.418 test_top1: 12.020 test_loss 0.38220 
e: 140 loss: 0.18670 train_err: 6.414 test_top1: 10.560 test_loss 0.33376 
e: 141 loss: 0.18341 train_err: 6.246 test_top1: 11.680 test_loss 0.37782 
e: 142 loss: 0.17780 train_err: 6.008 test_top1: 11.540 test_loss 0.37625 
e: 143 loss: 0.17986 train_err: 6.154 test_top1: 12.080 test_loss 0.38615 
e: 144 loss: 0.18610 train_err: 6.332 test_top1: 11.180 test_loss 0.34950 
e: 145 loss: 0.18361 train_err: 6.276 test_top1: 11.200 test_loss 0.35606 
e: 146 loss: 0.18100 train_err: 6.250 test_top1: 12.620 test_loss 0.41982 
e: 147 loss: 0.18374 train_err: 6.252 test_top1: 10.690 test_loss 0.34515 
e: 148 loss: 0.18698 train_err: 6.502 test_top1: 10.770 test_loss 0.33961 
e: 149 loss: 0.18109 train_err: 6.134 test_top1: 12.290 test_loss 0.38365 
e: 150 loss: 0.18278 train_err: 6.196 test_top1: 11.590 test_loss 0.37429 
e: 151 loss: 0.11727 train_err: 3.878 test_top1: 8.760 test_loss 0.27573 
e: 152 loss: 0.09060 train_err: 2.842 test_top1: 8.330 test_loss 0.27028 
e: 153 loss: 0.08113 train_err: 2.596 test_top1: 8.100 test_loss 0.26852 
e: 154 loss: 0.07240 train_err: 2.252 test_top1: 8.120 test_loss 0.26563 
e: 155 loss: 0.06707 train_err: 2.038 test_top1: 8.060 test_loss 0.26829 
e: 156 loss: 0.06106 train_err: 1.850 test_top1: 7.870 test_loss 0.26308 
e: 157 loss: 0.05795 train_err: 1.742 test_top1: 8.050 test_loss 0.27169 
e: 158 loss: 0.05626 train_err: 1.752 test_top1: 8.070 test_loss 0.27388 
e: 159 loss: 0.05165 train_err: 1.570 test_top1: 8.050 test_loss 0.27456 
e: 160 loss: 0.05138 train_err: 1.596 test_top1: 7.970 test_loss 0.27366 
e: 161 loss: 0.04751 train_err: 1.398 test_top1: 7.980 test_loss 0.27618 
e: 162 loss: 0.04545 train_err: 1.354 test_top1: 8.140 test_loss 0.28376 
e: 163 loss: 0.04235 train_err: 1.222 test_top1: 7.880 test_loss 0.27862 
e: 164 loss: 0.04075 train_err: 1.162 test_top1: 8.060 test_loss 0.28324 
e: 165 loss: 0.03852 train_err: 1.166 test_top1: 8.040 test_loss 0.28895 
e: 166 loss: 0.03819 train_err: 1.136 test_top1: 8.060 test_loss 0.28532 
e: 167 loss: 0.03765 train_err: 1.098 test_top1: 8.140 test_loss 0.29577 
e: 168 loss: 0.03522 train_err: 1.026 test_top1: 7.860 test_loss 0.29262 
e: 169 loss: 0.03367 train_err: 0.930 test_top1: 7.850 test_loss 0.30174 
e: 170 loss: 0.03317 train_err: 0.954 test_top1: 7.940 test_loss 0.29082 
e: 171 loss: 0.03184 train_err: 0.886 test_top1: 7.720 test_loss 0.29387 
e: 172 loss: 0.03135 train_err: 0.910 test_top1: 8.000 test_loss 0.29706 
e: 173 loss: 0.03120 train_err: 0.878 test_top1: 7.940 test_loss 0.30038 
e: 174 loss: 0.02975 train_err: 0.868 test_top1: 7.960 test_loss 0.29664 
e: 175 loss: 0.03055 train_err: 0.914 test_top1: 7.750 test_loss 0.30231 
e: 176 loss: 0.02749 train_err: 0.726 test_top1: 7.870 test_loss 0.30024 
e: 177 loss: 0.02644 train_err: 0.734 test_top1: 8.070 test_loss 0.31467 
e: 178 loss: 0.02784 train_err: 0.820 test_top1: 8.210 test_loss 0.31153 
e: 179 loss: 0.02668 train_err: 0.704 test_top1: 8.120 test_loss 0.30703 
e: 180 loss: 0.02558 train_err: 0.684 test_top1: 8.100 test_loss 0.31295 
e: 181 loss: 0.02600 train_err: 0.704 test_top1: 8.300 test_loss 0.31361 
e: 182 loss: 0.02435 train_err: 0.678 test_top1: 8.000 test_loss 0.30954 
e: 183 loss: 0.02480 train_err: 0.702 test_top1: 8.240 test_loss 0.32020 
e: 184 loss: 0.02412 train_err: 0.670 test_top1: 8.120 test_loss 0.31738 
e: 185 loss: 0.02548 train_err: 0.744 test_top1: 8.110 test_loss 0.31207 
e: 186 loss: 0.02248 train_err: 0.600 test_top1: 8.250 test_loss 0.31684 
e: 187 loss: 0.02337 train_err: 0.610 test_top1: 8.230 test_loss 0.31553 
e: 188 loss: 0.02336 train_err: 0.604 test_top1: 8.220 test_loss 0.31929 
e: 189 loss: 0.02375 train_err: 0.646 test_top1: 8.400 test_loss 0.32280 
e: 190 loss: 0.02180 train_err: 0.550 test_top1: 8.190 test_loss 0.31760 
e: 191 loss: 0.02233 train_err: 0.622 test_top1: 8.180 test_loss 0.32326 
e: 192 loss: 0.02222 train_err: 0.640 test_top1: 8.140 test_loss 0.31974 
e: 193 loss: 0.02425 train_err: 0.676 test_top1: 8.080 test_loss 0.31430 
e: 194 loss: 0.02260 train_err: 0.654 test_top1: 8.060 test_loss 0.31463 
e: 195 loss: 0.02104 train_err: 0.562 test_top1: 7.850 test_loss 0.31448 
e: 196 loss: 0.02113 train_err: 0.576 test_top1: 8.060 test_loss 0.32251 
e: 197 loss: 0.02183 train_err: 0.602 test_top1: 8.220 test_loss 0.32761 
e: 198 loss: 0.02079 train_err: 0.506 test_top1: 8.260 test_loss 0.32451 
e: 199 loss: 0.02138 train_err: 0.556 test_top1: 8.210 test_loss 0.32688 
e: 200 loss: 0.02174 train_err: 0.580 test_top1: 8.230 test_loss 0.32630 
e: 201 loss: 0.02188 train_err: 0.638 test_top1: 8.100 test_loss 0.33349 
e: 202 loss: 0.02058 train_err: 0.588 test_top1: 8.160 test_loss 0.32565 
e: 203 loss: 0.02091 train_err: 0.586 test_top1: 7.890 test_loss 0.32357 
e: 204 loss: 0.02083 train_err: 0.566 test_top1: 8.100 test_loss 0.33476 
e: 205 loss: 0.02088 train_err: 0.598 test_top1: 8.090 test_loss 0.32299 
e: 206 loss: 0.02010 train_err: 0.526 test_top1: 7.960 test_loss 0.32208 
e: 207 loss: 0.02119 train_err: 0.562 test_top1: 8.200 test_loss 0.33458 
e: 208 loss: 0.02045 train_err: 0.578 test_top1: 8.070 test_loss 0.33105 
e: 209 loss: 0.01923 train_err: 0.496 test_top1: 8.000 test_loss 0.32481 
e: 210 loss: 0.02106 train_err: 0.590 test_top1: 8.070 test_loss 0.33327 
e: 211 loss: 0.01943 train_err: 0.528 test_top1: 8.280 test_loss 0.33893 
e: 212 loss: 0.02035 train_err: 0.566 test_top1: 8.230 test_loss 0.33545 
e: 213 loss: 0.01935 train_err: 0.498 test_top1: 8.190 test_loss 0.33025 
e: 214 loss: 0.01988 train_err: 0.538 test_top1: 8.230 test_loss 0.33059 
e: 215 loss: 0.01826 train_err: 0.466 test_top1: 8.160 test_loss 0.33615 
e: 216 loss: 0.01926 train_err: 0.512 test_top1: 8.470 test_loss 0.34376 
e: 217 loss: 0.01874 train_err: 0.508 test_top1: 8.220 test_loss 0.33693 
e: 218 loss: 0.02015 train_err: 0.578 test_top1: 8.330 test_loss 0.33568 
e: 219 loss: 0.02041 train_err: 0.528 test_top1: 7.980 test_loss 0.33550 
e: 220 loss: 0.01993 train_err: 0.530 test_top1: 8.260 test_loss 0.33876 
e: 221 loss: 0.01930 train_err: 0.528 test_top1: 8.380 test_loss 0.34149 
e: 222 loss: 0.01980 train_err: 0.518 test_top1: 7.900 test_loss 0.32754 
e: 223 loss: 0.01919 train_err: 0.514 test_top1: 8.470 test_loss 0.34410 
e: 224 loss: 0.02157 train_err: 0.636 test_top1: 8.130 test_loss 0.32841 
e: 225 loss: 0.01994 train_err: 0.558 test_top1: 8.110 test_loss 0.31842 
e: 226 loss: 0.01540 train_err: 0.344 test_top1: 7.990 test_loss 0.31460 
e: 227 loss: 0.01360 train_err: 0.302 test_top1: 7.770 test_loss 0.31245 
e: 228 loss: 0.01316 train_err: 0.276 test_top1: 7.730 test_loss 0.31247 
e: 229 loss: 0.01261 train_err: 0.272 test_top1: 7.810 test_loss 0.31078 
e: 230 loss: 0.01235 train_err: 0.262 test_top1: 7.720 test_loss 0.31189 
e: 231 loss: 0.01139 train_err: 0.220 test_top1: 7.650 test_loss 0.31417 
e: 232 loss: 0.01142 train_err: 0.232 test_top1: 7.840 test_loss 0.31618 
e: 233 loss: 0.01098 train_err: 0.234 test_top1: 7.910 test_loss 0.31551 
e: 234 loss: 0.01009 train_err: 0.192 test_top1: 7.800 test_loss 0.31395 
e: 235 loss: 0.01100 train_err: 0.208 test_top1: 7.640 test_loss 0.31169 
e: 236 loss: 0.01070 train_err: 0.216 test_top1: 7.750 test_loss 0.31490 
e: 237 loss: 0.00970 train_err: 0.172 test_top1: 7.800 test_loss 0.31529 
e: 238 loss: 0.01007 train_err: 0.214 test_top1: 7.780 test_loss 0.31300 
e: 239 loss: 0.00962 train_err: 0.178 test_top1: 7.780 test_loss 0.31390 
e: 240 loss: 0.01012 train_err: 0.182 test_top1: 7.770 test_loss 0.31883 
e: 241 loss: 0.00935 train_err: 0.158 test_top1: 7.680 test_loss 0.31303 
e: 242 loss: 0.00954 train_err: 0.174 test_top1: 7.700 test_loss 0.31559 
e: 243 loss: 0.00943 train_err: 0.168 test_top1: 7.760 test_loss 0.31710 
e: 244 loss: 0.00830 train_err: 0.122 test_top1: 7.710 test_loss 0.31389 
e: 245 loss: 0.00923 train_err: 0.154 test_top1: 7.780 test_loss 0.31714 
e: 246 loss: 0.00927 train_err: 0.168 test_top1: 7.810 test_loss 0.31619 
e: 247 loss: 0.00873 train_err: 0.122 test_top1: 7.640 test_loss 0.31661 
e: 248 loss: 0.00886 train_err: 0.144 test_top1: 7.680 test_loss 0.31349 
e: 249 loss: 0.00865 train_err: 0.122 test_top1: 7.620 test_loss 0.31703 
e: 250 loss: 0.00894 train_err: 0.138 test_top1: 7.750 test_loss 0.31882 
e: 251 loss: 0.00825 train_err: 0.130 test_top1: 7.830 test_loss 0.31808 
e: 252 loss: 0.00883 train_err: 0.146 test_top1: 7.700 test_loss 0.31489 
e: 253 loss: 0.00839 train_err: 0.144 test_top1: 7.880 test_loss 0.31477 
e: 254 loss: 0.00815 train_err: 0.122 test_top1: 7.690 test_loss 0.31746 
e: 255 loss: 0.00862 train_err: 0.140 test_top1: 7.660 test_loss 0.31904 
e: 256 loss: 0.00802 train_err: 0.104 test_top1: 7.840 test_loss 0.31633 
e: 257 loss: 0.00820 train_err: 0.118 test_top1: 7.790 test_loss 0.31739 
e: 258 loss: 0.00800 train_err: 0.104 test_top1: 7.770 test_loss 0.31668 
e: 259 loss: 0.00792 train_err: 0.106 test_top1: 7.750 test_loss 0.31643 
e: 260 loss: 0.00830 train_err: 0.122 test_top1: 7.610 test_loss 0.31446 
e: 261 loss: 0.00804 train_err: 0.106 test_top1: 7.730 test_loss 0.31529 
e: 262 loss: 0.00737 train_err: 0.096 test_top1: 7.780 test_loss 0.31597 
e: 263 loss: 0.00716 train_err: 0.086 test_top1: 7.680 test_loss 0.31494 
e: 264 loss: 0.00788 train_err: 0.124 test_top1: 7.600 test_loss 0.31570 
e: 265 loss: 0.00767 train_err: 0.104 test_top1: 7.720 test_loss 0.32017 
e: 266 loss: 0.00722 train_err: 0.094 test_top1: 7.720 test_loss 0.31932 
e: 267 loss: 0.00760 train_err: 0.098 test_top1: 7.620 test_loss 0.31734 
e: 268 loss: 0.00798 train_err: 0.120 test_top1: 7.760 test_loss 0.32181 
e: 269 loss: 0.00765 train_err: 0.106 test_top1: 7.850 test_loss 0.32195 
e: 270 loss: 0.00768 train_err: 0.116 test_top1: 7.800 test_loss 0.32007 
e: 271 loss: 0.00702 train_err: 0.078 test_top1: 7.700 test_loss 0.31840 
e: 272 loss: 0.00719 train_err: 0.090 test_top1: 7.850 test_loss 0.32126 
e: 273 loss: 0.00759 train_err: 0.106 test_top1: 7.840 test_loss 0.32372 
e: 274 loss: 0.00787 train_err: 0.116 test_top1: 7.730 test_loss 0.32156 
e: 275 loss: 0.00767 train_err: 0.110 test_top1: 7.750 test_loss 0.32070 
e: 276 loss: 0.00734 train_err: 0.098 test_top1: 7.690 test_loss 0.31668 
e: 277 loss: 0.00710 train_err: 0.088 test_top1: 7.800 test_loss 0.32171 
e: 278 loss: 0.00703 train_err: 0.084 test_top1: 7.830 test_loss 0.31886 
e: 279 loss: 0.00755 train_err: 0.106 test_top1: 7.800 test_loss 0.31803 
e: 280 loss: 0.00699 train_err: 0.082 test_top1: 7.740 test_loss 0.31914 
e: 281 loss: 0.00672 train_err: 0.064 test_top1: 7.780 test_loss 0.31769 
e: 282 loss: 0.00722 train_err: 0.076 test_top1: 7.750 test_loss 0.31713 
e: 283 loss: 0.00660 train_err: 0.054 test_top1: 7.840 test_loss 0.31946 
e: 284 loss: 0.00742 train_err: 0.128 test_top1: 7.840 test_loss 0.31912 
e: 285 loss: 0.00691 train_err: 0.074 test_top1: 7.780 test_loss 0.31963 
e: 286 loss: 0.00742 train_err: 0.110 test_top1: 7.740 test_loss 0.32021 
e: 287 loss: 0.00715 train_err: 0.096 test_top1: 7.900 test_loss 0.31954 
e: 288 loss: 0.00669 train_err: 0.072 test_top1: 7.800 test_loss 0.31942 
e: 289 loss: 0.00691 train_err: 0.082 test_top1: 7.840 test_loss 0.31932 
e: 290 loss: 0.00653 train_err: 0.064 test_top1: 7.900 test_loss 0.32105 
e: 291 loss: 0.00713 train_err: 0.108 test_top1: 7.820 test_loss 0.32028 
e: 292 loss: 0.00703 train_err: 0.102 test_top1: 7.800 test_loss 0.32133 
e: 293 loss: 0.00699 train_err: 0.100 test_top1: 7.920 test_loss 0.32221 
e: 294 loss: 0.00695 train_err: 0.074 test_top1: 7.880 test_loss 0.31865 
e: 295 loss: 0.00663 train_err: 0.078 test_top1: 7.840 test_loss 0.31939 
e: 296 loss: 0.00695 train_err: 0.096 test_top1: 7.700 test_loss 0.31789 
e: 297 loss: 0.00707 train_err: 0.092 test_top1: 7.900 test_loss 0.31943 
e: 298 loss: 0.00665 train_err: 0.060 test_top1: 7.710 test_loss 0.31829 
e: 299 loss: 0.00682 train_err: 0.082 test_top1: 7.750 test_loss 0.31782 
e: 300 loss: 0.00621 train_err: 0.060 test_top1: 7.800 test_loss 0.32034 
