e: 0 loss: -1.00000 train_err: -1.000 test_top1: 90.060 test_loss 2.30259 
e: 1 loss: 1.16903 train_err: 42.246 test_top1: 28.710 test_loss 0.82514 
e: 2 loss: 0.73589 train_err: 25.830 test_top1: 23.320 test_loss 0.68586 
e: 3 loss: 0.59814 train_err: 20.890 test_top1: 19.080 test_loss 0.56868 
e: 4 loss: 0.51652 train_err: 17.792 test_top1: 17.510 test_loss 0.51601 
e: 5 loss: 0.45852 train_err: 15.898 test_top1: 17.480 test_loss 0.50458 
e: 6 loss: 0.41041 train_err: 14.216 test_top1: 16.460 test_loss 0.49218 
e: 7 loss: 0.37147 train_err: 12.868 test_top1: 14.990 test_loss 0.44714 
e: 8 loss: 0.34504 train_err: 11.882 test_top1: 14.410 test_loss 0.43624 
e: 9 loss: 0.30932 train_err: 10.874 test_top1: 14.290 test_loss 0.43203 
e: 10 loss: 0.28962 train_err: 9.992 test_top1: 14.860 test_loss 0.44845 
e: 11 loss: 0.26345 train_err: 9.164 test_top1: 11.920 test_loss 0.36935 
e: 12 loss: 0.24990 train_err: 8.646 test_top1: 12.580 test_loss 0.38524 
e: 13 loss: 0.22752 train_err: 7.892 test_top1: 12.250 test_loss 0.37349 
e: 14 loss: 0.21136 train_err: 7.334 test_top1: 11.810 test_loss 0.36539 
e: 15 loss: 0.19732 train_err: 6.946 test_top1: 12.110 test_loss 0.37767 
e: 16 loss: 0.18428 train_err: 6.352 test_top1: 11.190 test_loss 0.35717 
e: 17 loss: 0.17561 train_err: 6.162 test_top1: 10.870 test_loss 0.34266 
e: 18 loss: 0.15853 train_err: 5.618 test_top1: 10.290 test_loss 0.35036 
e: 19 loss: 0.15239 train_err: 5.372 test_top1: 11.470 test_loss 0.38830 
e: 20 loss: 0.14118 train_err: 5.050 test_top1: 11.030 test_loss 0.37595 
e: 21 loss: 0.13728 train_err: 4.756 test_top1: 9.590 test_loss 0.32871 
e: 22 loss: 0.12684 train_err: 4.468 test_top1: 10.330 test_loss 0.35750 
e: 23 loss: 0.12198 train_err: 4.268 test_top1: 10.280 test_loss 0.35764 
e: 24 loss: 0.11366 train_err: 3.934 test_top1: 11.000 test_loss 0.38528 
e: 25 loss: 0.10802 train_err: 3.722 test_top1: 9.980 test_loss 0.35589 
e: 26 loss: 0.10487 train_err: 3.638 test_top1: 10.180 test_loss 0.36657 
e: 27 loss: 0.09216 train_err: 3.274 test_top1: 11.110 test_loss 0.40513 
e: 28 loss: 0.09338 train_err: 3.288 test_top1: 9.780 test_loss 0.36839 
e: 29 loss: 0.08867 train_err: 3.134 test_top1: 10.110 test_loss 0.38071 
e: 30 loss: 0.07915 train_err: 2.878 test_top1: 9.500 test_loss 0.36744 
e: 31 loss: 0.08079 train_err: 2.818 test_top1: 9.720 test_loss 0.37498 
e: 32 loss: 0.07903 train_err: 2.798 test_top1: 10.080 test_loss 0.38796 
e: 33 loss: 0.07094 train_err: 2.460 test_top1: 9.560 test_loss 0.38852 
e: 34 loss: 0.06998 train_err: 2.570 test_top1: 10.210 test_loss 0.40826 
e: 35 loss: 0.06134 train_err: 2.182 test_top1: 9.680 test_loss 0.39140 
e: 36 loss: 0.06222 train_err: 2.150 test_top1: 10.110 test_loss 0.42738 
e: 37 loss: 0.06366 train_err: 2.274 test_top1: 9.830 test_loss 0.38994 
e: 38 loss: 0.05772 train_err: 2.000 test_top1: 11.150 test_loss 0.47558 
e: 39 loss: 0.05664 train_err: 2.032 test_top1: 9.750 test_loss 0.41529 
e: 40 loss: 0.05659 train_err: 1.974 test_top1: 9.530 test_loss 0.41070 
e: 41 loss: 0.05079 train_err: 1.796 test_top1: 9.480 test_loss 0.41118 
e: 42 loss: 0.05292 train_err: 1.850 test_top1: 9.280 test_loss 0.41881 
e: 43 loss: 0.05102 train_err: 1.850 test_top1: 9.750 test_loss 0.42605 
e: 44 loss: 0.04842 train_err: 1.688 test_top1: 9.160 test_loss 0.40616 
e: 45 loss: 0.04168 train_err: 1.504 test_top1: 9.020 test_loss 0.41782 
e: 46 loss: 0.04145 train_err: 1.458 test_top1: 9.070 test_loss 0.41955 
e: 47 loss: 0.04026 train_err: 1.382 test_top1: 8.950 test_loss 0.41430 
e: 48 loss: 0.04241 train_err: 1.478 test_top1: 9.340 test_loss 0.40761 
e: 49 loss: 0.04277 train_err: 1.496 test_top1: 8.800 test_loss 0.39705 
e: 50 loss: 0.03442 train_err: 1.234 test_top1: 9.250 test_loss 0.42223 
e: 51 loss: 0.03782 train_err: 1.272 test_top1: 9.020 test_loss 0.43481 
e: 52 loss: 0.03591 train_err: 1.244 test_top1: 9.750 test_loss 0.48186 
e: 53 loss: 0.03570 train_err: 1.290 test_top1: 9.030 test_loss 0.42619 
e: 54 loss: 0.03243 train_err: 1.152 test_top1: 9.160 test_loss 0.42596 
e: 55 loss: 0.03586 train_err: 1.246 test_top1: 8.990 test_loss 0.41809 
e: 56 loss: 0.03646 train_err: 1.254 test_top1: 9.330 test_loss 0.43869 
e: 57 loss: 0.03157 train_err: 1.126 test_top1: 8.990 test_loss 0.43376 
e: 58 loss: 0.02843 train_err: 0.962 test_top1: 8.970 test_loss 0.44363 
e: 59 loss: 0.02803 train_err: 1.012 test_top1: 9.850 test_loss 0.50176 
e: 60 loss: 0.03130 train_err: 1.094 test_top1: 9.250 test_loss 0.44604 
e: 61 loss: 0.03000 train_err: 1.078 test_top1: 8.750 test_loss 0.44125 
e: 62 loss: 0.03200 train_err: 1.058 test_top1: 8.880 test_loss 0.44047 
e: 63 loss: 0.02664 train_err: 0.916 test_top1: 8.720 test_loss 0.42707 
e: 64 loss: 0.02615 train_err: 0.908 test_top1: 8.910 test_loss 0.46084 
e: 65 loss: 0.02543 train_err: 0.906 test_top1: 9.000 test_loss 0.44743 
e: 66 loss: 0.02380 train_err: 0.836 test_top1: 8.850 test_loss 0.47029 
e: 67 loss: 0.02258 train_err: 0.766 test_top1: 8.610 test_loss 0.43309 
e: 68 loss: 0.02153 train_err: 0.736 test_top1: 8.420 test_loss 0.45640 
e: 69 loss: 0.02272 train_err: 0.788 test_top1: 8.930 test_loss 0.47975 
e: 70 loss: 0.02388 train_err: 0.848 test_top1: 8.820 test_loss 0.44525 
e: 71 loss: 0.02386 train_err: 0.860 test_top1: 9.030 test_loss 0.47905 
e: 72 loss: 0.02208 train_err: 0.770 test_top1: 8.840 test_loss 0.46239 
e: 73 loss: 0.02687 train_err: 0.918 test_top1: 8.870 test_loss 0.46236 
e: 74 loss: 0.02196 train_err: 0.752 test_top1: 8.580 test_loss 0.47792 
e: 75 loss: 0.01925 train_err: 0.694 test_top1: 8.440 test_loss 0.44669 
e: 76 loss: 0.02142 train_err: 0.782 test_top1: 8.340 test_loss 0.45446 
e: 77 loss: 0.02399 train_err: 0.840 test_top1: 8.930 test_loss 0.44980 
e: 78 loss: 0.02321 train_err: 0.816 test_top1: 8.680 test_loss 0.44531 
e: 79 loss: 0.02005 train_err: 0.706 test_top1: 8.870 test_loss 0.46835 
e: 80 loss: 0.01709 train_err: 0.554 test_top1: 8.390 test_loss 0.44310 
e: 81 loss: 0.01733 train_err: 0.580 test_top1: 8.650 test_loss 0.47512 
e: 82 loss: 0.01608 train_err: 0.556 test_top1: 8.120 test_loss 0.44876 
e: 83 loss: 0.01616 train_err: 0.596 test_top1: 9.010 test_loss 0.47574 
e: 84 loss: 0.01775 train_err: 0.616 test_top1: 8.640 test_loss 0.48490 
e: 85 loss: 0.01896 train_err: 0.656 test_top1: 8.800 test_loss 0.48649 
e: 86 loss: 0.01620 train_err: 0.598 test_top1: 8.740 test_loss 0.48374 
e: 87 loss: 0.01722 train_err: 0.598 test_top1: 8.620 test_loss 0.46876 
e: 88 loss: 0.01700 train_err: 0.608 test_top1: 8.040 test_loss 0.47373 
e: 89 loss: 0.01598 train_err: 0.546 test_top1: 8.490 test_loss 0.48212 
e: 90 loss: 0.01728 train_err: 0.578 test_top1: 8.370 test_loss 0.47574 
e: 91 loss: 0.01461 train_err: 0.502 test_top1: 8.330 test_loss 0.48846 
e: 92 loss: 0.01626 train_err: 0.546 test_top1: 8.170 test_loss 0.45914 
e: 93 loss: 0.01337 train_err: 0.484 test_top1: 8.340 test_loss 0.47891 
e: 94 loss: 0.01759 train_err: 0.630 test_top1: 8.480 test_loss 0.47103 
e: 95 loss: 0.01667 train_err: 0.560 test_top1: 8.380 test_loss 0.48065 
e: 96 loss: 0.01628 train_err: 0.572 test_top1: 8.510 test_loss 0.48326 
e: 97 loss: 0.01400 train_err: 0.488 test_top1: 8.880 test_loss 0.50322 
e: 98 loss: 0.01375 train_err: 0.458 test_top1: 8.030 test_loss 0.45933 
e: 99 loss: 0.01228 train_err: 0.398 test_top1: 8.170 test_loss 0.48544 
e: 100 loss: 0.01600 train_err: 0.508 test_top1: 8.340 test_loss 0.46789 
e: 101 loss: 0.01460 train_err: 0.502 test_top1: 8.760 test_loss 0.50830 
e: 102 loss: 0.01300 train_err: 0.458 test_top1: 8.190 test_loss 0.47656 
e: 103 loss: 0.01348 train_err: 0.480 test_top1: 8.220 test_loss 0.47291 
e: 104 loss: 0.01400 train_err: 0.488 test_top1: 8.360 test_loss 0.48680 
e: 105 loss: 0.01404 train_err: 0.496 test_top1: 7.900 test_loss 0.48521 
e: 106 loss: 0.01083 train_err: 0.352 test_top1: 7.880 test_loss 0.47993 
e: 107 loss: 0.01175 train_err: 0.406 test_top1: 8.640 test_loss 0.53090 
e: 108 loss: 0.01243 train_err: 0.424 test_top1: 8.460 test_loss 0.50749 
e: 109 loss: 0.01405 train_err: 0.528 test_top1: 8.890 test_loss 0.51948 
e: 110 loss: 0.01366 train_err: 0.490 test_top1: 8.220 test_loss 0.49169 
e: 111 loss: 0.01058 train_err: 0.358 test_top1: 8.500 test_loss 0.50538 
e: 112 loss: 0.00934 train_err: 0.316 test_top1: 8.240 test_loss 0.49790 
e: 113 loss: 0.00914 train_err: 0.328 test_top1: 8.460 test_loss 0.52477 
e: 114 loss: 0.01068 train_err: 0.392 test_top1: 8.770 test_loss 0.50430 
e: 115 loss: 0.01280 train_err: 0.450 test_top1: 8.450 test_loss 0.49817 
e: 116 loss: 0.01060 train_err: 0.356 test_top1: 8.760 test_loss 0.53058 
e: 117 loss: 0.01257 train_err: 0.430 test_top1: 8.390 test_loss 0.50974 
e: 118 loss: 0.01230 train_err: 0.402 test_top1: 8.710 test_loss 0.52737 
e: 119 loss: 0.01033 train_err: 0.384 test_top1: 8.640 test_loss 0.52470 
e: 120 loss: 0.00964 train_err: 0.316 test_top1: 8.240 test_loss 0.50408 
e: 121 loss: 0.01037 train_err: 0.364 test_top1: 9.180 test_loss 0.59651 
e: 122 loss: 0.01262 train_err: 0.458 test_top1: 9.010 test_loss 0.52974 
e: 123 loss: 0.01209 train_err: 0.394 test_top1: 8.430 test_loss 0.50967 
e: 124 loss: 0.01008 train_err: 0.338 test_top1: 8.470 test_loss 0.50839 
e: 125 loss: 0.01005 train_err: 0.348 test_top1: 8.310 test_loss 0.50279 
e: 126 loss: 0.00923 train_err: 0.326 test_top1: 8.450 test_loss 0.52331 
e: 127 loss: 0.01096 train_err: 0.388 test_top1: 8.330 test_loss 0.51903 
e: 128 loss: 0.01239 train_err: 0.398 test_top1: 8.230 test_loss 0.48930 
e: 129 loss: 0.00937 train_err: 0.320 test_top1: 8.450 test_loss 0.52480 
e: 130 loss: 0.00981 train_err: 0.332 test_top1: 8.250 test_loss 0.50686 
e: 131 loss: 0.01123 train_err: 0.374 test_top1: 8.080 test_loss 0.48518 
e: 132 loss: 0.01062 train_err: 0.368 test_top1: 8.400 test_loss 0.51647 
e: 133 loss: 0.00816 train_err: 0.284 test_top1: 8.180 test_loss 0.48204 
e: 134 loss: 0.00800 train_err: 0.268 test_top1: 7.970 test_loss 0.48082 
e: 135 loss: 0.00770 train_err: 0.246 test_top1: 8.420 test_loss 0.50593 
e: 136 loss: 0.00682 train_err: 0.222 test_top1: 8.190 test_loss 0.50833 
e: 137 loss: 0.00725 train_err: 0.240 test_top1: 8.190 test_loss 0.50534 
e: 138 loss: 0.00773 train_err: 0.242 test_top1: 8.050 test_loss 0.52385 
e: 139 loss: 0.00821 train_err: 0.278 test_top1: 8.040 test_loss 0.52822 
e: 140 loss: 0.00779 train_err: 0.278 test_top1: 8.240 test_loss 0.51775 
e: 141 loss: 0.00891 train_err: 0.304 test_top1: 8.190 test_loss 0.49645 
e: 142 loss: 0.00840 train_err: 0.280 test_top1: 8.250 test_loss 0.52652 
e: 143 loss: 0.00871 train_err: 0.318 test_top1: 8.130 test_loss 0.52878 
e: 144 loss: 0.00963 train_err: 0.310 test_top1: 8.170 test_loss 0.50552 
e: 145 loss: 0.01012 train_err: 0.350 test_top1: 8.230 test_loss 0.53538 
e: 146 loss: 0.01061 train_err: 0.330 test_top1: 7.990 test_loss 0.51781 
e: 147 loss: 0.00994 train_err: 0.360 test_top1: 8.230 test_loss 0.51962 
e: 148 loss: 0.00861 train_err: 0.278 test_top1: 8.290 test_loss 0.51575 
e: 149 loss: 0.00971 train_err: 0.350 test_top1: 8.170 test_loss 0.52576 
e: 150 loss: 0.00817 train_err: 0.270 test_top1: 8.010 test_loss 0.50244 
e: 151 loss: 0.00473 train_err: 0.162 test_top1: 7.890 test_loss 0.48002 
e: 152 loss: 0.00403 train_err: 0.138 test_top1: 7.570 test_loss 0.47050 
e: 153 loss: 0.00291 train_err: 0.100 test_top1: 7.590 test_loss 0.47010 
e: 154 loss: 0.00266 train_err: 0.086 test_top1: 7.560 test_loss 0.46679 
e: 155 loss: 0.00303 train_err: 0.102 test_top1: 7.510 test_loss 0.46136 
e: 156 loss: 0.00270 train_err: 0.092 test_top1: 7.440 test_loss 0.45871 
e: 157 loss: 0.00211 train_err: 0.050 test_top1: 7.640 test_loss 0.47037 
e: 158 loss: 0.00214 train_err: 0.058 test_top1: 7.510 test_loss 0.46395 
e: 159 loss: 0.00173 train_err: 0.048 test_top1: 7.400 test_loss 0.46501 
e: 160 loss: 0.00213 train_err: 0.058 test_top1: 7.530 test_loss 0.46286 
e: 161 loss: 0.00185 train_err: 0.052 test_top1: 7.540 test_loss 0.46623 
e: 162 loss: 0.00188 train_err: 0.062 test_top1: 7.460 test_loss 0.46287 
e: 163 loss: 0.00195 train_err: 0.062 test_top1: 7.470 test_loss 0.46094 
e: 164 loss: 0.00149 train_err: 0.042 test_top1: 7.570 test_loss 0.46306 
e: 165 loss: 0.00184 train_err: 0.050 test_top1: 7.550 test_loss 0.46581 
e: 166 loss: 0.00181 train_err: 0.062 test_top1: 7.450 test_loss 0.46200 
e: 167 loss: 0.00155 train_err: 0.048 test_top1: 7.470 test_loss 0.46562 
e: 168 loss: 0.00129 train_err: 0.032 test_top1: 7.450 test_loss 0.46371 
e: 169 loss: 0.00155 train_err: 0.050 test_top1: 7.460 test_loss 0.46984 
e: 170 loss: 0.00178 train_err: 0.050 test_top1: 7.420 test_loss 0.46890 
e: 171 loss: 0.00160 train_err: 0.052 test_top1: 7.380 test_loss 0.46082 
e: 172 loss: 0.00124 train_err: 0.032 test_top1: 7.370 test_loss 0.46397 
e: 173 loss: 0.00113 train_err: 0.030 test_top1: 7.380 test_loss 0.46667 
e: 174 loss: 0.00115 train_err: 0.030 test_top1: 7.490 test_loss 0.46338 
e: 175 loss: 0.00136 train_err: 0.046 test_top1: 7.310 test_loss 0.46997 
e: 176 loss: 0.00160 train_err: 0.050 test_top1: 7.410 test_loss 0.45893 
e: 177 loss: 0.00141 train_err: 0.040 test_top1: 7.330 test_loss 0.46346 
e: 178 loss: 0.00111 train_err: 0.026 test_top1: 7.300 test_loss 0.46346 
e: 179 loss: 0.00120 train_err: 0.032 test_top1: 7.390 test_loss 0.46257 
e: 180 loss: 0.00162 train_err: 0.056 test_top1: 7.350 test_loss 0.46449 
e: 181 loss: 0.00147 train_err: 0.042 test_top1: 7.390 test_loss 0.46086 
e: 182 loss: 0.00099 train_err: 0.020 test_top1: 7.340 test_loss 0.46260 
e: 183 loss: 0.00088 train_err: 0.016 test_top1: 7.360 test_loss 0.46223 
e: 184 loss: 0.00111 train_err: 0.034 test_top1: 7.380 test_loss 0.46535 
e: 185 loss: 0.00140 train_err: 0.052 test_top1: 7.490 test_loss 0.46452 
e: 186 loss: 0.00084 train_err: 0.020 test_top1: 7.380 test_loss 0.46757 
e: 187 loss: 0.00103 train_err: 0.026 test_top1: 7.440 test_loss 0.46444 
e: 188 loss: 0.00100 train_err: 0.032 test_top1: 7.340 test_loss 0.46568 
e: 189 loss: 0.00104 train_err: 0.030 test_top1: 7.440 test_loss 0.46675 
e: 190 loss: 0.00097 train_err: 0.022 test_top1: 7.370 test_loss 0.46487 
e: 191 loss: 0.00095 train_err: 0.024 test_top1: 7.360 test_loss 0.46866 
e: 192 loss: 0.00091 train_err: 0.024 test_top1: 7.470 test_loss 0.47082 
e: 193 loss: 0.00087 train_err: 0.020 test_top1: 7.340 test_loss 0.46546 
e: 194 loss: 0.00106 train_err: 0.038 test_top1: 7.280 test_loss 0.46568 
e: 195 loss: 0.00115 train_err: 0.038 test_top1: 7.260 test_loss 0.46623 
e: 196 loss: 0.00095 train_err: 0.020 test_top1: 7.260 test_loss 0.46144 
e: 197 loss: 0.00112 train_err: 0.028 test_top1: 7.360 test_loss 0.46836 
e: 198 loss: 0.00083 train_err: 0.020 test_top1: 7.390 test_loss 0.46436 
e: 199 loss: 0.00085 train_err: 0.024 test_top1: 7.490 test_loss 0.47214 
e: 200 loss: 0.00112 train_err: 0.036 test_top1: 7.370 test_loss 0.46957 
e: 201 loss: 0.00099 train_err: 0.024 test_top1: 7.420 test_loss 0.46936 
e: 202 loss: 0.00082 train_err: 0.022 test_top1: 7.410 test_loss 0.46195 
e: 203 loss: 0.00075 train_err: 0.022 test_top1: 7.340 test_loss 0.47016 
e: 204 loss: 0.00100 train_err: 0.024 test_top1: 7.400 test_loss 0.47255 
e: 205 loss: 0.00071 train_err: 0.018 test_top1: 7.370 test_loss 0.47192 
e: 206 loss: 0.00073 train_err: 0.018 test_top1: 7.420 test_loss 0.47400 
e: 207 loss: 0.00082 train_err: 0.016 test_top1: 7.430 test_loss 0.46935 
e: 208 loss: 0.00073 train_err: 0.022 test_top1: 7.400 test_loss 0.47247 
e: 209 loss: 0.00077 train_err: 0.014 test_top1: 7.360 test_loss 0.47117 
e: 210 loss: 0.00066 train_err: 0.016 test_top1: 7.290 test_loss 0.46876 
e: 211 loss: 0.00072 train_err: 0.016 test_top1: 7.360 test_loss 0.47197 
e: 212 loss: 0.00085 train_err: 0.022 test_top1: 7.320 test_loss 0.46981 
e: 213 loss: 0.00062 train_err: 0.014 test_top1: 7.420 test_loss 0.47227 
e: 214 loss: 0.00061 train_err: 0.012 test_top1: 7.380 test_loss 0.46956 
e: 215 loss: 0.00051 train_err: 0.006 test_top1: 7.440 test_loss 0.47618 
e: 216 loss: 0.00073 train_err: 0.016 test_top1: 7.360 test_loss 0.47188 
e: 217 loss: 0.00056 train_err: 0.014 test_top1: 7.330 test_loss 0.47213 
e: 218 loss: 0.00078 train_err: 0.024 test_top1: 7.360 test_loss 0.47143 
e: 219 loss: 0.00061 train_err: 0.014 test_top1: 7.250 test_loss 0.47034 
e: 220 loss: 0.00068 train_err: 0.016 test_top1: 7.340 test_loss 0.46925 
e: 221 loss: 0.00071 train_err: 0.024 test_top1: 7.360 test_loss 0.46963 
e: 222 loss: 0.00071 train_err: 0.016 test_top1: 7.390 test_loss 0.47202 
e: 223 loss: 0.00065 train_err: 0.014 test_top1: 7.490 test_loss 0.47296 
e: 224 loss: 0.00087 train_err: 0.020 test_top1: 7.360 test_loss 0.47776 
e: 225 loss: 0.00077 train_err: 0.022 test_top1: 7.530 test_loss 0.47409 
e: 226 loss: 0.00067 train_err: 0.018 test_top1: 7.500 test_loss 0.47528 
e: 227 loss: 0.00047 train_err: 0.006 test_top1: 7.340 test_loss 0.47498 
e: 228 loss: 0.00066 train_err: 0.016 test_top1: 7.420 test_loss 0.47435 
e: 229 loss: 0.00077 train_err: 0.024 test_top1: 7.370 test_loss 0.47366 
e: 230 loss: 0.00062 train_err: 0.016 test_top1: 7.350 test_loss 0.47412 
e: 231 loss: 0.00090 train_err: 0.024 test_top1: 7.380 test_loss 0.47781 
e: 232 loss: 0.00070 train_err: 0.016 test_top1: 7.290 test_loss 0.47676 
e: 233 loss: 0.00050 train_err: 0.010 test_top1: 7.370 test_loss 0.47366 
e: 234 loss: 0.00083 train_err: 0.032 test_top1: 7.330 test_loss 0.47885 
e: 235 loss: 0.00074 train_err: 0.020 test_top1: 7.400 test_loss 0.47383 
e: 236 loss: 0.00057 train_err: 0.010 test_top1: 7.390 test_loss 0.47714 
e: 237 loss: 0.00073 train_err: 0.016 test_top1: 7.400 test_loss 0.47680 
e: 238 loss: 0.00057 train_err: 0.006 test_top1: 7.350 test_loss 0.47915 
e: 239 loss: 0.00063 train_err: 0.014 test_top1: 7.430 test_loss 0.47553 
e: 240 loss: 0.00060 train_err: 0.012 test_top1: 7.460 test_loss 0.47400 
e: 241 loss: 0.00067 train_err: 0.018 test_top1: 7.440 test_loss 0.47449 
e: 242 loss: 0.00062 train_err: 0.014 test_top1: 7.410 test_loss 0.47830 
e: 243 loss: 0.00067 train_err: 0.018 test_top1: 7.390 test_loss 0.47682 
e: 244 loss: 0.00062 train_err: 0.014 test_top1: 7.320 test_loss 0.47411 
e: 245 loss: 0.00085 train_err: 0.028 test_top1: 7.380 test_loss 0.47472 
e: 246 loss: 0.00070 train_err: 0.014 test_top1: 7.330 test_loss 0.47331 
e: 247 loss: 0.00065 train_err: 0.012 test_top1: 7.480 test_loss 0.47581 
e: 248 loss: 0.00068 train_err: 0.016 test_top1: 7.440 test_loss 0.47290 
e: 249 loss: 0.00074 train_err: 0.020 test_top1: 7.290 test_loss 0.47076 
e: 250 loss: 0.00062 train_err: 0.014 test_top1: 7.440 test_loss 0.47770 
e: 251 loss: 0.00055 train_err: 0.010 test_top1: 7.400 test_loss 0.47688 
e: 252 loss: 0.00066 train_err: 0.016 test_top1: 7.430 test_loss 0.47425 
e: 253 loss: 0.00069 train_err: 0.020 test_top1: 7.460 test_loss 0.47506 
e: 254 loss: 0.00049 train_err: 0.006 test_top1: 7.400 test_loss 0.47492 
e: 255 loss: 0.00075 train_err: 0.026 test_top1: 7.530 test_loss 0.47546 
e: 256 loss: 0.00062 train_err: 0.012 test_top1: 7.430 test_loss 0.47848 
e: 257 loss: 0.00059 train_err: 0.012 test_top1: 7.420 test_loss 0.47648 
e: 258 loss: 0.00055 train_err: 0.010 test_top1: 7.450 test_loss 0.47903 
e: 259 loss: 0.00065 train_err: 0.018 test_top1: 7.460 test_loss 0.47693 
e: 260 loss: 0.00048 train_err: 0.010 test_top1: 7.390 test_loss 0.47583 
e: 261 loss: 0.00062 train_err: 0.014 test_top1: 7.280 test_loss 0.47344 
e: 262 loss: 0.00060 train_err: 0.014 test_top1: 7.330 test_loss 0.47284 
e: 263 loss: 0.00056 train_err: 0.010 test_top1: 7.440 test_loss 0.47992 
e: 264 loss: 0.00077 train_err: 0.020 test_top1: 7.440 test_loss 0.47455 
e: 265 loss: 0.00058 train_err: 0.010 test_top1: 7.420 test_loss 0.47738 
e: 266 loss: 0.00055 train_err: 0.018 test_top1: 7.400 test_loss 0.47986 
e: 267 loss: 0.00058 train_err: 0.016 test_top1: 7.370 test_loss 0.47533 
e: 268 loss: 0.00068 train_err: 0.014 test_top1: 7.390 test_loss 0.47418 
e: 269 loss: 0.00057 train_err: 0.008 test_top1: 7.310 test_loss 0.47500 
e: 270 loss: 0.00072 train_err: 0.022 test_top1: 7.450 test_loss 0.47457 
e: 271 loss: 0.00051 train_err: 0.004 test_top1: 7.450 test_loss 0.47312 
e: 272 loss: 0.00085 train_err: 0.018 test_top1: 7.370 test_loss 0.47570 
e: 273 loss: 0.00067 train_err: 0.014 test_top1: 7.350 test_loss 0.47582 
e: 274 loss: 0.00064 train_err: 0.018 test_top1: 7.400 test_loss 0.48222 
e: 275 loss: 0.00064 train_err: 0.016 test_top1: 7.390 test_loss 0.47341 
e: 276 loss: 0.00068 train_err: 0.012 test_top1: 7.420 test_loss 0.47382 
e: 277 loss: 0.00051 train_err: 0.008 test_top1: 7.370 test_loss 0.47651 
e: 278 loss: 0.00073 train_err: 0.012 test_top1: 7.340 test_loss 0.47569 
e: 279 loss: 0.00057 train_err: 0.016 test_top1: 7.410 test_loss 0.47481 
e: 280 loss: 0.00059 train_err: 0.010 test_top1: 7.360 test_loss 0.47756 
e: 281 loss: 0.00065 train_err: 0.016 test_top1: 7.290 test_loss 0.47071 
e: 282 loss: 0.00056 train_err: 0.010 test_top1: 7.400 test_loss 0.47444 
e: 283 loss: 0.00071 train_err: 0.016 test_top1: 7.340 test_loss 0.47386 
e: 284 loss: 0.00054 train_err: 0.004 test_top1: 7.340 test_loss 0.47700 
e: 285 loss: 0.00062 train_err: 0.016 test_top1: 7.400 test_loss 0.47199 
e: 286 loss: 0.00056 train_err: 0.012 test_top1: 7.420 test_loss 0.47454 
e: 287 loss: 0.00049 train_err: 0.008 test_top1: 7.360 test_loss 0.47167 
e: 288 loss: 0.00062 train_err: 0.014 test_top1: 7.440 test_loss 0.47302 
e: 289 loss: 0.00071 train_err: 0.016 test_top1: 7.320 test_loss 0.47217 
e: 290 loss: 0.00060 train_err: 0.018 test_top1: 7.420 test_loss 0.47895 
e: 291 loss: 0.00060 train_err: 0.010 test_top1: 7.380 test_loss 0.47463 
e: 292 loss: 0.00051 train_err: 0.012 test_top1: 7.410 test_loss 0.47895 
e: 293 loss: 0.00051 train_err: 0.006 test_top1: 7.320 test_loss 0.47768 
e: 294 loss: 0.00062 train_err: 0.014 test_top1: 7.440 test_loss 0.47429 
e: 295 loss: 0.00049 train_err: 0.010 test_top1: 7.400 test_loss 0.47991 
e: 296 loss: 0.00051 train_err: 0.010 test_top1: 7.480 test_loss 0.47672 
e: 297 loss: 0.00049 train_err: 0.012 test_top1: 7.410 test_loss 0.47190 
e: 298 loss: 0.00056 train_err: 0.012 test_top1: 7.460 test_loss 0.47444 
e: 299 loss: 0.00056 train_err: 0.014 test_top1: 7.310 test_loss 0.47162 
e: 300 loss: 0.00061 train_err: 0.010 test_top1: 7.370 test_loss 0.47651 
