e: 0 loss: -1.00000 train_err: -1.000 test_top1: 90.060 test_loss 2.30259 
e: 1 loss: 2.24157 train_err: 73.638 test_top1: 67.060 test_loss 2.12869 
e: 2 loss: 2.02411 train_err: 65.316 test_top1: 75.100 test_loss 1.98008 
e: 3 loss: 1.81324 train_err: 58.326 test_top1: 59.220 test_loss 1.75711 
e: 4 loss: 1.63680 train_err: 55.842 test_top1: 57.470 test_loss 1.60257 
e: 5 loss: 1.48648 train_err: 52.054 test_top1: 53.630 test_loss 1.64482 
e: 6 loss: 1.36439 train_err: 46.928 test_top1: 52.820 test_loss 1.55661 
e: 7 loss: 1.24384 train_err: 41.286 test_top1: 56.960 test_loss 1.57253 
e: 8 loss: 1.13856 train_err: 37.364 test_top1: 44.890 test_loss 1.30135 
e: 9 loss: 1.03480 train_err: 34.014 test_top1: 38.850 test_loss 1.11787 
e: 10 loss: 0.93953 train_err: 31.370 test_top1: 40.300 test_loss 1.12123 
e: 11 loss: 0.86898 train_err: 29.164 test_top1: 33.180 test_loss 0.96825 
e: 12 loss: 0.80374 train_err: 27.086 test_top1: 30.350 test_loss 0.87263 
e: 13 loss: 0.75499 train_err: 25.446 test_top1: 33.920 test_loss 0.96048 
e: 14 loss: 0.70049 train_err: 23.658 test_top1: 27.390 test_loss 0.81157 
e: 15 loss: 0.66701 train_err: 22.466 test_top1: 26.700 test_loss 0.77237 
e: 16 loss: 0.63020 train_err: 21.298 test_top1: 30.850 test_loss 0.89817 
e: 17 loss: 0.59262 train_err: 20.160 test_top1: 30.360 test_loss 0.85061 
e: 18 loss: 0.57249 train_err: 19.448 test_top1: 26.380 test_loss 0.78769 
e: 19 loss: 0.55684 train_err: 18.892 test_top1: 23.570 test_loss 0.69705 
e: 20 loss: 0.52752 train_err: 17.996 test_top1: 23.890 test_loss 0.68430 
e: 21 loss: 0.49718 train_err: 16.584 test_top1: 20.510 test_loss 0.60708 
e: 22 loss: 0.48575 train_err: 16.468 test_top1: 25.910 test_loss 0.76381 
e: 23 loss: 0.46176 train_err: 15.520 test_top1: 29.850 test_loss 0.85840 
e: 24 loss: 0.44474 train_err: 15.106 test_top1: 21.800 test_loss 0.63088 
e: 25 loss: 0.42837 train_err: 14.654 test_top1: 21.530 test_loss 0.63340 
e: 26 loss: 0.42033 train_err: 14.292 test_top1: 20.030 test_loss 0.59693 
e: 27 loss: 0.39597 train_err: 13.208 test_top1: 20.970 test_loss 0.62844 
e: 28 loss: 0.38495 train_err: 12.966 test_top1: 18.610 test_loss 0.55799 
e: 29 loss: 0.37691 train_err: 12.738 test_top1: 21.280 test_loss 0.62002 
e: 30 loss: 0.36074 train_err: 12.182 test_top1: 18.360 test_loss 0.54249 
e: 31 loss: 0.35859 train_err: 12.094 test_top1: 17.980 test_loss 0.55568 
e: 32 loss: 0.34011 train_err: 11.430 test_top1: 21.300 test_loss 0.64050 
e: 33 loss: 0.34150 train_err: 11.664 test_top1: 19.550 test_loss 0.60163 
e: 34 loss: 0.33028 train_err: 11.188 test_top1: 19.530 test_loss 0.57864 
e: 35 loss: 0.31645 train_err: 10.652 test_top1: 20.120 test_loss 0.60444 
e: 36 loss: 0.30340 train_err: 10.266 test_top1: 16.570 test_loss 0.49105 
e: 37 loss: 0.29134 train_err: 9.996 test_top1: 22.650 test_loss 0.71778 
e: 38 loss: 0.29424 train_err: 9.912 test_top1: 18.340 test_loss 0.55288 
e: 39 loss: 0.28522 train_err: 9.600 test_top1: 16.050 test_loss 0.48127 
e: 40 loss: 0.27209 train_err: 9.176 test_top1: 19.310 test_loss 0.60009 
e: 41 loss: 0.26157 train_err: 8.710 test_top1: 18.480 test_loss 0.56052 
e: 42 loss: 0.25581 train_err: 8.680 test_top1: 19.030 test_loss 0.57535 
e: 43 loss: 0.24718 train_err: 8.414 test_top1: 15.560 test_loss 0.46002 
e: 44 loss: 0.24258 train_err: 8.136 test_top1: 17.290 test_loss 0.54155 
e: 45 loss: 0.23082 train_err: 7.604 test_top1: 17.790 test_loss 0.55009 
e: 46 loss: 0.22128 train_err: 7.448 test_top1: 18.340 test_loss 0.56190 
e: 47 loss: 0.22639 train_err: 7.656 test_top1: 16.760 test_loss 0.53072 
e: 48 loss: 0.22080 train_err: 7.512 test_top1: 21.980 test_loss 0.75391 
e: 49 loss: 0.21910 train_err: 7.466 test_top1: 18.090 test_loss 0.59062 
e: 50 loss: 0.21454 train_err: 7.242 test_top1: 17.110 test_loss 0.55261 
e: 51 loss: 0.20537 train_err: 6.976 test_top1: 16.270 test_loss 0.50919 
e: 52 loss: 0.20283 train_err: 6.790 test_top1: 17.790 test_loss 0.55390 
e: 53 loss: 0.19623 train_err: 6.696 test_top1: 16.660 test_loss 0.52927 
e: 54 loss: 0.19474 train_err: 6.588 test_top1: 18.260 test_loss 0.60636 
e: 55 loss: 0.18638 train_err: 6.310 test_top1: 18.410 test_loss 0.59085 
e: 56 loss: 0.18349 train_err: 6.172 test_top1: 17.270 test_loss 0.52416 
e: 57 loss: 0.17494 train_err: 5.890 test_top1: 21.430 test_loss 0.73901 
e: 58 loss: 0.17591 train_err: 5.824 test_top1: 15.620 test_loss 0.52181 
e: 59 loss: 0.16602 train_err: 5.590 test_top1: 16.130 test_loss 0.53671 
e: 60 loss: 0.16347 train_err: 5.550 test_top1: 16.810 test_loss 0.56226 
e: 61 loss: 0.16590 train_err: 5.712 test_top1: 17.840 test_loss 0.60098 
e: 62 loss: 0.16417 train_err: 5.594 test_top1: 16.760 test_loss 0.55910 
e: 63 loss: 0.16625 train_err: 5.664 test_top1: 16.070 test_loss 0.54743 
e: 64 loss: 0.15610 train_err: 5.148 test_top1: 19.320 test_loss 0.64514 
e: 65 loss: 0.15287 train_err: 5.086 test_top1: 15.630 test_loss 0.52855 
e: 66 loss: 0.14414 train_err: 4.822 test_top1: 16.470 test_loss 0.54609 
e: 67 loss: 0.14058 train_err: 4.728 test_top1: 15.540 test_loss 0.53244 
e: 68 loss: 0.13459 train_err: 4.512 test_top1: 16.200 test_loss 0.52731 
e: 69 loss: 0.14503 train_err: 5.008 test_top1: 17.900 test_loss 0.62487 
e: 70 loss: 0.13881 train_err: 4.732 test_top1: 16.320 test_loss 0.53970 
e: 71 loss: 0.13825 train_err: 4.656 test_top1: 16.440 test_loss 0.55400 
e: 72 loss: 0.13140 train_err: 4.412 test_top1: 17.220 test_loss 0.62350 
e: 73 loss: 0.12815 train_err: 4.344 test_top1: 16.300 test_loss 0.53411 
e: 74 loss: 0.12141 train_err: 4.128 test_top1: 14.610 test_loss 0.49203 
e: 75 loss: 0.12028 train_err: 3.994 test_top1: 16.890 test_loss 0.59423 
e: 76 loss: 0.11516 train_err: 3.904 test_top1: 15.980 test_loss 0.59899 
e: 77 loss: 0.11331 train_err: 3.786 test_top1: 15.460 test_loss 0.52357 
e: 78 loss: 0.12042 train_err: 4.120 test_top1: 14.830 test_loss 0.52207 
e: 79 loss: 0.10731 train_err: 3.586 test_top1: 16.040 test_loss 0.55360 
e: 80 loss: 0.10326 train_err: 3.376 test_top1: 14.750 test_loss 0.47885 
e: 81 loss: 0.09932 train_err: 3.328 test_top1: 17.140 test_loss 0.63760 
e: 82 loss: 0.10372 train_err: 3.448 test_top1: 16.410 test_loss 0.62070 
e: 83 loss: 0.09740 train_err: 3.240 test_top1: 16.990 test_loss 0.61037 
e: 84 loss: 0.10122 train_err: 3.330 test_top1: 15.520 test_loss 0.55503 
e: 85 loss: 0.10080 train_err: 3.270 test_top1: 18.070 test_loss 0.67313 
e: 86 loss: 0.09929 train_err: 3.266 test_top1: 16.710 test_loss 0.62684 
e: 87 loss: 0.10215 train_err: 3.402 test_top1: 17.730 test_loss 0.66095 
e: 88 loss: 0.09986 train_err: 3.296 test_top1: 17.670 test_loss 0.69282 
e: 89 loss: 0.09655 train_err: 3.174 test_top1: 16.780 test_loss 0.64789 
e: 90 loss: 0.09082 train_err: 3.054 test_top1: 16.650 test_loss 0.62983 
e: 91 loss: 0.08476 train_err: 2.730 test_top1: 15.390 test_loss 0.57552 
e: 92 loss: 0.08966 train_err: 2.980 test_top1: 14.830 test_loss 0.54180 
e: 93 loss: 0.08565 train_err: 2.840 test_top1: 15.310 test_loss 0.58613 
e: 94 loss: 0.08218 train_err: 2.630 test_top1: 14.290 test_loss 0.52960 
e: 95 loss: 0.08384 train_err: 2.812 test_top1: 14.580 test_loss 0.50805 
e: 96 loss: 0.08551 train_err: 2.904 test_top1: 14.650 test_loss 0.55679 
e: 97 loss: 0.08911 train_err: 2.990 test_top1: 14.510 test_loss 0.55009 
e: 98 loss: 0.08503 train_err: 2.876 test_top1: 13.940 test_loss 0.51541 
e: 99 loss: 0.07757 train_err: 2.498 test_top1: 18.380 test_loss 0.77883 
e: 100 loss: 0.08011 train_err: 2.626 test_top1: 14.680 test_loss 0.57603 
e: 101 loss: 0.07640 train_err: 2.450 test_top1: 16.760 test_loss 0.64489 
e: 102 loss: 0.06913 train_err: 2.228 test_top1: 13.110 test_loss 0.44777 
e: 103 loss: 0.06606 train_err: 2.142 test_top1: 14.180 test_loss 0.51759 
e: 104 loss: 0.06789 train_err: 2.226 test_top1: 15.030 test_loss 0.57571 
e: 105 loss: 0.06587 train_err: 2.168 test_top1: 14.960 test_loss 0.58362 
e: 106 loss: 0.07133 train_err: 2.276 test_top1: 15.510 test_loss 0.58534 
e: 107 loss: 0.07394 train_err: 2.438 test_top1: 13.230 test_loss 0.48590 
e: 108 loss: 0.07814 train_err: 2.562 test_top1: 14.540 test_loss 0.58910 
e: 109 loss: 0.08343 train_err: 2.784 test_top1: 29.570 test_loss 1.55093 
e: 110 loss: 0.08787 train_err: 3.018 test_top1: 14.530 test_loss 0.56086 
e: 111 loss: 0.08390 train_err: 2.786 test_top1: 14.160 test_loss 0.54219 
e: 112 loss: 0.08020 train_err: 2.668 test_top1: 14.540 test_loss 0.56438 
e: 113 loss: 0.08198 train_err: 2.814 test_top1: 16.100 test_loss 0.64601 
e: 114 loss: 0.08015 train_err: 2.684 test_top1: 16.700 test_loss 0.66788 
e: 115 loss: 0.07570 train_err: 2.492 test_top1: 16.940 test_loss 0.66015 
e: 116 loss: 0.07575 train_err: 2.494 test_top1: 14.600 test_loss 0.56038 
e: 117 loss: 0.09684 train_err: 3.240 test_top1: 15.610 test_loss 0.59547 
e: 118 loss: 0.09241 train_err: 3.152 test_top1: 15.100 test_loss 0.59568 
e: 119 loss: 0.08983 train_err: 3.068 test_top1: 16.350 test_loss 0.64426 
e: 120 loss: 0.09291 train_err: 3.206 test_top1: 13.550 test_loss 0.50671 
e: 121 loss: 0.08401 train_err: 2.762 test_top1: 16.450 test_loss 0.65138 
e: 122 loss: 0.07628 train_err: 2.508 test_top1: 14.480 test_loss 0.54934 
e: 123 loss: 0.06936 train_err: 2.236 test_top1: 14.770 test_loss 0.54520 
e: 124 loss: 0.06565 train_err: 2.140 test_top1: 14.130 test_loss 0.56132 
e: 125 loss: 0.06139 train_err: 1.940 test_top1: 12.710 test_loss 0.46688 
e: 126 loss: 0.05871 train_err: 1.890 test_top1: 17.210 test_loss 0.74498 
e: 127 loss: 0.06406 train_err: 2.112 test_top1: 14.640 test_loss 0.57093 
e: 128 loss: 0.06628 train_err: 2.166 test_top1: 15.120 test_loss 0.59634 
e: 129 loss: 0.06539 train_err: 2.162 test_top1: 13.540 test_loss 0.50182 
e: 130 loss: 0.06868 train_err: 2.234 test_top1: 15.080 test_loss 0.59046 
e: 131 loss: 0.06562 train_err: 2.076 test_top1: 15.390 test_loss 0.63041 
e: 132 loss: 0.06499 train_err: 2.100 test_top1: 13.940 test_loss 0.55799 
e: 133 loss: 0.06712 train_err: 2.208 test_top1: 14.580 test_loss 0.54864 
e: 134 loss: 0.06782 train_err: 2.310 test_top1: 20.480 test_loss 0.87145 
e: 135 loss: 0.07134 train_err: 2.360 test_top1: 16.000 test_loss 0.64590 
e: 136 loss: 0.06988 train_err: 2.350 test_top1: 16.060 test_loss 0.65754 
e: 137 loss: 0.06452 train_err: 2.192 test_top1: 13.030 test_loss 0.48971 
e: 138 loss: 0.06040 train_err: 1.888 test_top1: 15.010 test_loss 0.58648 
e: 139 loss: 0.05975 train_err: 1.960 test_top1: 16.510 test_loss 0.67764 
e: 140 loss: 0.05914 train_err: 1.940 test_top1: 16.040 test_loss 0.68441 
e: 141 loss: 0.05945 train_err: 1.860 test_top1: 14.900 test_loss 0.59971 
e: 142 loss: 0.05475 train_err: 1.744 test_top1: 13.190 test_loss 0.50066 
e: 143 loss: 0.05024 train_err: 1.572 test_top1: 13.870 test_loss 0.51941 
e: 144 loss: 0.05262 train_err: 1.618 test_top1: 13.810 test_loss 0.55022 
e: 145 loss: 0.05459 train_err: 1.722 test_top1: 13.550 test_loss 0.55096 
e: 146 loss: 0.04844 train_err: 1.538 test_top1: 14.410 test_loss 0.54421 
e: 147 loss: 0.05293 train_err: 1.634 test_top1: 12.830 test_loss 0.49795 
e: 148 loss: 0.04750 train_err: 1.422 test_top1: 17.440 test_loss 0.76614 
e: 149 loss: 0.05092 train_err: 1.632 test_top1: 14.820 test_loss 0.62981 
e: 150 loss: 0.05714 train_err: 1.874 test_top1: 14.220 test_loss 0.55620 
e: 151 loss: 0.05254 train_err: 1.700 test_top1: 11.240 test_loss 0.42975 
e: 152 loss: 0.03209 train_err: 0.882 test_top1: 11.220 test_loss 0.43057 
e: 153 loss: 0.02516 train_err: 0.590 test_top1: 10.560 test_loss 0.39793 
e: 154 loss: 0.02169 train_err: 0.476 test_top1: 10.370 test_loss 0.38324 
e: 155 loss: 0.02011 train_err: 0.436 test_top1: 10.320 test_loss 0.38216 
e: 156 loss: 0.01732 train_err: 0.334 test_top1: 10.360 test_loss 0.38012 
e: 157 loss: 0.01526 train_err: 0.244 test_top1: 10.130 test_loss 0.37651 
e: 158 loss: 0.01426 train_err: 0.206 test_top1: 10.080 test_loss 0.37452 
e: 159 loss: 0.01347 train_err: 0.178 test_top1: 10.060 test_loss 0.37702 
e: 160 loss: 0.01353 train_err: 0.190 test_top1: 9.870 test_loss 0.37869 
e: 161 loss: 0.01287 train_err: 0.176 test_top1: 10.060 test_loss 0.37950 
e: 162 loss: 0.01183 train_err: 0.146 test_top1: 10.200 test_loss 0.37878 
e: 163 loss: 0.01154 train_err: 0.164 test_top1: 9.980 test_loss 0.37882 
e: 164 loss: 0.01189 train_err: 0.170 test_top1: 10.000 test_loss 0.37945 
e: 165 loss: 0.01136 train_err: 0.160 test_top1: 9.920 test_loss 0.38018 
e: 166 loss: 0.01071 train_err: 0.114 test_top1: 9.960 test_loss 0.37936 
e: 167 loss: 0.01037 train_err: 0.108 test_top1: 9.930 test_loss 0.37900 
e: 168 loss: 0.00996 train_err: 0.118 test_top1: 9.860 test_loss 0.37682 
e: 169 loss: 0.00967 train_err: 0.086 test_top1: 10.060 test_loss 0.37809 
e: 170 loss: 0.01018 train_err: 0.142 test_top1: 9.880 test_loss 0.37713 
e: 171 loss: 0.00953 train_err: 0.094 test_top1: 9.930 test_loss 0.37705 
e: 172 loss: 0.00901 train_err: 0.070 test_top1: 9.890 test_loss 0.37660 
e: 173 loss: 0.00890 train_err: 0.102 test_top1: 9.890 test_loss 0.37848 
e: 174 loss: 0.00962 train_err: 0.116 test_top1: 9.930 test_loss 0.37732 
e: 175 loss: 0.00880 train_err: 0.070 test_top1: 9.840 test_loss 0.37544 
e: 176 loss: 0.00866 train_err: 0.076 test_top1: 9.680 test_loss 0.37341 
e: 177 loss: 0.00842 train_err: 0.072 test_top1: 9.790 test_loss 0.37837 
e: 178 loss: 0.00808 train_err: 0.070 test_top1: 9.720 test_loss 0.37958 
e: 179 loss: 0.00823 train_err: 0.098 test_top1: 9.720 test_loss 0.37734 
e: 180 loss: 0.00781 train_err: 0.052 test_top1: 9.760 test_loss 0.37730 
e: 181 loss: 0.00757 train_err: 0.062 test_top1: 9.790 test_loss 0.37673 
e: 182 loss: 0.00748 train_err: 0.066 test_top1: 9.730 test_loss 0.37445 
e: 183 loss: 0.00729 train_err: 0.056 test_top1: 9.780 test_loss 0.37428 
e: 184 loss: 0.00728 train_err: 0.050 test_top1: 9.820 test_loss 0.37415 
e: 185 loss: 0.00724 train_err: 0.058 test_top1: 9.630 test_loss 0.37459 
e: 186 loss: 0.00709 train_err: 0.038 test_top1: 9.750 test_loss 0.37497 
e: 187 loss: 0.00698 train_err: 0.046 test_top1: 9.690 test_loss 0.37632 
e: 188 loss: 0.00688 train_err: 0.046 test_top1: 9.750 test_loss 0.37487 
e: 189 loss: 0.00655 train_err: 0.054 test_top1: 9.690 test_loss 0.37614 
e: 190 loss: 0.00671 train_err: 0.044 test_top1: 9.760 test_loss 0.37645 
e: 191 loss: 0.00641 train_err: 0.042 test_top1: 9.680 test_loss 0.37431 
e: 192 loss: 0.00682 train_err: 0.042 test_top1: 9.660 test_loss 0.37759 
e: 193 loss: 0.00697 train_err: 0.058 test_top1: 9.610 test_loss 0.37754 
e: 194 loss: 0.00641 train_err: 0.038 test_top1: 9.710 test_loss 0.37769 
e: 195 loss: 0.00692 train_err: 0.046 test_top1: 9.650 test_loss 0.37710 
e: 196 loss: 0.00638 train_err: 0.040 test_top1: 9.700 test_loss 0.37608 
e: 197 loss: 0.00605 train_err: 0.036 test_top1: 9.630 test_loss 0.37459 
e: 198 loss: 0.00621 train_err: 0.034 test_top1: 9.760 test_loss 0.37739 
e: 199 loss: 0.00590 train_err: 0.020 test_top1: 9.660 test_loss 0.37520 
e: 200 loss: 0.00590 train_err: 0.028 test_top1: 9.600 test_loss 0.37444 
e: 201 loss: 0.00622 train_err: 0.052 test_top1: 9.710 test_loss 0.37224 
e: 202 loss: 0.00571 train_err: 0.032 test_top1: 9.700 test_loss 0.37285 
e: 203 loss: 0.00563 train_err: 0.034 test_top1: 9.720 test_loss 0.37320 
e: 204 loss: 0.00574 train_err: 0.030 test_top1: 9.690 test_loss 0.37285 
e: 205 loss: 0.00568 train_err: 0.030 test_top1: 9.670 test_loss 0.37303 
e: 206 loss: 0.00569 train_err: 0.022 test_top1: 9.660 test_loss 0.37391 
e: 207 loss: 0.00571 train_err: 0.024 test_top1: 9.630 test_loss 0.37049 
e: 208 loss: 0.00572 train_err: 0.026 test_top1: 9.510 test_loss 0.37099 
e: 209 loss: 0.00558 train_err: 0.024 test_top1: 9.550 test_loss 0.37042 
e: 210 loss: 0.00545 train_err: 0.028 test_top1: 9.560 test_loss 0.37182 
e: 211 loss: 0.00555 train_err: 0.020 test_top1: 9.590 test_loss 0.37292 
e: 212 loss: 0.00551 train_err: 0.040 test_top1: 9.580 test_loss 0.37174 
e: 213 loss: 0.00527 train_err: 0.022 test_top1: 9.610 test_loss 0.37274 
e: 214 loss: 0.00523 train_err: 0.028 test_top1: 9.550 test_loss 0.37342 
e: 215 loss: 0.00520 train_err: 0.024 test_top1: 9.490 test_loss 0.37208 
e: 216 loss: 0.00498 train_err: 0.030 test_top1: 9.590 test_loss 0.37218 
e: 217 loss: 0.00492 train_err: 0.014 test_top1: 9.650 test_loss 0.37364 
e: 218 loss: 0.00508 train_err: 0.020 test_top1: 9.730 test_loss 0.37464 
e: 219 loss: 0.00497 train_err: 0.028 test_top1: 9.710 test_loss 0.37348 
e: 220 loss: 0.00513 train_err: 0.026 test_top1: 9.640 test_loss 0.37266 
e: 221 loss: 0.00489 train_err: 0.022 test_top1: 9.670 test_loss 0.37356 
e: 222 loss: 0.00477 train_err: 0.018 test_top1: 9.670 test_loss 0.37289 
e: 223 loss: 0.00489 train_err: 0.012 test_top1: 9.630 test_loss 0.37510 
e: 224 loss: 0.00479 train_err: 0.016 test_top1: 9.620 test_loss 0.37430 
e: 225 loss: 0.00478 train_err: 0.020 test_top1: 9.530 test_loss 0.37731 
e: 226 loss: 0.00498 train_err: 0.028 test_top1: 9.490 test_loss 0.37483 
e: 227 loss: 0.00485 train_err: 0.020 test_top1: 9.560 test_loss 0.37448 
e: 228 loss: 0.00494 train_err: 0.028 test_top1: 9.520 test_loss 0.37346 
e: 229 loss: 0.00487 train_err: 0.018 test_top1: 9.490 test_loss 0.37416 
e: 230 loss: 0.00486 train_err: 0.018 test_top1: 9.420 test_loss 0.37394 
e: 231 loss: 0.00458 train_err: 0.018 test_top1: 9.480 test_loss 0.37346 
e: 232 loss: 0.00460 train_err: 0.006 test_top1: 9.550 test_loss 0.37252 
e: 233 loss: 0.00449 train_err: 0.008 test_top1: 9.520 test_loss 0.37324 
e: 234 loss: 0.00463 train_err: 0.010 test_top1: 9.510 test_loss 0.37279 
e: 235 loss: 0.00437 train_err: 0.004 test_top1: 9.550 test_loss 0.37249 
e: 236 loss: 0.00453 train_err: 0.018 test_top1: 9.470 test_loss 0.37217 
e: 237 loss: 0.00445 train_err: 0.008 test_top1: 9.530 test_loss 0.37213 
e: 238 loss: 0.00454 train_err: 0.004 test_top1: 9.550 test_loss 0.37235 
e: 239 loss: 0.00466 train_err: 0.010 test_top1: 9.550 test_loss 0.37252 
e: 240 loss: 0.00451 train_err: 0.014 test_top1: 9.520 test_loss 0.37119 
e: 241 loss: 0.00469 train_err: 0.018 test_top1: 9.500 test_loss 0.37090 
e: 242 loss: 0.00449 train_err: 0.012 test_top1: 9.510 test_loss 0.37091 
e: 243 loss: 0.00439 train_err: 0.012 test_top1: 9.580 test_loss 0.37129 
e: 244 loss: 0.00448 train_err: 0.010 test_top1: 9.560 test_loss 0.37258 
e: 245 loss: 0.00434 train_err: 0.010 test_top1: 9.560 test_loss 0.37227 
e: 246 loss: 0.00465 train_err: 0.022 test_top1: 9.580 test_loss 0.37095 
e: 247 loss: 0.00456 train_err: 0.010 test_top1: 9.620 test_loss 0.37070 
e: 248 loss: 0.00430 train_err: 0.004 test_top1: 9.610 test_loss 0.37021 
e: 249 loss: 0.00437 train_err: 0.008 test_top1: 9.580 test_loss 0.37065 
e: 250 loss: 0.00453 train_err: 0.012 test_top1: 9.500 test_loss 0.37110 
e: 251 loss: 0.00440 train_err: 0.014 test_top1: 9.570 test_loss 0.37178 
e: 252 loss: 0.00435 train_err: 0.012 test_top1: 9.580 test_loss 0.37155 
e: 253 loss: 0.00442 train_err: 0.010 test_top1: 9.590 test_loss 0.37133 
e: 254 loss: 0.00434 train_err: 0.004 test_top1: 9.580 test_loss 0.37261 
e: 255 loss: 0.00462 train_err: 0.014 test_top1: 9.530 test_loss 0.37201 
e: 256 loss: 0.00425 train_err: 0.012 test_top1: 9.530 test_loss 0.37173 
e: 257 loss: 0.00460 train_err: 0.018 test_top1: 9.580 test_loss 0.37160 
e: 258 loss: 0.00441 train_err: 0.010 test_top1: 9.450 test_loss 0.37099 
e: 259 loss: 0.00436 train_err: 0.018 test_top1: 9.500 test_loss 0.37168 
e: 260 loss: 0.00449 train_err: 0.014 test_top1: 9.560 test_loss 0.37084 
e: 261 loss: 0.00454 train_err: 0.020 test_top1: 9.520 test_loss 0.37081 
e: 262 loss: 0.00428 train_err: 0.008 test_top1: 9.530 test_loss 0.37130 
e: 263 loss: 0.00440 train_err: 0.018 test_top1: 9.540 test_loss 0.37165 
e: 264 loss: 0.00444 train_err: 0.008 test_top1: 9.510 test_loss 0.37023 
e: 265 loss: 0.00422 train_err: 0.010 test_top1: 9.560 test_loss 0.37054 
e: 266 loss: 0.00431 train_err: 0.014 test_top1: 9.480 test_loss 0.37023 
e: 267 loss: 0.00436 train_err: 0.018 test_top1: 9.510 test_loss 0.36981 
e: 268 loss: 0.00417 train_err: 0.006 test_top1: 9.460 test_loss 0.37024 
e: 269 loss: 0.00424 train_err: 0.008 test_top1: 9.480 test_loss 0.36963 
e: 270 loss: 0.00438 train_err: 0.016 test_top1: 9.550 test_loss 0.36931 
e: 271 loss: 0.00419 train_err: 0.010 test_top1: 9.530 test_loss 0.37047 
e: 272 loss: 0.00411 train_err: 0.008 test_top1: 9.540 test_loss 0.36945 
e: 273 loss: 0.00437 train_err: 0.014 test_top1: 9.520 test_loss 0.37001 
e: 274 loss: 0.00430 train_err: 0.016 test_top1: 9.440 test_loss 0.37058 
e: 275 loss: 0.00427 train_err: 0.010 test_top1: 9.470 test_loss 0.37012 
e: 276 loss: 0.00422 train_err: 0.006 test_top1: 9.510 test_loss 0.37085 
e: 277 loss: 0.00431 train_err: 0.010 test_top1: 9.530 test_loss 0.37115 
e: 278 loss: 0.00417 train_err: 0.008 test_top1: 9.510 test_loss 0.37130 
e: 279 loss: 0.00440 train_err: 0.018 test_top1: 9.450 test_loss 0.37141 
e: 280 loss: 0.00431 train_err: 0.012 test_top1: 9.440 test_loss 0.37118 
e: 281 loss: 0.00430 train_err: 0.008 test_top1: 9.470 test_loss 0.37174 
e: 282 loss: 0.00430 train_err: 0.014 test_top1: 9.530 test_loss 0.37137 
e: 283 loss: 0.00437 train_err: 0.014 test_top1: 9.510 test_loss 0.37087 
e: 284 loss: 0.00440 train_err: 0.012 test_top1: 9.510 test_loss 0.37059 
e: 285 loss: 0.00437 train_err: 0.012 test_top1: 9.530 test_loss 0.37121 
e: 286 loss: 0.00419 train_err: 0.008 test_top1: 9.590 test_loss 0.37011 
e: 287 loss: 0.00434 train_err: 0.006 test_top1: 9.470 test_loss 0.37034 
e: 288 loss: 0.00444 train_err: 0.018 test_top1: 9.550 test_loss 0.37026 
e: 289 loss: 0.00433 train_err: 0.012 test_top1: 9.520 test_loss 0.37040 
e: 290 loss: 0.00417 train_err: 0.006 test_top1: 9.490 test_loss 0.36959 
e: 291 loss: 0.00431 train_err: 0.012 test_top1: 9.480 test_loss 0.36963 
e: 292 loss: 0.00416 train_err: 0.002 test_top1: 9.550 test_loss 0.37065 
e: 293 loss: 0.00431 train_err: 0.010 test_top1: 9.480 test_loss 0.37092 
e: 294 loss: 0.00432 train_err: 0.008 test_top1: 9.510 test_loss 0.37124 
e: 295 loss: 0.00428 train_err: 0.012 test_top1: 9.480 test_loss 0.37056 
e: 296 loss: 0.00429 train_err: 0.014 test_top1: 9.510 test_loss 0.37009 
e: 297 loss: 0.00404 train_err: 0.004 test_top1: 9.510 test_loss 0.36985 
e: 298 loss: 0.00422 train_err: 0.010 test_top1: 9.530 test_loss 0.36970 
e: 299 loss: 0.00447 train_err: 0.016 test_top1: 9.510 test_loss 0.36868 
e: 300 loss: 0.00407 train_err: 0.010 test_top1: 9.520 test_loss 0.36953 
