e: 0 loss: -1.00000 train_err: -1.000 test_top1: 90.060 test_loss 2.30259 
e: 1 loss: 2.16458 train_err: 78.168 test_top1: 82.310 test_loss 2.19815 
e: 2 loss: 1.71798 train_err: 62.332 test_top1: 65.130 test_loss 1.77592 
e: 3 loss: 1.48240 train_err: 54.626 test_top1: 58.040 test_loss 1.53590 
e: 4 loss: 1.32573 train_err: 48.450 test_top1: 54.710 test_loss 1.66069 
e: 5 loss: 1.19848 train_err: 43.702 test_top1: 45.890 test_loss 1.25834 
e: 6 loss: 1.09611 train_err: 39.562 test_top1: 40.400 test_loss 1.14192 
e: 7 loss: 1.02291 train_err: 36.950 test_top1: 41.510 test_loss 1.21520 
e: 8 loss: 0.92246 train_err: 32.836 test_top1: 34.470 test_loss 0.97449 
e: 9 loss: 0.86165 train_err: 30.606 test_top1: 33.200 test_loss 0.98661 
e: 10 loss: 0.82116 train_err: 28.914 test_top1: 34.380 test_loss 1.00080 
e: 11 loss: 0.78778 train_err: 27.740 test_top1: 29.750 test_loss 0.87088 
e: 12 loss: 0.71261 train_err: 25.126 test_top1: 32.650 test_loss 0.94632 
e: 13 loss: 0.67874 train_err: 24.054 test_top1: 29.460 test_loss 0.88343 
e: 14 loss: 0.65381 train_err: 23.002 test_top1: 27.850 test_loss 0.80733 
e: 15 loss: 0.63377 train_err: 22.216 test_top1: 30.780 test_loss 0.91455 
e: 16 loss: 0.63244 train_err: 22.242 test_top1: 26.150 test_loss 0.76002 
e: 17 loss: 0.57150 train_err: 20.026 test_top1: 27.510 test_loss 0.81439 
e: 18 loss: 0.54736 train_err: 19.000 test_top1: 28.330 test_loss 0.83393 
e: 19 loss: 0.54331 train_err: 18.924 test_top1: 25.930 test_loss 0.77129 
e: 20 loss: 0.50613 train_err: 17.710 test_top1: 22.040 test_loss 0.66701 
e: 21 loss: 0.49257 train_err: 17.090 test_top1: 26.400 test_loss 0.80572 
e: 22 loss: 0.48477 train_err: 16.846 test_top1: 21.390 test_loss 0.62572 
e: 23 loss: 0.47618 train_err: 16.614 test_top1: 27.170 test_loss 0.83444 
e: 24 loss: 0.44820 train_err: 15.442 test_top1: 27.580 test_loss 0.84851 
e: 25 loss: 0.44592 train_err: 15.596 test_top1: 20.940 test_loss 0.63262 
e: 26 loss: 0.42320 train_err: 14.704 test_top1: 23.780 test_loss 0.70943 
e: 27 loss: 0.41289 train_err: 14.272 test_top1: 23.160 test_loss 0.71510 
e: 28 loss: 0.40184 train_err: 13.950 test_top1: 21.390 test_loss 0.63941 
e: 29 loss: 0.38906 train_err: 13.362 test_top1: 20.850 test_loss 0.61762 
e: 30 loss: 0.38807 train_err: 13.350 test_top1: 22.590 test_loss 0.69595 
e: 31 loss: 0.37989 train_err: 13.024 test_top1: 20.370 test_loss 0.60946 
e: 32 loss: 0.35534 train_err: 12.148 test_top1: 25.750 test_loss 0.77102 
e: 33 loss: 0.36129 train_err: 12.492 test_top1: 20.430 test_loss 0.62607 
e: 34 loss: 0.33510 train_err: 11.610 test_top1: 28.470 test_loss 0.93593 
e: 35 loss: 0.33671 train_err: 11.720 test_top1: 22.510 test_loss 0.68857 
e: 36 loss: 0.31934 train_err: 11.146 test_top1: 26.440 test_loss 0.85132 
e: 37 loss: 0.32365 train_err: 11.204 test_top1: 18.720 test_loss 0.56263 
e: 38 loss: 0.30480 train_err: 10.468 test_top1: 21.000 test_loss 0.66197 
e: 39 loss: 0.30898 train_err: 10.678 test_top1: 18.840 test_loss 0.56711 
e: 40 loss: 0.28744 train_err: 9.926 test_top1: 19.620 test_loss 0.59633 
e: 41 loss: 0.29024 train_err: 10.042 test_top1: 20.310 test_loss 0.64689 
e: 42 loss: 0.27428 train_err: 9.460 test_top1: 18.130 test_loss 0.54734 
e: 43 loss: 0.26528 train_err: 9.114 test_top1: 20.280 test_loss 0.65854 
e: 44 loss: 0.26192 train_err: 9.014 test_top1: 25.530 test_loss 0.88173 
e: 45 loss: 0.25824 train_err: 8.912 test_top1: 25.830 test_loss 0.92691 
e: 46 loss: 0.25940 train_err: 9.186 test_top1: 21.140 test_loss 0.70522 
e: 47 loss: 0.25980 train_err: 9.076 test_top1: 18.870 test_loss 0.58222 
e: 48 loss: 0.23944 train_err: 8.402 test_top1: 20.300 test_loss 0.67046 
e: 49 loss: 0.23134 train_err: 7.922 test_top1: 17.550 test_loss 0.55716 
e: 50 loss: 0.22610 train_err: 7.872 test_top1: 20.620 test_loss 0.68418 
e: 51 loss: 0.22983 train_err: 7.998 test_top1: 17.120 test_loss 0.54947 
e: 52 loss: 0.21365 train_err: 7.412 test_top1: 19.120 test_loss 0.62229 
e: 53 loss: 0.22311 train_err: 7.790 test_top1: 20.650 test_loss 0.72236 
e: 54 loss: 0.21101 train_err: 7.252 test_top1: 18.190 test_loss 0.59888 
e: 55 loss: 0.20177 train_err: 6.974 test_top1: 20.320 test_loss 0.67951 
e: 56 loss: 0.20954 train_err: 7.288 test_top1: 21.270 test_loss 0.70176 
e: 57 loss: 0.19232 train_err: 6.730 test_top1: 17.200 test_loss 0.53927 
e: 58 loss: 0.18517 train_err: 6.266 test_top1: 16.610 test_loss 0.54030 
e: 59 loss: 0.18189 train_err: 6.260 test_top1: 18.150 test_loss 0.59056 
e: 60 loss: 0.17906 train_err: 6.272 test_top1: 18.080 test_loss 0.61483 
e: 61 loss: 0.18542 train_err: 6.418 test_top1: 20.360 test_loss 0.69957 
e: 62 loss: 0.18580 train_err: 6.330 test_top1: 21.000 test_loss 0.75925 
e: 63 loss: 0.18187 train_err: 6.324 test_top1: 21.090 test_loss 0.76483 
e: 64 loss: 0.16553 train_err: 5.748 test_top1: 18.140 test_loss 0.62009 
e: 65 loss: 0.15905 train_err: 5.502 test_top1: 20.190 test_loss 0.74890 
e: 66 loss: 0.15987 train_err: 5.590 test_top1: 18.760 test_loss 0.64479 
e: 67 loss: 0.15327 train_err: 5.278 test_top1: 20.280 test_loss 0.75318 
e: 68 loss: 0.15356 train_err: 5.334 test_top1: 18.950 test_loss 0.66124 
e: 69 loss: 0.16034 train_err: 5.644 test_top1: 19.560 test_loss 0.70431 
e: 70 loss: 0.14758 train_err: 5.064 test_top1: 20.420 test_loss 0.77083 
e: 71 loss: 0.14155 train_err: 4.856 test_top1: 18.680 test_loss 0.66727 
e: 72 loss: 0.13923 train_err: 4.878 test_top1: 21.970 test_loss 0.87375 
e: 73 loss: 0.14320 train_err: 4.934 test_top1: 18.590 test_loss 0.64911 
e: 74 loss: 0.12412 train_err: 4.216 test_top1: 24.550 test_loss 0.97421 
e: 75 loss: 0.14327 train_err: 4.948 test_top1: 16.140 test_loss 0.55269 
e: 76 loss: 0.12475 train_err: 4.246 test_top1: 17.970 test_loss 0.67287 
e: 77 loss: 0.12521 train_err: 4.302 test_top1: 17.380 test_loss 0.61524 
e: 78 loss: 0.12635 train_err: 4.434 test_top1: 16.370 test_loss 0.58367 
e: 79 loss: 0.12182 train_err: 4.120 test_top1: 16.950 test_loss 0.60764 
e: 80 loss: 0.12816 train_err: 4.392 test_top1: 18.210 test_loss 0.68510 
e: 81 loss: 0.11850 train_err: 4.008 test_top1: 20.310 test_loss 0.77131 
e: 82 loss: 0.11270 train_err: 3.870 test_top1: 19.720 test_loss 0.78869 
e: 83 loss: 0.11446 train_err: 3.848 test_top1: 18.110 test_loss 0.69037 
e: 84 loss: 0.10437 train_err: 3.566 test_top1: 16.910 test_loss 0.62035 
e: 85 loss: 0.10475 train_err: 3.532 test_top1: 16.590 test_loss 0.61080 
e: 86 loss: 0.11210 train_err: 3.820 test_top1: 16.980 test_loss 0.65211 
e: 87 loss: 0.11187 train_err: 3.860 test_top1: 18.780 test_loss 0.69879 
e: 88 loss: 0.10344 train_err: 3.558 test_top1: 16.210 test_loss 0.57959 
e: 89 loss: 0.09936 train_err: 3.354 test_top1: 18.530 test_loss 0.73324 
e: 90 loss: 0.10824 train_err: 3.588 test_top1: 16.800 test_loss 0.61955 
e: 91 loss: 0.09208 train_err: 3.008 test_top1: 16.510 test_loss 0.60786 
e: 92 loss: 0.09579 train_err: 3.214 test_top1: 20.410 test_loss 0.84000 
e: 93 loss: 0.09207 train_err: 3.070 test_top1: 14.730 test_loss 0.52546 
e: 94 loss: 0.08771 train_err: 3.000 test_top1: 16.270 test_loss 0.60834 
e: 95 loss: 0.08420 train_err: 2.890 test_top1: 16.460 test_loss 0.61712 
e: 96 loss: 0.08695 train_err: 2.840 test_top1: 17.970 test_loss 0.69547 
e: 97 loss: 0.08325 train_err: 2.812 test_top1: 16.020 test_loss 0.60425 
e: 98 loss: 0.08339 train_err: 2.768 test_top1: 16.800 test_loss 0.63097 
e: 99 loss: 0.08241 train_err: 2.678 test_top1: 14.590 test_loss 0.54167 
e: 100 loss: 0.07815 train_err: 2.540 test_top1: 17.000 test_loss 0.67509 
e: 101 loss: 0.08193 train_err: 2.694 test_top1: 16.060 test_loss 0.59386 
e: 102 loss: 0.08577 train_err: 2.962 test_top1: 19.840 test_loss 0.81161 
e: 103 loss: 0.09363 train_err: 3.274 test_top1: 16.910 test_loss 0.67020 
e: 104 loss: 0.09181 train_err: 3.130 test_top1: 14.310 test_loss 0.54402 
e: 105 loss: 0.07651 train_err: 2.486 test_top1: 17.850 test_loss 0.70901 
e: 106 loss: 0.07773 train_err: 2.610 test_top1: 17.780 test_loss 0.76033 
e: 107 loss: 0.07478 train_err: 2.442 test_top1: 16.960 test_loss 0.66974 
e: 108 loss: 0.07611 train_err: 2.534 test_top1: 15.500 test_loss 0.55123 
e: 109 loss: 0.07139 train_err: 2.278 test_top1: 16.660 test_loss 0.67302 
e: 110 loss: 0.06725 train_err: 2.136 test_top1: 15.750 test_loss 0.61606 
e: 111 loss: 0.08236 train_err: 2.854 test_top1: 14.860 test_loss 0.58699 
e: 112 loss: 0.06621 train_err: 2.146 test_top1: 17.570 test_loss 0.72343 
e: 113 loss: 0.07181 train_err: 2.388 test_top1: 15.450 test_loss 0.60653 
e: 114 loss: 0.06175 train_err: 1.972 test_top1: 15.870 test_loss 0.61350 
e: 115 loss: 0.06628 train_err: 2.144 test_top1: 14.050 test_loss 0.53265 
e: 116 loss: 0.06130 train_err: 1.916 test_top1: 14.830 test_loss 0.58663 
e: 117 loss: 0.05853 train_err: 1.872 test_top1: 15.630 test_loss 0.60827 
e: 118 loss: 0.05302 train_err: 1.644 test_top1: 19.510 test_loss 0.77991 
e: 119 loss: 0.06730 train_err: 2.312 test_top1: 17.350 test_loss 0.70452 
e: 120 loss: 0.06936 train_err: 2.326 test_top1: 13.670 test_loss 0.54013 
e: 121 loss: 0.05481 train_err: 1.768 test_top1: 15.670 test_loss 0.60056 
e: 122 loss: 0.05352 train_err: 1.632 test_top1: 16.880 test_loss 0.72917 
e: 123 loss: 0.05100 train_err: 1.626 test_top1: 14.710 test_loss 0.56970 
e: 124 loss: 0.05134 train_err: 1.574 test_top1: 14.260 test_loss 0.57563 
e: 125 loss: 0.04824 train_err: 1.496 test_top1: 14.540 test_loss 0.58901 
e: 126 loss: 0.05166 train_err: 1.630 test_top1: 15.770 test_loss 0.65252 
e: 127 loss: 0.05136 train_err: 1.664 test_top1: 15.830 test_loss 0.64533 
e: 128 loss: 0.05450 train_err: 1.776 test_top1: 15.960 test_loss 0.66026 
e: 129 loss: 0.06261 train_err: 2.108 test_top1: 17.010 test_loss 0.71932 
e: 130 loss: 0.05317 train_err: 1.668 test_top1: 17.260 test_loss 0.74401 
e: 131 loss: 0.05151 train_err: 1.630 test_top1: 14.890 test_loss 0.61833 
e: 132 loss: 0.05309 train_err: 1.712 test_top1: 16.250 test_loss 0.69777 
e: 133 loss: 0.05210 train_err: 1.678 test_top1: 17.610 test_loss 0.74116 
e: 134 loss: 0.06143 train_err: 1.896 test_top1: 15.240 test_loss 0.61212 
e: 135 loss: 0.05224 train_err: 1.654 test_top1: 17.410 test_loss 0.72810 
e: 136 loss: 0.05202 train_err: 1.638 test_top1: 14.830 test_loss 0.62030 
e: 137 loss: 0.05819 train_err: 1.922 test_top1: 12.640 test_loss 0.49258 
e: 138 loss: 0.04850 train_err: 1.536 test_top1: 14.060 test_loss 0.54945 
e: 139 loss: 0.04108 train_err: 1.258 test_top1: 13.010 test_loss 0.52205 
e: 140 loss: 0.03858 train_err: 1.156 test_top1: 17.590 test_loss 0.75622 
e: 141 loss: 0.04066 train_err: 1.280 test_top1: 13.590 test_loss 0.54045 
e: 142 loss: 0.04421 train_err: 1.438 test_top1: 17.500 test_loss 0.77437 
e: 143 loss: 0.16971 train_err: 5.178 test_top1: 20.630 test_loss 0.87924 
e: 144 loss: 0.08620 train_err: 2.976 test_top1: 18.610 test_loss 0.74393 
e: 145 loss: 0.07758 train_err: 2.608 test_top1: 14.020 test_loss 0.53265 
e: 146 loss: 0.06124 train_err: 1.982 test_top1: 17.040 test_loss 0.69093 
e: 147 loss: 0.05692 train_err: 1.816 test_top1: 16.690 test_loss 0.67271 
e: 148 loss: 0.05046 train_err: 1.578 test_top1: 18.330 test_loss 0.79251 
e: 149 loss: 0.04975 train_err: 1.544 test_top1: 14.930 test_loss 0.61612 
e: 150 loss: 0.05164 train_err: 1.672 test_top1: 16.500 test_loss 0.69995 
e: 151 loss: 0.05176 train_err: 1.608 test_top1: 11.910 test_loss 0.45731 
e: 152 loss: 0.03314 train_err: 0.864 test_top1: 11.530 test_loss 0.43219 
e: 153 loss: 0.03092 train_err: 0.770 test_top1: 10.930 test_loss 0.40904 
e: 154 loss: 0.02734 train_err: 0.638 test_top1: 10.990 test_loss 0.40336 
e: 155 loss: 0.02452 train_err: 0.564 test_top1: 10.830 test_loss 0.39863 
e: 156 loss: 0.02366 train_err: 0.508 test_top1: 10.740 test_loss 0.40054 
e: 157 loss: 0.02237 train_err: 0.492 test_top1: 10.610 test_loss 0.39938 
e: 158 loss: 0.02147 train_err: 0.416 test_top1: 10.410 test_loss 0.39793 
e: 159 loss: 0.02101 train_err: 0.408 test_top1: 10.510 test_loss 0.39770 
e: 160 loss: 0.02005 train_err: 0.424 test_top1: 10.340 test_loss 0.39962 
e: 161 loss: 0.01971 train_err: 0.372 test_top1: 10.490 test_loss 0.40315 
e: 162 loss: 0.01927 train_err: 0.344 test_top1: 10.680 test_loss 0.40757 
e: 163 loss: 0.01857 train_err: 0.338 test_top1: 10.710 test_loss 0.40860 
e: 164 loss: 0.01838 train_err: 0.338 test_top1: 10.550 test_loss 0.40337 
e: 165 loss: 0.01771 train_err: 0.322 test_top1: 10.570 test_loss 0.40235 
e: 166 loss: 0.01754 train_err: 0.324 test_top1: 10.480 test_loss 0.40275 
e: 167 loss: 0.01678 train_err: 0.282 test_top1: 10.400 test_loss 0.40368 
e: 168 loss: 0.01666 train_err: 0.260 test_top1: 10.510 test_loss 0.40503 
e: 169 loss: 0.01718 train_err: 0.292 test_top1: 10.560 test_loss 0.40642 
e: 170 loss: 0.01651 train_err: 0.292 test_top1: 10.530 test_loss 0.40273 
e: 171 loss: 0.01557 train_err: 0.250 test_top1: 10.520 test_loss 0.40452 
e: 172 loss: 0.01540 train_err: 0.248 test_top1: 10.320 test_loss 0.39783 
e: 173 loss: 0.01621 train_err: 0.318 test_top1: 10.360 test_loss 0.39957 
e: 174 loss: 0.01553 train_err: 0.242 test_top1: 10.340 test_loss 0.40375 
e: 175 loss: 0.01531 train_err: 0.252 test_top1: 10.520 test_loss 0.40741 
e: 176 loss: 0.01485 train_err: 0.228 test_top1: 10.410 test_loss 0.40402 
e: 177 loss: 0.01525 train_err: 0.264 test_top1: 10.210 test_loss 0.40138 
e: 178 loss: 0.01452 train_err: 0.250 test_top1: 10.250 test_loss 0.40255 
e: 179 loss: 0.01381 train_err: 0.184 test_top1: 10.370 test_loss 0.40282 
e: 180 loss: 0.01383 train_err: 0.200 test_top1: 10.300 test_loss 0.40205 
e: 181 loss: 0.01339 train_err: 0.174 test_top1: 10.280 test_loss 0.39910 
e: 182 loss: 0.01318 train_err: 0.170 test_top1: 10.110 test_loss 0.39993 
e: 183 loss: 0.01365 train_err: 0.200 test_top1: 10.200 test_loss 0.39963 
e: 184 loss: 0.01316 train_err: 0.220 test_top1: 10.230 test_loss 0.40061 
e: 185 loss: 0.01247 train_err: 0.148 test_top1: 10.380 test_loss 0.40192 
e: 186 loss: 0.01339 train_err: 0.218 test_top1: 10.350 test_loss 0.40181 
e: 187 loss: 0.01351 train_err: 0.214 test_top1: 10.510 test_loss 0.40940 
e: 188 loss: 0.01236 train_err: 0.174 test_top1: 10.330 test_loss 0.40346 
e: 189 loss: 0.01266 train_err: 0.186 test_top1: 10.210 test_loss 0.40080 
e: 190 loss: 0.01242 train_err: 0.160 test_top1: 10.370 test_loss 0.40300 
e: 191 loss: 0.01260 train_err: 0.184 test_top1: 10.250 test_loss 0.40277 
e: 192 loss: 0.01240 train_err: 0.176 test_top1: 10.230 test_loss 0.40288 
e: 193 loss: 0.01200 train_err: 0.172 test_top1: 10.190 test_loss 0.40176 
e: 194 loss: 0.01178 train_err: 0.130 test_top1: 10.190 test_loss 0.40115 
e: 195 loss: 0.01188 train_err: 0.164 test_top1: 10.260 test_loss 0.40787 
e: 196 loss: 0.01139 train_err: 0.134 test_top1: 10.430 test_loss 0.40569 
e: 197 loss: 0.01145 train_err: 0.142 test_top1: 10.280 test_loss 0.40489 
e: 198 loss: 0.01183 train_err: 0.180 test_top1: 10.180 test_loss 0.40213 
e: 199 loss: 0.01180 train_err: 0.126 test_top1: 10.280 test_loss 0.40005 
e: 200 loss: 0.01107 train_err: 0.142 test_top1: 10.300 test_loss 0.40219 
e: 201 loss: 0.01139 train_err: 0.142 test_top1: 10.290 test_loss 0.40430 
e: 202 loss: 0.01100 train_err: 0.128 test_top1: 10.200 test_loss 0.40427 
e: 203 loss: 0.01093 train_err: 0.128 test_top1: 10.390 test_loss 0.40419 
e: 204 loss: 0.01098 train_err: 0.138 test_top1: 10.400 test_loss 0.40450 
e: 205 loss: 0.01080 train_err: 0.120 test_top1: 10.300 test_loss 0.40593 
e: 206 loss: 0.01048 train_err: 0.126 test_top1: 10.370 test_loss 0.40824 
e: 207 loss: 0.01123 train_err: 0.164 test_top1: 10.330 test_loss 0.40929 
e: 208 loss: 0.01066 train_err: 0.132 test_top1: 10.380 test_loss 0.40839 
e: 209 loss: 0.01017 train_err: 0.124 test_top1: 10.280 test_loss 0.40610 
e: 210 loss: 0.01068 train_err: 0.124 test_top1: 10.210 test_loss 0.40868 
e: 211 loss: 0.01081 train_err: 0.120 test_top1: 10.430 test_loss 0.40580 
e: 212 loss: 0.01039 train_err: 0.116 test_top1: 10.310 test_loss 0.40334 
e: 213 loss: 0.01038 train_err: 0.112 test_top1: 10.370 test_loss 0.40444 
e: 214 loss: 0.00964 train_err: 0.078 test_top1: 10.280 test_loss 0.40616 
e: 215 loss: 0.01009 train_err: 0.114 test_top1: 10.350 test_loss 0.40599 
e: 216 loss: 0.00995 train_err: 0.106 test_top1: 10.480 test_loss 0.41002 
e: 217 loss: 0.00999 train_err: 0.100 test_top1: 10.260 test_loss 0.40554 
e: 218 loss: 0.00974 train_err: 0.106 test_top1: 10.200 test_loss 0.40345 
e: 219 loss: 0.01053 train_err: 0.144 test_top1: 10.240 test_loss 0.40243 
e: 220 loss: 0.01010 train_err: 0.116 test_top1: 10.280 test_loss 0.40520 
e: 221 loss: 0.00978 train_err: 0.096 test_top1: 10.380 test_loss 0.41080 
e: 222 loss: 0.00978 train_err: 0.100 test_top1: 10.370 test_loss 0.40912 
e: 223 loss: 0.00959 train_err: 0.098 test_top1: 10.540 test_loss 0.41111 
e: 224 loss: 0.00994 train_err: 0.110 test_top1: 10.530 test_loss 0.40882 
e: 225 loss: 0.00927 train_err: 0.108 test_top1: 10.500 test_loss 0.40652 
e: 226 loss: 0.00998 train_err: 0.144 test_top1: 10.480 test_loss 0.40461 
e: 227 loss: 0.00972 train_err: 0.116 test_top1: 10.450 test_loss 0.40516 
e: 228 loss: 0.00898 train_err: 0.076 test_top1: 10.370 test_loss 0.40371 
e: 229 loss: 0.00930 train_err: 0.088 test_top1: 10.330 test_loss 0.40454 
e: 230 loss: 0.00915 train_err: 0.106 test_top1: 10.360 test_loss 0.40463 
e: 231 loss: 0.00911 train_err: 0.096 test_top1: 10.370 test_loss 0.40548 
e: 232 loss: 0.00937 train_err: 0.086 test_top1: 10.280 test_loss 0.40455 
e: 233 loss: 0.00930 train_err: 0.096 test_top1: 10.370 test_loss 0.40498 
e: 234 loss: 0.00927 train_err: 0.102 test_top1: 10.230 test_loss 0.40399 
e: 235 loss: 0.00875 train_err: 0.074 test_top1: 10.280 test_loss 0.40328 
e: 236 loss: 0.00927 train_err: 0.108 test_top1: 10.290 test_loss 0.40404 
e: 237 loss: 0.00913 train_err: 0.094 test_top1: 10.190 test_loss 0.40400 
e: 238 loss: 0.00908 train_err: 0.110 test_top1: 10.220 test_loss 0.40373 
e: 239 loss: 0.00919 train_err: 0.098 test_top1: 10.160 test_loss 0.40385 
e: 240 loss: 0.00889 train_err: 0.090 test_top1: 10.350 test_loss 0.40378 
e: 241 loss: 0.00918 train_err: 0.098 test_top1: 10.310 test_loss 0.40389 
e: 242 loss: 0.00901 train_err: 0.106 test_top1: 10.320 test_loss 0.40316 
e: 243 loss: 0.00968 train_err: 0.128 test_top1: 10.240 test_loss 0.40274 
e: 244 loss: 0.00860 train_err: 0.058 test_top1: 10.260 test_loss 0.40336 
e: 245 loss: 0.00931 train_err: 0.108 test_top1: 10.260 test_loss 0.40317 
e: 246 loss: 0.00918 train_err: 0.092 test_top1: 10.240 test_loss 0.40225 
e: 247 loss: 0.00924 train_err: 0.092 test_top1: 10.380 test_loss 0.40369 
e: 248 loss: 0.00904 train_err: 0.082 test_top1: 10.230 test_loss 0.40270 
e: 249 loss: 0.00899 train_err: 0.090 test_top1: 10.230 test_loss 0.40269 
e: 250 loss: 0.00905 train_err: 0.094 test_top1: 10.360 test_loss 0.40406 
e: 251 loss: 0.00837 train_err: 0.076 test_top1: 10.170 test_loss 0.40328 
e: 252 loss: 0.00893 train_err: 0.100 test_top1: 10.170 test_loss 0.40282 
e: 253 loss: 0.00923 train_err: 0.102 test_top1: 10.170 test_loss 0.40280 
e: 254 loss: 0.00930 train_err: 0.106 test_top1: 10.260 test_loss 0.40314 
e: 255 loss: 0.00906 train_err: 0.086 test_top1: 10.190 test_loss 0.40266 
e: 256 loss: 0.00837 train_err: 0.060 test_top1: 10.160 test_loss 0.40254 
e: 257 loss: 0.00863 train_err: 0.094 test_top1: 10.160 test_loss 0.40264 
e: 258 loss: 0.00937 train_err: 0.110 test_top1: 10.150 test_loss 0.40298 
e: 259 loss: 0.00861 train_err: 0.078 test_top1: 10.120 test_loss 0.40290 
e: 260 loss: 0.00912 train_err: 0.106 test_top1: 10.130 test_loss 0.40253 
e: 261 loss: 0.00846 train_err: 0.068 test_top1: 10.220 test_loss 0.40296 
e: 262 loss: 0.00892 train_err: 0.104 test_top1: 10.240 test_loss 0.40429 
e: 263 loss: 0.00885 train_err: 0.080 test_top1: 10.250 test_loss 0.40449 
e: 264 loss: 0.00870 train_err: 0.080 test_top1: 10.210 test_loss 0.40344 
e: 265 loss: 0.00878 train_err: 0.084 test_top1: 10.240 test_loss 0.40374 
e: 266 loss: 0.00849 train_err: 0.074 test_top1: 10.250 test_loss 0.40296 
e: 267 loss: 0.00901 train_err: 0.082 test_top1: 10.260 test_loss 0.40284 
e: 268 loss: 0.00907 train_err: 0.102 test_top1: 10.280 test_loss 0.40384 
e: 269 loss: 0.00917 train_err: 0.092 test_top1: 10.130 test_loss 0.40377 
e: 270 loss: 0.00880 train_err: 0.078 test_top1: 10.170 test_loss 0.40199 
e: 271 loss: 0.00881 train_err: 0.082 test_top1: 10.050 test_loss 0.40245 
e: 272 loss: 0.00861 train_err: 0.088 test_top1: 10.090 test_loss 0.40132 
e: 273 loss: 0.00897 train_err: 0.104 test_top1: 10.090 test_loss 0.40126 
e: 274 loss: 0.00873 train_err: 0.074 test_top1: 10.120 test_loss 0.40211 
e: 275 loss: 0.00862 train_err: 0.074 test_top1: 10.240 test_loss 0.40313 
e: 276 loss: 0.00890 train_err: 0.092 test_top1: 10.190 test_loss 0.40279 
e: 277 loss: 0.00850 train_err: 0.094 test_top1: 10.220 test_loss 0.40218 
e: 278 loss: 0.00875 train_err: 0.070 test_top1: 10.140 test_loss 0.40284 
e: 279 loss: 0.00872 train_err: 0.064 test_top1: 10.220 test_loss 0.40246 
e: 280 loss: 0.00894 train_err: 0.110 test_top1: 10.260 test_loss 0.40275 
e: 281 loss: 0.00879 train_err: 0.090 test_top1: 10.320 test_loss 0.40379 
e: 282 loss: 0.00905 train_err: 0.092 test_top1: 10.200 test_loss 0.40299 
e: 283 loss: 0.00924 train_err: 0.110 test_top1: 10.140 test_loss 0.40194 
e: 284 loss: 0.00900 train_err: 0.092 test_top1: 10.140 test_loss 0.40275 
e: 285 loss: 0.00896 train_err: 0.110 test_top1: 10.120 test_loss 0.40326 
e: 286 loss: 0.00874 train_err: 0.098 test_top1: 10.200 test_loss 0.40361 
e: 287 loss: 0.00847 train_err: 0.080 test_top1: 10.140 test_loss 0.40296 
e: 288 loss: 0.00875 train_err: 0.086 test_top1: 10.180 test_loss 0.40304 
e: 289 loss: 0.00865 train_err: 0.086 test_top1: 10.200 test_loss 0.40264 
e: 290 loss: 0.00870 train_err: 0.094 test_top1: 10.220 test_loss 0.40228 
e: 291 loss: 0.00900 train_err: 0.112 test_top1: 10.280 test_loss 0.40316 
e: 292 loss: 0.00875 train_err: 0.094 test_top1: 10.230 test_loss 0.40266 
e: 293 loss: 0.00864 train_err: 0.080 test_top1: 10.230 test_loss 0.40312 
e: 294 loss: 0.00828 train_err: 0.072 test_top1: 10.220 test_loss 0.40331 
e: 295 loss: 0.00869 train_err: 0.084 test_top1: 10.250 test_loss 0.40293 
e: 296 loss: 0.00897 train_err: 0.092 test_top1: 10.270 test_loss 0.40314 
e: 297 loss: 0.00859 train_err: 0.082 test_top1: 10.190 test_loss 0.40277 
e: 298 loss: 0.00874 train_err: 0.090 test_top1: 10.160 test_loss 0.40235 
e: 299 loss: 0.00883 train_err: 0.088 test_top1: 10.220 test_loss 0.40184 
e: 300 loss: 0.00888 train_err: 0.084 test_top1: 10.190 test_loss 0.40223 
