e: 0 loss: -1.00000 train_err: -1.000 test_top1: 90.060 test_loss 2.30259 
e: 1 loss: 1.17035 train_err: 42.282 test_top1: 30.900 test_loss 0.88854 
e: 2 loss: 0.75203 train_err: 26.282 test_top1: 30.150 test_loss 0.87554 
e: 3 loss: 0.63131 train_err: 21.768 test_top1: 22.080 test_loss 0.64785 
e: 4 loss: 0.56053 train_err: 19.256 test_top1: 26.000 test_loss 0.76575 
e: 5 loss: 0.52049 train_err: 18.048 test_top1: 23.580 test_loss 0.72187 
e: 6 loss: 0.48389 train_err: 16.618 test_top1: 17.820 test_loss 0.52793 
e: 7 loss: 0.46261 train_err: 15.948 test_top1: 18.220 test_loss 0.54574 
e: 8 loss: 0.44568 train_err: 15.300 test_top1: 16.580 test_loss 0.49195 
e: 9 loss: 0.43035 train_err: 14.644 test_top1: 21.780 test_loss 0.69203 
e: 10 loss: 0.41722 train_err: 14.242 test_top1: 23.240 test_loss 0.70641 
e: 11 loss: 0.40920 train_err: 14.062 test_top1: 18.710 test_loss 0.55160 
e: 12 loss: 0.39980 train_err: 13.792 test_top1: 18.270 test_loss 0.54463 
e: 13 loss: 0.39365 train_err: 13.518 test_top1: 22.480 test_loss 0.68463 
e: 14 loss: 0.38940 train_err: 13.294 test_top1: 18.550 test_loss 0.54412 
e: 15 loss: 0.38065 train_err: 13.098 test_top1: 20.310 test_loss 0.61430 
e: 16 loss: 0.37841 train_err: 12.862 test_top1: 16.540 test_loss 0.49110 
e: 17 loss: 0.37122 train_err: 12.792 test_top1: 17.980 test_loss 0.53055 
e: 18 loss: 0.36274 train_err: 12.620 test_top1: 19.690 test_loss 0.60777 
e: 19 loss: 0.36310 train_err: 12.410 test_top1: 18.010 test_loss 0.53243 
e: 20 loss: 0.35962 train_err: 12.242 test_top1: 16.190 test_loss 0.48816 
e: 21 loss: 0.35489 train_err: 12.194 test_top1: 16.670 test_loss 0.49364 
e: 22 loss: 0.34927 train_err: 11.786 test_top1: 18.740 test_loss 0.57094 
e: 23 loss: 0.35651 train_err: 12.206 test_top1: 17.870 test_loss 0.55451 
e: 24 loss: 0.34787 train_err: 11.922 test_top1: 20.420 test_loss 0.63352 
e: 25 loss: 0.34370 train_err: 11.768 test_top1: 16.040 test_loss 0.46727 
e: 26 loss: 0.34958 train_err: 11.978 test_top1: 17.190 test_loss 0.52646 
e: 27 loss: 0.34385 train_err: 11.866 test_top1: 16.720 test_loss 0.51017 
e: 28 loss: 0.33936 train_err: 11.706 test_top1: 14.650 test_loss 0.45432 
e: 29 loss: 0.34106 train_err: 11.526 test_top1: 14.780 test_loss 0.42529 
e: 30 loss: 0.33436 train_err: 11.482 test_top1: 17.140 test_loss 0.50896 
e: 31 loss: 0.33972 train_err: 11.676 test_top1: 18.250 test_loss 0.53524 
e: 32 loss: 0.33833 train_err: 11.690 test_top1: 23.450 test_loss 0.75313 
e: 33 loss: 0.33551 train_err: 11.418 test_top1: 17.470 test_loss 0.53011 
e: 34 loss: 0.33747 train_err: 11.632 test_top1: 18.770 test_loss 0.57871 
e: 35 loss: 0.33083 train_err: 11.282 test_top1: 18.240 test_loss 0.55331 
e: 36 loss: 0.33115 train_err: 11.446 test_top1: 16.440 test_loss 0.50254 
e: 37 loss: 0.33369 train_err: 11.422 test_top1: 18.300 test_loss 0.55815 
e: 38 loss: 0.33240 train_err: 11.512 test_top1: 15.100 test_loss 0.45877 
e: 39 loss: 0.32966 train_err: 11.160 test_top1: 19.730 test_loss 0.57309 
e: 40 loss: 0.32952 train_err: 11.290 test_top1: 25.080 test_loss 0.84626 
e: 41 loss: 0.33016 train_err: 11.378 test_top1: 16.620 test_loss 0.48726 
e: 42 loss: 0.32838 train_err: 11.318 test_top1: 19.640 test_loss 0.59523 
e: 43 loss: 0.33128 train_err: 11.432 test_top1: 15.180 test_loss 0.47264 
e: 44 loss: 0.32228 train_err: 11.010 test_top1: 16.800 test_loss 0.52357 
e: 45 loss: 0.32718 train_err: 11.360 test_top1: 18.540 test_loss 0.56731 
e: 46 loss: 0.32575 train_err: 11.188 test_top1: 17.480 test_loss 0.51770 
e: 47 loss: 0.32916 train_err: 11.262 test_top1: 18.310 test_loss 0.55290 
e: 48 loss: 0.32155 train_err: 11.092 test_top1: 16.190 test_loss 0.48301 
e: 49 loss: 0.32606 train_err: 11.168 test_top1: 17.200 test_loss 0.52717 
e: 50 loss: 0.31706 train_err: 10.812 test_top1: 20.390 test_loss 0.64119 
e: 51 loss: 0.32348 train_err: 11.106 test_top1: 16.240 test_loss 0.51078 
e: 52 loss: 0.31781 train_err: 10.922 test_top1: 17.080 test_loss 0.51966 
e: 53 loss: 0.32561 train_err: 11.116 test_top1: 15.330 test_loss 0.46440 
e: 54 loss: 0.31899 train_err: 10.972 test_top1: 16.500 test_loss 0.50918 
e: 55 loss: 0.31844 train_err: 10.942 test_top1: 31.730 test_loss 1.19607 
e: 56 loss: 0.32582 train_err: 11.148 test_top1: 17.310 test_loss 0.50237 
e: 57 loss: 0.31954 train_err: 10.968 test_top1: 15.700 test_loss 0.48842 
e: 58 loss: 0.32143 train_err: 10.944 test_top1: 17.940 test_loss 0.54183 
e: 59 loss: 0.31489 train_err: 10.774 test_top1: 14.190 test_loss 0.43060 
e: 60 loss: 0.31950 train_err: 10.918 test_top1: 14.880 test_loss 0.45505 
e: 61 loss: 0.32173 train_err: 10.996 test_top1: 18.910 test_loss 0.56935 
e: 62 loss: 0.31476 train_err: 10.928 test_top1: 22.100 test_loss 0.68643 
e: 63 loss: 0.31892 train_err: 10.924 test_top1: 16.680 test_loss 0.49429 
e: 64 loss: 0.31403 train_err: 10.898 test_top1: 19.400 test_loss 0.64181 
e: 65 loss: 0.31653 train_err: 10.816 test_top1: 19.020 test_loss 0.55871 
e: 66 loss: 0.31756 train_err: 10.942 test_top1: 23.730 test_loss 0.73777 
e: 67 loss: 0.31481 train_err: 10.840 test_top1: 14.210 test_loss 0.42603 
e: 68 loss: 0.31196 train_err: 10.600 test_top1: 15.450 test_loss 0.46451 
e: 69 loss: 0.31600 train_err: 10.874 test_top1: 26.420 test_loss 0.88110 
e: 70 loss: 0.31436 train_err: 10.798 test_top1: 19.240 test_loss 0.61850 
e: 71 loss: 0.31333 train_err: 10.702 test_top1: 15.290 test_loss 0.44993 
e: 72 loss: 0.31907 train_err: 10.922 test_top1: 14.100 test_loss 0.42163 
e: 73 loss: 0.31754 train_err: 10.954 test_top1: 13.910 test_loss 0.41062 
e: 74 loss: 0.31748 train_err: 10.924 test_top1: 22.240 test_loss 0.72378 
e: 75 loss: 0.31912 train_err: 10.940 test_top1: 16.680 test_loss 0.48932 
e: 76 loss: 0.31227 train_err: 10.702 test_top1: 17.760 test_loss 0.54484 
e: 77 loss: 0.31211 train_err: 10.638 test_top1: 23.990 test_loss 0.85851 
e: 78 loss: 0.31561 train_err: 10.782 test_top1: 15.630 test_loss 0.48391 
e: 79 loss: 0.31230 train_err: 10.828 test_top1: 13.720 test_loss 0.40423 
e: 80 loss: 0.31309 train_err: 10.740 test_top1: 17.400 test_loss 0.55269 
e: 81 loss: 0.31329 train_err: 10.676 test_top1: 20.210 test_loss 0.64756 
e: 82 loss: 0.31539 train_err: 10.834 test_top1: 15.610 test_loss 0.47774 
e: 83 loss: 0.31083 train_err: 10.826 test_top1: 15.280 test_loss 0.46661 
e: 84 loss: 0.31528 train_err: 10.952 test_top1: 17.140 test_loss 0.55164 
e: 85 loss: 0.31409 train_err: 10.792 test_top1: 15.200 test_loss 0.45140 
e: 86 loss: 0.31294 train_err: 10.790 test_top1: 21.390 test_loss 0.71910 
e: 87 loss: 0.31458 train_err: 10.780 test_top1: 13.990 test_loss 0.42818 
e: 88 loss: 0.30972 train_err: 10.582 test_top1: 15.770 test_loss 0.49952 
e: 89 loss: 0.31447 train_err: 10.738 test_top1: 13.230 test_loss 0.38825 
e: 90 loss: 0.31143 train_err: 10.662 test_top1: 13.990 test_loss 0.42011 
e: 91 loss: 0.31250 train_err: 10.562 test_top1: 15.150 test_loss 0.45996 
e: 92 loss: 0.30907 train_err: 10.516 test_top1: 17.560 test_loss 0.51799 
e: 93 loss: 0.31323 train_err: 10.662 test_top1: 17.160 test_loss 0.52165 
e: 94 loss: 0.31528 train_err: 10.840 test_top1: 18.180 test_loss 0.56366 
e: 95 loss: 0.31156 train_err: 10.560 test_top1: 13.150 test_loss 0.40460 
e: 96 loss: 0.31074 train_err: 10.552 test_top1: 16.260 test_loss 0.52460 
e: 97 loss: 0.30773 train_err: 10.520 test_top1: 17.630 test_loss 0.51363 
e: 98 loss: 0.31320 train_err: 10.694 test_top1: 21.210 test_loss 0.68722 
e: 99 loss: 0.30820 train_err: 10.508 test_top1: 22.180 test_loss 0.65397 
e: 100 loss: 0.31540 train_err: 10.836 test_top1: 15.950 test_loss 0.48381 
e: 101 loss: 0.31224 train_err: 10.686 test_top1: 18.570 test_loss 0.56016 
e: 102 loss: 0.30978 train_err: 10.676 test_top1: 19.240 test_loss 0.59323 
e: 103 loss: 0.31241 train_err: 10.764 test_top1: 16.720 test_loss 0.51351 
e: 104 loss: 0.30875 train_err: 10.698 test_top1: 18.520 test_loss 0.54398 
e: 105 loss: 0.30874 train_err: 10.544 test_top1: 17.320 test_loss 0.54567 
e: 106 loss: 0.31151 train_err: 10.630 test_top1: 16.190 test_loss 0.49694 
e: 107 loss: 0.30710 train_err: 10.396 test_top1: 16.700 test_loss 0.54142 
e: 108 loss: 0.31264 train_err: 10.652 test_top1: 21.760 test_loss 0.72691 
e: 109 loss: 0.31242 train_err: 10.726 test_top1: 13.310 test_loss 0.39857 
e: 110 loss: 0.30784 train_err: 10.490 test_top1: 14.520 test_loss 0.45007 
e: 111 loss: 0.30970 train_err: 10.508 test_top1: 17.070 test_loss 0.51672 
e: 112 loss: 0.30790 train_err: 10.514 test_top1: 16.140 test_loss 0.50797 
e: 113 loss: 0.30774 train_err: 10.480 test_top1: 18.350 test_loss 0.55719 
e: 114 loss: 0.30869 train_err: 10.582 test_top1: 13.520 test_loss 0.39440 
e: 115 loss: 0.31176 train_err: 10.688 test_top1: 18.180 test_loss 0.54458 
e: 116 loss: 0.30766 train_err: 10.460 test_top1: 15.940 test_loss 0.47624 
e: 117 loss: 0.30925 train_err: 10.640 test_top1: 14.600 test_loss 0.44638 
e: 118 loss: 0.30621 train_err: 10.572 test_top1: 14.280 test_loss 0.42993 
e: 119 loss: 0.30660 train_err: 10.498 test_top1: 16.220 test_loss 0.50224 
e: 120 loss: 0.30675 train_err: 10.588 test_top1: 14.940 test_loss 0.44190 
e: 121 loss: 0.30599 train_err: 10.458 test_top1: 17.020 test_loss 0.53054 
e: 122 loss: 0.30720 train_err: 10.510 test_top1: 17.060 test_loss 0.52324 
e: 123 loss: 0.30649 train_err: 10.378 test_top1: 13.900 test_loss 0.41573 
e: 124 loss: 0.30625 train_err: 10.308 test_top1: 21.560 test_loss 0.69322 
e: 125 loss: 0.30756 train_err: 10.698 test_top1: 16.150 test_loss 0.47663 
e: 126 loss: 0.30578 train_err: 10.500 test_top1: 15.120 test_loss 0.46855 
e: 127 loss: 0.30845 train_err: 10.446 test_top1: 15.600 test_loss 0.48175 
e: 128 loss: 0.31264 train_err: 10.746 test_top1: 15.990 test_loss 0.47073 
e: 129 loss: 0.30608 train_err: 10.514 test_top1: 17.780 test_loss 0.55897 
e: 130 loss: 0.30889 train_err: 10.562 test_top1: 16.700 test_loss 0.49907 
e: 131 loss: 0.30178 train_err: 10.616 test_top1: 21.190 test_loss 0.64003 
e: 132 loss: 0.31064 train_err: 10.636 test_top1: 15.470 test_loss 0.48341 
e: 133 loss: 0.30494 train_err: 10.522 test_top1: 18.180 test_loss 0.57174 
e: 134 loss: 0.30914 train_err: 10.650 test_top1: 13.460 test_loss 0.41153 
e: 135 loss: 0.30628 train_err: 10.470 test_top1: 15.610 test_loss 0.46117 
e: 136 loss: 0.30770 train_err: 10.530 test_top1: 15.680 test_loss 0.48983 
e: 137 loss: 0.30543 train_err: 10.492 test_top1: 17.330 test_loss 0.51988 
e: 138 loss: 0.30732 train_err: 10.410 test_top1: 14.270 test_loss 0.42690 
e: 139 loss: 0.30719 train_err: 10.506 test_top1: 15.430 test_loss 0.45487 
e: 140 loss: 0.30714 train_err: 10.656 test_top1: 18.030 test_loss 0.54005 
e: 141 loss: 0.30435 train_err: 10.256 test_top1: 18.460 test_loss 0.60022 
e: 142 loss: 0.30880 train_err: 10.430 test_top1: 16.290 test_loss 0.50154 
e: 143 loss: 0.30688 train_err: 10.490 test_top1: 17.000 test_loss 0.54589 
e: 144 loss: 0.30344 train_err: 10.270 test_top1: 17.560 test_loss 0.54180 
e: 145 loss: 0.30611 train_err: 10.438 test_top1: 13.750 test_loss 0.41474 
e: 146 loss: 0.30432 train_err: 10.472 test_top1: 19.460 test_loss 0.61071 
e: 147 loss: 0.30660 train_err: 10.510 test_top1: 17.340 test_loss 0.53200 
e: 148 loss: 0.30573 train_err: 10.396 test_top1: 17.560 test_loss 0.53869 
e: 149 loss: 0.30694 train_err: 10.456 test_top1: 17.220 test_loss 0.53543 
e: 150 loss: 0.30244 train_err: 10.426 test_top1: 16.770 test_loss 0.50101 
e: 151 loss: 0.16409 train_err: 5.332 test_top1: 7.760 test_loss 0.22628 
e: 152 loss: 0.12332 train_err: 3.992 test_top1: 7.140 test_loss 0.21320 
e: 153 loss: 0.10155 train_err: 3.328 test_top1: 7.220 test_loss 0.21427 
e: 154 loss: 0.08713 train_err: 2.826 test_top1: 6.920 test_loss 0.21173 
e: 155 loss: 0.07965 train_err: 2.548 test_top1: 6.810 test_loss 0.21403 
e: 156 loss: 0.06989 train_err: 2.194 test_top1: 6.920 test_loss 0.21413 
e: 157 loss: 0.06442 train_err: 2.072 test_top1: 6.920 test_loss 0.21927 
e: 158 loss: 0.05712 train_err: 1.814 test_top1: 7.310 test_loss 0.23019 
e: 159 loss: 0.05235 train_err: 1.718 test_top1: 7.030 test_loss 0.22530 
e: 160 loss: 0.04848 train_err: 1.540 test_top1: 7.020 test_loss 0.23122 
e: 161 loss: 0.04541 train_err: 1.384 test_top1: 6.970 test_loss 0.22802 
e: 162 loss: 0.04079 train_err: 1.238 test_top1: 7.090 test_loss 0.23608 
e: 163 loss: 0.03730 train_err: 1.078 test_top1: 6.910 test_loss 0.22824 
e: 164 loss: 0.03434 train_err: 0.980 test_top1: 7.020 test_loss 0.23209 
e: 165 loss: 0.03338 train_err: 0.984 test_top1: 7.060 test_loss 0.23712 
e: 166 loss: 0.03267 train_err: 0.970 test_top1: 6.790 test_loss 0.23849 
e: 167 loss: 0.03305 train_err: 0.982 test_top1: 6.990 test_loss 0.23776 
e: 168 loss: 0.02913 train_err: 0.816 test_top1: 6.870 test_loss 0.24232 
e: 169 loss: 0.02933 train_err: 0.840 test_top1: 7.770 test_loss 0.26540 
e: 170 loss: 0.02890 train_err: 0.836 test_top1: 7.030 test_loss 0.24119 
e: 171 loss: 0.02931 train_err: 0.876 test_top1: 6.980 test_loss 0.25151 
e: 172 loss: 0.02841 train_err: 0.842 test_top1: 7.050 test_loss 0.24641 
e: 173 loss: 0.03010 train_err: 0.908 test_top1: 7.050 test_loss 0.24161 
e: 174 loss: 0.02931 train_err: 0.844 test_top1: 7.210 test_loss 0.25401 
e: 175 loss: 0.02875 train_err: 0.886 test_top1: 7.170 test_loss 0.25103 
e: 176 loss: 0.02903 train_err: 0.814 test_top1: 7.330 test_loss 0.25225 
e: 177 loss: 0.03040 train_err: 0.922 test_top1: 7.820 test_loss 0.27691 
e: 178 loss: 0.02977 train_err: 0.878 test_top1: 7.540 test_loss 0.26667 
e: 179 loss: 0.03067 train_err: 0.922 test_top1: 7.570 test_loss 0.27403 
e: 180 loss: 0.03099 train_err: 0.958 test_top1: 7.610 test_loss 0.27956 
e: 181 loss: 0.03844 train_err: 1.240 test_top1: 7.440 test_loss 0.26286 
e: 182 loss: 0.03655 train_err: 1.142 test_top1: 9.210 test_loss 0.34536 
e: 183 loss: 0.03987 train_err: 1.290 test_top1: 7.580 test_loss 0.27045 
e: 184 loss: 0.04128 train_err: 1.330 test_top1: 7.940 test_loss 0.28295 
e: 185 loss: 0.04030 train_err: 1.270 test_top1: 7.910 test_loss 0.28873 
e: 186 loss: 0.03937 train_err: 1.236 test_top1: 7.850 test_loss 0.28014 
e: 187 loss: 0.04082 train_err: 1.304 test_top1: 7.440 test_loss 0.27482 
e: 188 loss: 0.04025 train_err: 1.290 test_top1: 8.660 test_loss 0.30089 
e: 189 loss: 0.03737 train_err: 1.116 test_top1: 8.770 test_loss 0.32889 
e: 190 loss: 0.04428 train_err: 1.422 test_top1: 7.940 test_loss 0.29115 
e: 191 loss: 0.04797 train_err: 1.550 test_top1: 8.350 test_loss 0.30410 
e: 192 loss: 0.04451 train_err: 1.416 test_top1: 8.340 test_loss 0.30275 
e: 193 loss: 0.04420 train_err: 1.434 test_top1: 8.460 test_loss 0.29241 
e: 194 loss: 0.04411 train_err: 1.442 test_top1: 9.040 test_loss 0.32161 
e: 195 loss: 0.04715 train_err: 1.540 test_top1: 8.240 test_loss 0.29733 
e: 196 loss: 0.04683 train_err: 1.502 test_top1: 8.340 test_loss 0.31150 
e: 197 loss: 0.05098 train_err: 1.714 test_top1: 8.820 test_loss 0.31349 
e: 198 loss: 0.05134 train_err: 1.690 test_top1: 9.640 test_loss 0.33892 
e: 199 loss: 0.05017 train_err: 1.588 test_top1: 9.340 test_loss 0.33586 
e: 200 loss: 0.04974 train_err: 1.524 test_top1: 8.840 test_loss 0.29869 
e: 201 loss: 0.04670 train_err: 1.518 test_top1: 8.640 test_loss 0.30613 
e: 202 loss: 0.04481 train_err: 1.420 test_top1: 8.040 test_loss 0.29300 
e: 203 loss: 0.04997 train_err: 1.624 test_top1: 9.380 test_loss 0.33650 
e: 204 loss: 0.04973 train_err: 1.656 test_top1: 8.410 test_loss 0.31773 
e: 205 loss: 0.04974 train_err: 1.638 test_top1: 8.640 test_loss 0.32094 
e: 206 loss: 0.04758 train_err: 1.520 test_top1: 8.670 test_loss 0.31470 
e: 207 loss: 0.04683 train_err: 1.524 test_top1: 8.990 test_loss 0.33210 
e: 208 loss: 0.04322 train_err: 1.418 test_top1: 8.270 test_loss 0.28871 
e: 209 loss: 0.04629 train_err: 1.540 test_top1: 9.290 test_loss 0.33785 
e: 210 loss: 0.04892 train_err: 1.638 test_top1: 9.010 test_loss 0.33281 
e: 211 loss: 0.04863 train_err: 1.622 test_top1: 8.170 test_loss 0.29642 
e: 212 loss: 0.04473 train_err: 1.426 test_top1: 8.250 test_loss 0.30325 
e: 213 loss: 0.04580 train_err: 1.534 test_top1: 9.060 test_loss 0.33056 
e: 214 loss: 0.04921 train_err: 1.604 test_top1: 8.570 test_loss 0.31031 
e: 215 loss: 0.04440 train_err: 1.392 test_top1: 9.240 test_loss 0.33987 
e: 216 loss: 0.04679 train_err: 1.566 test_top1: 8.600 test_loss 0.32443 
e: 217 loss: 0.04558 train_err: 1.474 test_top1: 8.980 test_loss 0.32841 
e: 218 loss: 0.04717 train_err: 1.510 test_top1: 8.110 test_loss 0.28822 
e: 219 loss: 0.05101 train_err: 1.700 test_top1: 9.740 test_loss 0.35035 
e: 220 loss: 0.05217 train_err: 1.674 test_top1: 9.140 test_loss 0.33165 
e: 221 loss: 0.05099 train_err: 1.662 test_top1: 8.470 test_loss 0.31086 
e: 222 loss: 0.04871 train_err: 1.588 test_top1: 9.040 test_loss 0.32218 
e: 223 loss: 0.04460 train_err: 1.446 test_top1: 8.840 test_loss 0.32418 
e: 224 loss: 0.04604 train_err: 1.474 test_top1: 8.730 test_loss 0.31819 
e: 225 loss: 0.04526 train_err: 1.446 test_top1: 8.930 test_loss 0.31836 
e: 226 loss: 0.02238 train_err: 0.562 test_top1: 6.530 test_loss 0.23497 
e: 227 loss: 0.01453 train_err: 0.330 test_top1: 6.490 test_loss 0.23033 
e: 228 loss: 0.01117 train_err: 0.202 test_top1: 6.290 test_loss 0.22661 
e: 229 loss: 0.00974 train_err: 0.162 test_top1: 6.460 test_loss 0.22508 
e: 230 loss: 0.00879 train_err: 0.148 test_top1: 6.440 test_loss 0.22468 
e: 231 loss: 0.00817 train_err: 0.132 test_top1: 6.390 test_loss 0.22585 
e: 232 loss: 0.00745 train_err: 0.098 test_top1: 6.350 test_loss 0.22511 
e: 233 loss: 0.00704 train_err: 0.086 test_top1: 6.360 test_loss 0.22681 
e: 234 loss: 0.00692 train_err: 0.080 test_top1: 6.170 test_loss 0.22277 
e: 235 loss: 0.00689 train_err: 0.090 test_top1: 6.250 test_loss 0.22530 
e: 236 loss: 0.00644 train_err: 0.078 test_top1: 6.300 test_loss 0.22575 
e: 237 loss: 0.00603 train_err: 0.070 test_top1: 6.340 test_loss 0.22632 
e: 238 loss: 0.00551 train_err: 0.056 test_top1: 6.280 test_loss 0.22513 
e: 239 loss: 0.00533 train_err: 0.048 test_top1: 6.280 test_loss 0.22261 
e: 240 loss: 0.00529 train_err: 0.042 test_top1: 6.240 test_loss 0.22559 
e: 241 loss: 0.00548 train_err: 0.056 test_top1: 6.110 test_loss 0.22563 
e: 242 loss: 0.00524 train_err: 0.046 test_top1: 6.110 test_loss 0.22591 
e: 243 loss: 0.00508 train_err: 0.052 test_top1: 6.150 test_loss 0.22290 
e: 244 loss: 0.00478 train_err: 0.034 test_top1: 6.260 test_loss 0.22233 
e: 245 loss: 0.00461 train_err: 0.032 test_top1: 6.200 test_loss 0.22238 
e: 246 loss: 0.00490 train_err: 0.046 test_top1: 6.120 test_loss 0.22207 
e: 247 loss: 0.00449 train_err: 0.028 test_top1: 6.160 test_loss 0.22442 
e: 248 loss: 0.00470 train_err: 0.042 test_top1: 6.080 test_loss 0.22324 
e: 249 loss: 0.00426 train_err: 0.032 test_top1: 6.100 test_loss 0.22153 
e: 250 loss: 0.00432 train_err: 0.036 test_top1: 6.180 test_loss 0.22252 
e: 251 loss: 0.00430 train_err: 0.022 test_top1: 6.130 test_loss 0.22294 
e: 252 loss: 0.00425 train_err: 0.032 test_top1: 5.980 test_loss 0.22119 
e: 253 loss: 0.00419 train_err: 0.024 test_top1: 6.050 test_loss 0.21976 
e: 254 loss: 0.00408 train_err: 0.024 test_top1: 6.190 test_loss 0.22168 
e: 255 loss: 0.00398 train_err: 0.028 test_top1: 6.070 test_loss 0.22242 
e: 256 loss: 0.00386 train_err: 0.018 test_top1: 6.020 test_loss 0.22060 
e: 257 loss: 0.00394 train_err: 0.028 test_top1: 6.060 test_loss 0.22040 
e: 258 loss: 0.00372 train_err: 0.020 test_top1: 6.120 test_loss 0.22134 
e: 259 loss: 0.00431 train_err: 0.038 test_top1: 6.210 test_loss 0.22156 
e: 260 loss: 0.00396 train_err: 0.018 test_top1: 6.130 test_loss 0.22065 
e: 261 loss: 0.00402 train_err: 0.018 test_top1: 5.980 test_loss 0.22013 
e: 262 loss: 0.00385 train_err: 0.028 test_top1: 6.130 test_loss 0.22090 
e: 263 loss: 0.00361 train_err: 0.022 test_top1: 6.060 test_loss 0.22085 
e: 264 loss: 0.00387 train_err: 0.026 test_top1: 6.150 test_loss 0.22096 
e: 265 loss: 0.00363 train_err: 0.022 test_top1: 6.120 test_loss 0.22080 
e: 266 loss: 0.00315 train_err: 0.008 test_top1: 6.130 test_loss 0.22025 
e: 267 loss: 0.00354 train_err: 0.016 test_top1: 6.090 test_loss 0.21968 
e: 268 loss: 0.00362 train_err: 0.016 test_top1: 6.110 test_loss 0.22067 
e: 269 loss: 0.00328 train_err: 0.010 test_top1: 6.150 test_loss 0.21849 
e: 270 loss: 0.00340 train_err: 0.012 test_top1: 6.140 test_loss 0.21881 
e: 271 loss: 0.00365 train_err: 0.016 test_top1: 6.080 test_loss 0.21914 
e: 272 loss: 0.00308 train_err: 0.008 test_top1: 6.050 test_loss 0.21957 
e: 273 loss: 0.00346 train_err: 0.016 test_top1: 6.110 test_loss 0.22006 
e: 274 loss: 0.00328 train_err: 0.012 test_top1: 6.080 test_loss 0.21866 
e: 275 loss: 0.00330 train_err: 0.016 test_top1: 6.000 test_loss 0.21847 
e: 276 loss: 0.00325 train_err: 0.012 test_top1: 6.020 test_loss 0.21688 
e: 277 loss: 0.00305 train_err: 0.008 test_top1: 5.950 test_loss 0.21760 
e: 278 loss: 0.00316 train_err: 0.010 test_top1: 6.020 test_loss 0.21827 
e: 279 loss: 0.00322 train_err: 0.010 test_top1: 5.990 test_loss 0.21687 
e: 280 loss: 0.00343 train_err: 0.018 test_top1: 6.070 test_loss 0.21765 
e: 281 loss: 0.00307 train_err: 0.008 test_top1: 6.010 test_loss 0.21723 
e: 282 loss: 0.00305 train_err: 0.004 test_top1: 5.900 test_loss 0.21737 
e: 283 loss: 0.00319 train_err: 0.024 test_top1: 5.960 test_loss 0.21754 
e: 284 loss: 0.00320 train_err: 0.002 test_top1: 6.010 test_loss 0.21701 
e: 285 loss: 0.00326 train_err: 0.014 test_top1: 6.000 test_loss 0.21734 
e: 286 loss: 0.00311 train_err: 0.008 test_top1: 6.080 test_loss 0.21770 
e: 287 loss: 0.00305 train_err: 0.004 test_top1: 6.000 test_loss 0.21762 
e: 288 loss: 0.00315 train_err: 0.014 test_top1: 5.980 test_loss 0.21803 
e: 289 loss: 0.00313 train_err: 0.004 test_top1: 6.010 test_loss 0.21819 
e: 290 loss: 0.00322 train_err: 0.018 test_top1: 6.010 test_loss 0.21817 
e: 291 loss: 0.00318 train_err: 0.010 test_top1: 6.110 test_loss 0.21836 
e: 292 loss: 0.00299 train_err: 0.004 test_top1: 6.090 test_loss 0.21867 
e: 293 loss: 0.00323 train_err: 0.012 test_top1: 6.040 test_loss 0.21725 
e: 294 loss: 0.00314 train_err: 0.006 test_top1: 5.950 test_loss 0.21730 
e: 295 loss: 0.00303 train_err: 0.010 test_top1: 5.930 test_loss 0.21661 
e: 296 loss: 0.00312 train_err: 0.012 test_top1: 5.920 test_loss 0.21617 
e: 297 loss: 0.00317 train_err: 0.016 test_top1: 6.030 test_loss 0.21715 
e: 298 loss: 0.00311 train_err: 0.012 test_top1: 5.990 test_loss 0.21703 
e: 299 loss: 0.00314 train_err: 0.008 test_top1: 5.990 test_loss 0.21740 
e: 300 loss: 0.00305 train_err: 0.010 test_top1: 6.000 test_loss 0.21730 
