e: 0 loss: -1.00000 train_err: -1.000 test_top1: 90.060 test_loss 2.30259 
e: 1 loss: 2.16286 train_err: 77.892 test_top1: 77.710 test_loss 2.21241 
e: 2 loss: 1.77671 train_err: 64.478 test_top1: 70.600 test_loss 1.86313 
e: 3 loss: 1.51062 train_err: 55.452 test_top1: 54.000 test_loss 1.43675 
e: 4 loss: 1.32833 train_err: 48.664 test_top1: 49.480 test_loss 1.35513 
e: 5 loss: 1.22908 train_err: 44.718 test_top1: 45.210 test_loss 1.22958 
e: 6 loss: 1.13540 train_err: 41.172 test_top1: 44.790 test_loss 1.28533 
e: 7 loss: 1.04751 train_err: 37.630 test_top1: 44.890 test_loss 1.30596 
e: 8 loss: 0.95340 train_err: 34.452 test_top1: 37.670 test_loss 1.04395 
e: 9 loss: 0.90143 train_err: 32.144 test_top1: 30.750 test_loss 0.88102 
e: 10 loss: 0.80950 train_err: 28.650 test_top1: 31.860 test_loss 0.92681 
e: 11 loss: 0.79672 train_err: 28.258 test_top1: 28.470 test_loss 0.81834 
e: 12 loss: 0.73368 train_err: 26.138 test_top1: 30.880 test_loss 0.87757 
e: 13 loss: 0.70269 train_err: 24.840 test_top1: 28.510 test_loss 0.83617 
e: 14 loss: 0.67730 train_err: 23.822 test_top1: 29.650 test_loss 0.86043 
e: 15 loss: 0.64176 train_err: 22.600 test_top1: 33.110 test_loss 1.00850 
e: 16 loss: 0.64255 train_err: 22.656 test_top1: 26.590 test_loss 0.77838 
e: 17 loss: 0.58521 train_err: 20.518 test_top1: 28.470 test_loss 0.84743 
e: 18 loss: 0.56202 train_err: 19.622 test_top1: 33.130 test_loss 0.97757 
e: 19 loss: 0.58687 train_err: 20.406 test_top1: 23.560 test_loss 0.69888 
e: 20 loss: 0.52221 train_err: 18.160 test_top1: 26.170 test_loss 0.78446 
e: 21 loss: 0.52477 train_err: 18.368 test_top1: 23.860 test_loss 0.70740 
e: 22 loss: 0.48916 train_err: 16.946 test_top1: 28.110 test_loss 0.85023 
e: 23 loss: 0.47370 train_err: 16.438 test_top1: 23.610 test_loss 0.70194 
e: 24 loss: 0.45509 train_err: 15.910 test_top1: 27.370 test_loss 0.84315 
e: 25 loss: 0.45174 train_err: 15.792 test_top1: 22.360 test_loss 0.65484 
e: 26 loss: 0.43218 train_err: 15.034 test_top1: 22.280 test_loss 0.68459 
e: 27 loss: 0.42489 train_err: 14.834 test_top1: 26.160 test_loss 0.85562 
e: 28 loss: 0.41169 train_err: 14.386 test_top1: 23.940 test_loss 0.75013 
e: 29 loss: 0.39228 train_err: 13.490 test_top1: 21.010 test_loss 0.64110 
e: 30 loss: 0.39021 train_err: 13.568 test_top1: 21.190 test_loss 0.64611 
e: 31 loss: 0.37652 train_err: 13.174 test_top1: 21.010 test_loss 0.64686 
e: 32 loss: 0.36703 train_err: 12.774 test_top1: 26.370 test_loss 0.84844 
e: 33 loss: 0.36302 train_err: 12.564 test_top1: 21.680 test_loss 0.67330 
e: 34 loss: 0.34678 train_err: 12.008 test_top1: 25.310 test_loss 0.81380 
e: 35 loss: 0.34026 train_err: 11.932 test_top1: 20.750 test_loss 0.66217 
e: 36 loss: 0.33500 train_err: 11.524 test_top1: 26.240 test_loss 0.87286 
e: 37 loss: 0.33927 train_err: 11.908 test_top1: 19.900 test_loss 0.61629 
e: 38 loss: 0.31774 train_err: 11.122 test_top1: 23.830 test_loss 0.79636 
e: 39 loss: 0.30735 train_err: 10.678 test_top1: 19.120 test_loss 0.61582 
e: 40 loss: 0.29339 train_err: 10.170 test_top1: 20.030 test_loss 0.63390 
e: 41 loss: 0.29208 train_err: 10.194 test_top1: 18.770 test_loss 0.59549 
e: 42 loss: 0.27767 train_err: 9.642 test_top1: 23.520 test_loss 0.79628 
e: 43 loss: 0.28691 train_err: 10.094 test_top1: 19.770 test_loss 0.67518 
e: 44 loss: 0.27608 train_err: 9.388 test_top1: 23.670 test_loss 0.83495 
e: 45 loss: 0.27120 train_err: 9.404 test_top1: 17.370 test_loss 0.56281 
e: 46 loss: 0.26048 train_err: 8.982 test_top1: 22.970 test_loss 0.78417 
e: 47 loss: 0.26030 train_err: 9.180 test_top1: 18.150 test_loss 0.59319 
e: 48 loss: 0.24738 train_err: 8.720 test_top1: 17.910 test_loss 0.58457 
e: 49 loss: 0.23935 train_err: 8.292 test_top1: 19.350 test_loss 0.60992 
e: 50 loss: 0.24839 train_err: 8.704 test_top1: 18.570 test_loss 0.59751 
e: 51 loss: 0.23181 train_err: 8.108 test_top1: 16.970 test_loss 0.52621 
e: 52 loss: 0.22318 train_err: 7.784 test_top1: 18.040 test_loss 0.58341 
e: 53 loss: 0.21904 train_err: 7.648 test_top1: 18.430 test_loss 0.62289 
e: 54 loss: 0.21391 train_err: 7.570 test_top1: 24.800 test_loss 0.89796 
e: 55 loss: 0.21346 train_err: 7.402 test_top1: 19.180 test_loss 0.63812 
e: 56 loss: 0.21030 train_err: 7.374 test_top1: 20.600 test_loss 0.71933 
e: 57 loss: 0.20212 train_err: 7.070 test_top1: 18.150 test_loss 0.61876 
e: 58 loss: 0.19917 train_err: 6.990 test_top1: 19.720 test_loss 0.69373 
e: 59 loss: 0.19421 train_err: 6.784 test_top1: 16.770 test_loss 0.56864 
e: 60 loss: 0.18625 train_err: 6.524 test_top1: 20.090 test_loss 0.72231 
e: 61 loss: 0.18930 train_err: 6.670 test_top1: 19.040 test_loss 0.68798 
e: 62 loss: 0.18554 train_err: 6.632 test_top1: 19.210 test_loss 0.69379 
e: 63 loss: 0.17733 train_err: 6.248 test_top1: 18.020 test_loss 0.63874 
e: 64 loss: 0.17257 train_err: 5.954 test_top1: 20.300 test_loss 0.71378 
e: 65 loss: 0.16797 train_err: 5.814 test_top1: 17.360 test_loss 0.60259 
e: 66 loss: 0.16131 train_err: 5.626 test_top1: 19.970 test_loss 0.72251 
e: 67 loss: 0.15772 train_err: 5.460 test_top1: 18.840 test_loss 0.70088 
e: 68 loss: 0.15756 train_err: 5.374 test_top1: 17.440 test_loss 0.64087 
e: 69 loss: 0.15541 train_err: 5.410 test_top1: 18.480 test_loss 0.67788 
e: 70 loss: 0.17557 train_err: 6.246 test_top1: 17.780 test_loss 0.65656 
e: 71 loss: 0.14977 train_err: 5.128 test_top1: 19.480 test_loss 0.70540 
e: 72 loss: 0.14121 train_err: 4.846 test_top1: 17.570 test_loss 0.65278 
e: 73 loss: 0.13551 train_err: 4.704 test_top1: 21.090 test_loss 0.85742 
e: 74 loss: 0.13529 train_err: 4.682 test_top1: 20.500 test_loss 0.81320 
e: 75 loss: 0.13509 train_err: 4.642 test_top1: 16.570 test_loss 0.59376 
e: 76 loss: 0.13486 train_err: 4.658 test_top1: 18.420 test_loss 0.73159 
e: 77 loss: 0.13151 train_err: 4.534 test_top1: 17.160 test_loss 0.64604 
e: 78 loss: 0.12437 train_err: 4.368 test_top1: 15.480 test_loss 0.56799 
e: 79 loss: 0.12300 train_err: 4.354 test_top1: 16.150 test_loss 0.59700 
e: 80 loss: 0.11202 train_err: 3.830 test_top1: 15.390 test_loss 0.55241 
e: 81 loss: 0.11656 train_err: 4.058 test_top1: 15.920 test_loss 0.57884 
e: 82 loss: 0.11382 train_err: 3.988 test_top1: 15.650 test_loss 0.57191 
e: 83 loss: 0.11095 train_err: 3.806 test_top1: 19.270 test_loss 0.78879 
e: 84 loss: 0.11836 train_err: 4.118 test_top1: 18.290 test_loss 0.71270 
e: 85 loss: 0.11562 train_err: 4.058 test_top1: 16.150 test_loss 0.60728 
e: 86 loss: 0.12259 train_err: 4.208 test_top1: 16.280 test_loss 0.61299 
e: 87 loss: 0.10859 train_err: 3.718 test_top1: 15.120 test_loss 0.57531 
e: 88 loss: 0.10637 train_err: 3.646 test_top1: 17.500 test_loss 0.69724 
e: 89 loss: 0.10132 train_err: 3.586 test_top1: 21.870 test_loss 0.96062 
e: 90 loss: 0.09892 train_err: 3.480 test_top1: 20.460 test_loss 0.84759 
e: 91 loss: 0.09898 train_err: 3.424 test_top1: 15.610 test_loss 0.58713 
e: 92 loss: 0.09592 train_err: 3.286 test_top1: 15.670 test_loss 0.61507 
e: 93 loss: 0.09484 train_err: 3.234 test_top1: 15.870 test_loss 0.60506 
e: 94 loss: 0.08933 train_err: 3.086 test_top1: 15.670 test_loss 0.60712 
e: 95 loss: 0.08159 train_err: 2.718 test_top1: 14.270 test_loss 0.55127 
e: 96 loss: 0.08211 train_err: 2.880 test_top1: 15.630 test_loss 0.61905 
e: 97 loss: 0.07948 train_err: 2.724 test_top1: 14.770 test_loss 0.58855 
e: 98 loss: 0.08505 train_err: 2.952 test_top1: 16.040 test_loss 0.65903 
e: 99 loss: 0.08302 train_err: 2.856 test_top1: 15.110 test_loss 0.60299 
e: 100 loss: 0.08241 train_err: 2.850 test_top1: 15.070 test_loss 0.60516 
e: 101 loss: 0.07753 train_err: 2.746 test_top1: 15.350 test_loss 0.63216 
e: 102 loss: 0.07762 train_err: 2.746 test_top1: 17.060 test_loss 0.74571 
e: 103 loss: 0.07754 train_err: 2.700 test_top1: 16.050 test_loss 0.68825 
e: 104 loss: 0.07717 train_err: 2.708 test_top1: 15.860 test_loss 0.64305 
e: 105 loss: 0.07265 train_err: 2.442 test_top1: 14.600 test_loss 0.59687 
e: 106 loss: 0.06853 train_err: 2.332 test_top1: 16.670 test_loss 0.74731 
e: 107 loss: 0.06619 train_err: 2.290 test_top1: 15.140 test_loss 0.65273 
e: 108 loss: 0.06473 train_err: 2.214 test_top1: 17.240 test_loss 0.75938 
e: 109 loss: 0.06998 train_err: 2.390 test_top1: 14.390 test_loss 0.61546 
e: 110 loss: 0.07314 train_err: 2.496 test_top1: 14.740 test_loss 0.65184 
e: 111 loss: 0.06640 train_err: 2.250 test_top1: 16.080 test_loss 0.70487 
e: 112 loss: 0.06057 train_err: 2.060 test_top1: 19.420 test_loss 0.91554 
e: 113 loss: 0.06312 train_err: 2.142 test_top1: 15.360 test_loss 0.64320 
e: 114 loss: 0.06134 train_err: 2.068 test_top1: 14.050 test_loss 0.59728 
e: 115 loss: 0.05903 train_err: 1.996 test_top1: 16.470 test_loss 0.70110 
e: 116 loss: 0.05747 train_err: 1.974 test_top1: 17.510 test_loss 0.81396 
e: 117 loss: 0.06375 train_err: 2.202 test_top1: 15.370 test_loss 0.67464 
e: 118 loss: 0.06110 train_err: 2.168 test_top1: 14.130 test_loss 0.60298 
e: 119 loss: 0.05763 train_err: 1.968 test_top1: 14.200 test_loss 0.61989 
e: 120 loss: 0.05422 train_err: 1.808 test_top1: 13.820 test_loss 0.59636 
e: 121 loss: 0.05041 train_err: 1.680 test_top1: 14.220 test_loss 0.60235 
e: 122 loss: 0.05170 train_err: 1.804 test_top1: 15.650 test_loss 0.69285 
e: 123 loss: 0.05500 train_err: 1.864 test_top1: 13.940 test_loss 0.60146 
e: 124 loss: 0.04805 train_err: 1.644 test_top1: 13.870 test_loss 0.60268 
e: 125 loss: 0.04590 train_err: 1.492 test_top1: 13.670 test_loss 0.60763 
e: 126 loss: 0.04627 train_err: 1.514 test_top1: 14.360 test_loss 0.62623 
e: 127 loss: 0.04621 train_err: 1.566 test_top1: 14.650 test_loss 0.64527 
e: 128 loss: 0.04947 train_err: 1.708 test_top1: 18.510 test_loss 0.90742 
e: 129 loss: 0.04502 train_err: 1.502 test_top1: 14.460 test_loss 0.68854 
e: 130 loss: 0.04513 train_err: 1.500 test_top1: 14.330 test_loss 0.64404 
e: 131 loss: 0.04744 train_err: 1.610 test_top1: 13.660 test_loss 0.61918 
e: 132 loss: 0.04238 train_err: 1.386 test_top1: 15.490 test_loss 0.72643 
e: 133 loss: 0.04198 train_err: 1.324 test_top1: 14.560 test_loss 0.65611 
e: 134 loss: 0.05464 train_err: 1.920 test_top1: 14.780 test_loss 0.68330 
e: 135 loss: 0.04726 train_err: 1.628 test_top1: 14.280 test_loss 0.64484 
e: 136 loss: 0.05131 train_err: 1.732 test_top1: 15.330 test_loss 0.69509 
e: 137 loss: 0.04577 train_err: 1.464 test_top1: 14.390 test_loss 0.66112 
e: 138 loss: 0.04547 train_err: 1.552 test_top1: 14.920 test_loss 0.68858 
e: 139 loss: 0.04387 train_err: 1.444 test_top1: 15.120 test_loss 0.69386 
e: 140 loss: 0.04394 train_err: 1.452 test_top1: 16.140 test_loss 0.79435 
e: 141 loss: 0.04350 train_err: 1.536 test_top1: 14.150 test_loss 0.63054 
e: 142 loss: 0.04442 train_err: 1.518 test_top1: 17.940 test_loss 0.94487 
e: 143 loss: 0.04624 train_err: 1.588 test_top1: 13.300 test_loss 0.62402 
e: 144 loss: 0.04394 train_err: 1.488 test_top1: 13.470 test_loss 0.62512 
e: 145 loss: 0.04072 train_err: 1.372 test_top1: 13.700 test_loss 0.62644 
e: 146 loss: 0.04163 train_err: 1.390 test_top1: 13.960 test_loss 0.63216 
e: 147 loss: 0.04118 train_err: 1.428 test_top1: 13.820 test_loss 0.62589 
e: 148 loss: 0.03670 train_err: 1.242 test_top1: 13.960 test_loss 0.62653 
e: 149 loss: 0.03981 train_err: 1.356 test_top1: 14.050 test_loss 0.65506 
e: 150 loss: 0.03396 train_err: 1.050 test_top1: 13.820 test_loss 0.63957 
e: 151 loss: 0.03953 train_err: 1.390 test_top1: 12.040 test_loss 0.54056 
e: 152 loss: 0.02870 train_err: 0.890 test_top1: 11.610 test_loss 0.52664 
e: 153 loss: 0.02543 train_err: 0.746 test_top1: 11.480 test_loss 0.51879 
e: 154 loss: 0.02288 train_err: 0.648 test_top1: 11.350 test_loss 0.51709 
e: 155 loss: 0.02250 train_err: 0.640 test_top1: 11.350 test_loss 0.51269 
e: 156 loss: 0.02067 train_err: 0.594 test_top1: 11.390 test_loss 0.51100 
e: 157 loss: 0.02005 train_err: 0.536 test_top1: 11.310 test_loss 0.50824 
e: 158 loss: 0.01943 train_err: 0.504 test_top1: 11.210 test_loss 0.50579 
e: 159 loss: 0.01884 train_err: 0.518 test_top1: 11.300 test_loss 0.50834 
e: 160 loss: 0.01807 train_err: 0.478 test_top1: 11.360 test_loss 0.51234 
e: 161 loss: 0.01821 train_err: 0.444 test_top1: 11.390 test_loss 0.51649 
e: 162 loss: 0.01742 train_err: 0.464 test_top1: 11.350 test_loss 0.51283 
e: 163 loss: 0.01647 train_err: 0.408 test_top1: 11.220 test_loss 0.51327 
e: 164 loss: 0.01632 train_err: 0.420 test_top1: 11.350 test_loss 0.51308 
e: 165 loss: 0.01669 train_err: 0.418 test_top1: 11.410 test_loss 0.51168 
e: 166 loss: 0.01551 train_err: 0.384 test_top1: 11.330 test_loss 0.51003 
e: 167 loss: 0.01605 train_err: 0.390 test_top1: 11.230 test_loss 0.51469 
e: 168 loss: 0.01678 train_err: 0.440 test_top1: 11.270 test_loss 0.51170 
e: 169 loss: 0.01615 train_err: 0.394 test_top1: 11.190 test_loss 0.51122 
e: 170 loss: 0.01579 train_err: 0.414 test_top1: 11.170 test_loss 0.50912 
e: 171 loss: 0.01544 train_err: 0.386 test_top1: 11.340 test_loss 0.51566 
e: 172 loss: 0.01566 train_err: 0.380 test_top1: 11.200 test_loss 0.51436 
e: 173 loss: 0.01450 train_err: 0.310 test_top1: 11.040 test_loss 0.51054 
e: 174 loss: 0.01436 train_err: 0.316 test_top1: 11.090 test_loss 0.51135 
e: 175 loss: 0.01397 train_err: 0.302 test_top1: 11.190 test_loss 0.51650 
e: 176 loss: 0.01437 train_err: 0.318 test_top1: 11.050 test_loss 0.51076 
e: 177 loss: 0.01421 train_err: 0.336 test_top1: 11.090 test_loss 0.51322 
e: 178 loss: 0.01466 train_err: 0.340 test_top1: 11.110 test_loss 0.51299 
e: 179 loss: 0.01396 train_err: 0.326 test_top1: 11.090 test_loss 0.51148 
e: 180 loss: 0.01384 train_err: 0.318 test_top1: 11.130 test_loss 0.51266 
e: 181 loss: 0.01364 train_err: 0.310 test_top1: 11.220 test_loss 0.51260 
e: 182 loss: 0.01300 train_err: 0.266 test_top1: 11.100 test_loss 0.51322 
e: 183 loss: 0.01348 train_err: 0.320 test_top1: 11.010 test_loss 0.51621 
e: 184 loss: 0.01324 train_err: 0.302 test_top1: 11.140 test_loss 0.52072 
e: 185 loss: 0.01360 train_err: 0.322 test_top1: 11.120 test_loss 0.52134 
e: 186 loss: 0.01382 train_err: 0.338 test_top1: 11.120 test_loss 0.51649 
e: 187 loss: 0.01219 train_err: 0.238 test_top1: 11.140 test_loss 0.51755 
e: 188 loss: 0.01235 train_err: 0.270 test_top1: 11.030 test_loss 0.51672 
e: 189 loss: 0.01276 train_err: 0.300 test_top1: 11.130 test_loss 0.51920 
e: 190 loss: 0.01202 train_err: 0.232 test_top1: 11.120 test_loss 0.51908 
e: 191 loss: 0.01262 train_err: 0.290 test_top1: 11.200 test_loss 0.52198 
e: 192 loss: 0.01209 train_err: 0.244 test_top1: 11.230 test_loss 0.52162 
e: 193 loss: 0.01185 train_err: 0.258 test_top1: 11.180 test_loss 0.52010 
e: 194 loss: 0.01237 train_err: 0.258 test_top1: 11.140 test_loss 0.51995 
e: 195 loss: 0.01224 train_err: 0.252 test_top1: 11.130 test_loss 0.52021 
e: 196 loss: 0.01242 train_err: 0.284 test_top1: 11.190 test_loss 0.51973 
e: 197 loss: 0.01237 train_err: 0.258 test_top1: 11.260 test_loss 0.52026 
e: 198 loss: 0.01204 train_err: 0.264 test_top1: 11.190 test_loss 0.51995 
e: 199 loss: 0.01240 train_err: 0.286 test_top1: 11.070 test_loss 0.52041 
e: 200 loss: 0.01186 train_err: 0.260 test_top1: 11.120 test_loss 0.52554 
e: 201 loss: 0.01267 train_err: 0.292 test_top1: 11.300 test_loss 0.53223 
e: 202 loss: 0.01141 train_err: 0.250 test_top1: 11.310 test_loss 0.52356 
e: 203 loss: 0.01108 train_err: 0.218 test_top1: 11.150 test_loss 0.51993 
e: 204 loss: 0.01140 train_err: 0.248 test_top1: 11.150 test_loss 0.52012 
e: 205 loss: 0.01123 train_err: 0.250 test_top1: 11.270 test_loss 0.52279 
e: 206 loss: 0.01074 train_err: 0.222 test_top1: 11.140 test_loss 0.52398 
e: 207 loss: 0.01102 train_err: 0.208 test_top1: 11.210 test_loss 0.52289 
e: 208 loss: 0.01168 train_err: 0.236 test_top1: 11.210 test_loss 0.52614 
e: 209 loss: 0.01101 train_err: 0.224 test_top1: 11.280 test_loss 0.52263 
e: 210 loss: 0.01064 train_err: 0.218 test_top1: 11.290 test_loss 0.52334 
e: 211 loss: 0.01072 train_err: 0.216 test_top1: 11.160 test_loss 0.52263 
e: 212 loss: 0.01093 train_err: 0.226 test_top1: 11.190 test_loss 0.52132 
e: 213 loss: 0.01053 train_err: 0.214 test_top1: 11.120 test_loss 0.52115 
e: 214 loss: 0.01053 train_err: 0.236 test_top1: 11.040 test_loss 0.52180 
e: 215 loss: 0.01023 train_err: 0.192 test_top1: 11.100 test_loss 0.52336 
e: 216 loss: 0.01070 train_err: 0.214 test_top1: 11.100 test_loss 0.52535 
e: 217 loss: 0.01046 train_err: 0.206 test_top1: 11.050 test_loss 0.52580 
e: 218 loss: 0.01098 train_err: 0.258 test_top1: 11.140 test_loss 0.52418 
e: 219 loss: 0.01115 train_err: 0.216 test_top1: 11.060 test_loss 0.52132 
e: 220 loss: 0.01126 train_err: 0.266 test_top1: 11.150 test_loss 0.52159 
e: 221 loss: 0.01041 train_err: 0.226 test_top1: 11.100 test_loss 0.52299 
e: 222 loss: 0.01038 train_err: 0.208 test_top1: 11.080 test_loss 0.52828 
e: 223 loss: 0.00978 train_err: 0.176 test_top1: 11.210 test_loss 0.52709 
e: 224 loss: 0.01066 train_err: 0.226 test_top1: 11.080 test_loss 0.52503 
e: 225 loss: 0.01030 train_err: 0.218 test_top1: 11.260 test_loss 0.52496 
e: 226 loss: 0.01046 train_err: 0.226 test_top1: 11.150 test_loss 0.52328 
e: 227 loss: 0.01038 train_err: 0.206 test_top1: 11.130 test_loss 0.52329 
e: 228 loss: 0.01039 train_err: 0.224 test_top1: 11.150 test_loss 0.52308 
e: 229 loss: 0.00982 train_err: 0.196 test_top1: 11.070 test_loss 0.52293 
e: 230 loss: 0.00966 train_err: 0.172 test_top1: 11.100 test_loss 0.52332 
e: 231 loss: 0.00969 train_err: 0.190 test_top1: 11.120 test_loss 0.52399 
e: 232 loss: 0.01000 train_err: 0.202 test_top1: 11.040 test_loss 0.52379 
e: 233 loss: 0.00999 train_err: 0.218 test_top1: 11.100 test_loss 0.52425 
e: 234 loss: 0.00986 train_err: 0.196 test_top1: 11.110 test_loss 0.52316 
e: 235 loss: 0.00995 train_err: 0.162 test_top1: 11.030 test_loss 0.52198 
e: 236 loss: 0.00938 train_err: 0.172 test_top1: 11.010 test_loss 0.52293 
e: 237 loss: 0.00949 train_err: 0.208 test_top1: 11.050 test_loss 0.52208 
e: 238 loss: 0.00987 train_err: 0.186 test_top1: 11.060 test_loss 0.52258 
e: 239 loss: 0.00947 train_err: 0.176 test_top1: 11.090 test_loss 0.52335 
e: 240 loss: 0.00930 train_err: 0.170 test_top1: 11.060 test_loss 0.52311 
e: 241 loss: 0.00989 train_err: 0.186 test_top1: 11.080 test_loss 0.52341 
e: 242 loss: 0.00949 train_err: 0.176 test_top1: 11.070 test_loss 0.52316 
e: 243 loss: 0.01021 train_err: 0.204 test_top1: 10.990 test_loss 0.52256 
e: 244 loss: 0.00919 train_err: 0.178 test_top1: 11.010 test_loss 0.52307 
e: 245 loss: 0.00920 train_err: 0.156 test_top1: 10.990 test_loss 0.52299 
e: 246 loss: 0.00949 train_err: 0.198 test_top1: 10.980 test_loss 0.52219 
e: 247 loss: 0.00974 train_err: 0.196 test_top1: 11.030 test_loss 0.52391 
e: 248 loss: 0.00927 train_err: 0.176 test_top1: 10.990 test_loss 0.52292 
e: 249 loss: 0.00954 train_err: 0.164 test_top1: 11.020 test_loss 0.52151 
e: 250 loss: 0.00986 train_err: 0.200 test_top1: 11.040 test_loss 0.52234 
e: 251 loss: 0.00915 train_err: 0.172 test_top1: 11.060 test_loss 0.52264 
e: 252 loss: 0.00936 train_err: 0.174 test_top1: 11.050 test_loss 0.52266 
e: 253 loss: 0.00952 train_err: 0.186 test_top1: 11.080 test_loss 0.52255 
e: 254 loss: 0.00964 train_err: 0.186 test_top1: 11.050 test_loss 0.52338 
e: 255 loss: 0.00987 train_err: 0.200 test_top1: 11.130 test_loss 0.52339 
e: 256 loss: 0.00894 train_err: 0.138 test_top1: 10.990 test_loss 0.52360 
e: 257 loss: 0.00914 train_err: 0.150 test_top1: 11.080 test_loss 0.52399 
e: 258 loss: 0.00941 train_err: 0.180 test_top1: 11.070 test_loss 0.52375 
e: 259 loss: 0.00908 train_err: 0.172 test_top1: 11.060 test_loss 0.52346 
e: 260 loss: 0.00978 train_err: 0.184 test_top1: 11.060 test_loss 0.52352 
e: 261 loss: 0.00939 train_err: 0.168 test_top1: 11.010 test_loss 0.52342 
e: 262 loss: 0.00923 train_err: 0.178 test_top1: 11.050 test_loss 0.52489 
e: 263 loss: 0.00929 train_err: 0.166 test_top1: 11.070 test_loss 0.52615 
e: 264 loss: 0.00873 train_err: 0.160 test_top1: 11.120 test_loss 0.52387 
e: 265 loss: 0.00924 train_err: 0.172 test_top1: 11.070 test_loss 0.52360 
e: 266 loss: 0.00910 train_err: 0.166 test_top1: 11.180 test_loss 0.52268 
e: 267 loss: 0.00936 train_err: 0.162 test_top1: 11.160 test_loss 0.52291 
e: 268 loss: 0.00878 train_err: 0.148 test_top1: 11.100 test_loss 0.52379 
e: 269 loss: 0.00904 train_err: 0.174 test_top1: 11.110 test_loss 0.52356 
e: 270 loss: 0.00911 train_err: 0.166 test_top1: 11.130 test_loss 0.52230 
e: 271 loss: 0.00967 train_err: 0.212 test_top1: 11.010 test_loss 0.52359 
e: 272 loss: 0.00913 train_err: 0.176 test_top1: 11.030 test_loss 0.52215 
e: 273 loss: 0.00885 train_err: 0.150 test_top1: 11.120 test_loss 0.52341 
e: 274 loss: 0.00907 train_err: 0.176 test_top1: 11.100 test_loss 0.52341 
e: 275 loss: 0.00938 train_err: 0.190 test_top1: 11.060 test_loss 0.52486 
e: 276 loss: 0.00920 train_err: 0.162 test_top1: 11.030 test_loss 0.52445 
e: 277 loss: 0.00947 train_err: 0.194 test_top1: 10.970 test_loss 0.52484 
e: 278 loss: 0.00938 train_err: 0.190 test_top1: 11.040 test_loss 0.52495 
e: 279 loss: 0.00876 train_err: 0.172 test_top1: 11.030 test_loss 0.52502 
e: 280 loss: 0.00875 train_err: 0.126 test_top1: 10.990 test_loss 0.52465 
e: 281 loss: 0.00942 train_err: 0.174 test_top1: 10.990 test_loss 0.52407 
e: 282 loss: 0.00938 train_err: 0.202 test_top1: 11.060 test_loss 0.52329 
e: 283 loss: 0.00969 train_err: 0.184 test_top1: 11.060 test_loss 0.52332 
e: 284 loss: 0.00929 train_err: 0.200 test_top1: 11.050 test_loss 0.52332 
e: 285 loss: 0.00909 train_err: 0.146 test_top1: 11.030 test_loss 0.52312 
e: 286 loss: 0.00956 train_err: 0.198 test_top1: 11.000 test_loss 0.52327 
e: 287 loss: 0.00865 train_err: 0.168 test_top1: 11.070 test_loss 0.52331 
e: 288 loss: 0.00903 train_err: 0.170 test_top1: 11.020 test_loss 0.52243 
e: 289 loss: 0.00896 train_err: 0.142 test_top1: 11.070 test_loss 0.52226 
e: 290 loss: 0.00945 train_err: 0.172 test_top1: 11.090 test_loss 0.52296 
e: 291 loss: 0.00883 train_err: 0.152 test_top1: 11.070 test_loss 0.52404 
e: 292 loss: 0.00927 train_err: 0.178 test_top1: 11.060 test_loss 0.52341 
e: 293 loss: 0.00920 train_err: 0.174 test_top1: 11.020 test_loss 0.52302 
e: 294 loss: 0.00913 train_err: 0.148 test_top1: 11.110 test_loss 0.52390 
e: 295 loss: 0.00922 train_err: 0.178 test_top1: 11.070 test_loss 0.52345 
e: 296 loss: 0.00918 train_err: 0.158 test_top1: 11.070 test_loss 0.52249 
e: 297 loss: 0.00903 train_err: 0.144 test_top1: 11.060 test_loss 0.52201 
e: 298 loss: 0.00916 train_err: 0.150 test_top1: 11.070 test_loss 0.52181 
e: 299 loss: 0.00916 train_err: 0.172 test_top1: 11.070 test_loss 0.52224 
e: 300 loss: 0.00899 train_err: 0.160 test_top1: 11.070 test_loss 0.52191 
