e: 0 loss: -1.000 train_err: -1.000 test_top1: 90.000
e: 1 loss: 2.096 train_err: 79.344 test_top1: 77.560
e: 2 loss: 1.946 train_err: 73.660 test_top1: 72.660
e: 3 loss: 1.842 train_err: 69.144 test_top1: 71.800
e: 4 loss: 1.755 train_err: 65.722 test_top1: 68.290
e: 5 loss: 1.692 train_err: 63.122 test_top1: 63.700
e: 6 loss: 1.654 train_err: 61.508 test_top1: 67.860
e: 7 loss: 1.594 train_err: 58.720 test_top1: 75.400
e: 8 loss: 1.490 train_err: 54.108 test_top1: 57.210
e: 9 loss: 1.383 train_err: 50.160 test_top1: 64.980
e: 10 loss: 1.308 train_err: 47.202 test_top1: 64.000
e: 11 loss: 1.242 train_err: 44.818 test_top1: 52.380
e: 12 loss: 1.188 train_err: 42.386 test_top1: 51.700
e: 13 loss: 1.140 train_err: 40.516 test_top1: 52.640
e: 14 loss: 1.109 train_err: 39.264 test_top1: 56.080
e: 15 loss: 1.074 train_err: 37.960 test_top1: 58.750
e: 16 loss: 1.043 train_err: 36.888 test_top1: 54.360
e: 17 loss: 1.022 train_err: 35.764 test_top1: 51.100
e: 18 loss: 0.989 train_err: 34.738 test_top1: 45.970
e: 19 loss: 0.975 train_err: 33.710 test_top1: 45.490
e: 20 loss: 0.951 train_err: 33.308 test_top1: 60.570
e: 21 loss: 0.935 train_err: 32.336 test_top1: 83.840
e: 22 loss: 0.921 train_err: 31.752 test_top1: 43.130
e: 23 loss: 0.908 train_err: 31.214 test_top1: 43.170
e: 24 loss: 0.891 train_err: 30.646 test_top1: 51.670
e: 25 loss: 0.882 train_err: 30.336 test_top1: 62.400
e: 26 loss: 0.878 train_err: 30.202 test_top1: 67.820
e: 27 loss: 0.861 train_err: 29.674 test_top1: 62.820
e: 28 loss: 0.854 train_err: 29.056 test_top1: 42.900
e: 29 loss: 0.843 train_err: 28.942 test_top1: 60.400
e: 30 loss: 0.838 train_err: 28.546 test_top1: 47.960
e: 31 loss: 0.834 train_err: 28.300 test_top1: 65.760
e: 32 loss: 0.826 train_err: 27.894 test_top1: 46.040
e: 33 loss: 0.818 train_err: 27.788 test_top1: 65.780
e: 34 loss: 0.809 train_err: 27.358 test_top1: 30.300
e: 35 loss: 0.803 train_err: 27.328 test_top1: 39.300
e: 36 loss: 0.810 train_err: 27.510 test_top1: 86.070
e: 37 loss: 0.792 train_err: 26.906 test_top1: 40.410
e: 38 loss: 0.789 train_err: 26.678 test_top1: 79.080
e: 39 loss: 0.787 train_err: 26.516 test_top1: 46.200
e: 40 loss: 0.779 train_err: 26.124 test_top1: 38.790
e: 41 loss: 0.780 train_err: 26.302 test_top1: 77.220
e: 42 loss: 0.781 train_err: 26.272 test_top1: 52.060
e: 43 loss: 0.775 train_err: 26.250 test_top1: 77.630
e: 44 loss: 0.768 train_err: 25.860 test_top1: 58.950
e: 45 loss: 0.768 train_err: 25.838 test_top1: 50.500
e: 46 loss: 0.766 train_err: 25.784 test_top1: 45.250
e: 47 loss: 0.759 train_err: 25.524 test_top1: 42.550
e: 48 loss: 0.750 train_err: 25.354 test_top1: 40.980
e: 49 loss: 0.754 train_err: 25.550 test_top1: 34.140
e: 50 loss: 0.759 train_err: 25.552 test_top1: 74.540
e: 51 loss: 0.752 train_err: 25.260 test_top1: 79.970
e: 52 loss: 0.759 train_err: 25.662 test_top1: 59.190
e: 53 loss: 0.751 train_err: 25.364 test_top1: 33.840
e: 54 loss: 0.757 train_err: 25.522 test_top1: 71.580
e: 55 loss: 0.748 train_err: 25.028 test_top1: 68.360
e: 56 loss: 0.741 train_err: 25.096 test_top1: 50.370
e: 57 loss: 0.739 train_err: 24.674 test_top1: 55.960
e: 58 loss: 0.740 train_err: 24.886 test_top1: 72.670
e: 59 loss: 0.742 train_err: 24.756 test_top1: 40.780
e: 60 loss: 0.738 train_err: 25.004 test_top1: 42.030
e: 61 loss: 0.737 train_err: 24.716 test_top1: 44.260
e: 62 loss: 0.736 train_err: 24.742 test_top1: 61.940
e: 63 loss: 0.744 train_err: 25.042 test_top1: 35.140
e: 64 loss: 0.736 train_err: 24.782 test_top1: 69.810
e: 65 loss: 0.740 train_err: 24.812 test_top1: 38.740
e: 66 loss: 0.730 train_err: 24.598 test_top1: 52.260
e: 67 loss: 0.733 train_err: 24.724 test_top1: 74.000
e: 68 loss: 0.731 train_err: 24.634 test_top1: 46.800
e: 69 loss: 0.726 train_err: 24.432 test_top1: 56.760
e: 70 loss: 0.730 train_err: 24.472 test_top1: 72.340
e: 71 loss: 0.727 train_err: 24.544 test_top1: 36.020
e: 72 loss: 0.731 train_err: 24.536 test_top1: 47.000
e: 73 loss: 0.720 train_err: 24.204 test_top1: 44.630
e: 74 loss: 0.722 train_err: 24.190 test_top1: 77.160
e: 75 loss: 0.725 train_err: 24.328 test_top1: 46.990
e: 76 loss: 0.724 train_err: 24.308 test_top1: 33.590
e: 77 loss: 0.728 train_err: 24.424 test_top1: 47.280
e: 78 loss: 0.717 train_err: 24.120 test_top1: 37.310
e: 79 loss: 0.720 train_err: 23.826 test_top1: 34.760
e: 80 loss: 0.724 train_err: 24.204 test_top1: 80.430
e: 81 loss: 0.731 train_err: 24.540 test_top1: 63.410
e: 82 loss: 0.727 train_err: 24.400 test_top1: 68.840
e: 83 loss: 0.719 train_err: 24.186 test_top1: 47.060
e: 84 loss: 0.716 train_err: 23.976 test_top1: 44.090
e: 85 loss: 0.727 train_err: 24.120 test_top1: 90.000
e: 86 loss: 0.719 train_err: 24.026 test_top1: 45.090
e: 87 loss: 0.712 train_err: 24.090 test_top1: 77.110
e: 88 loss: 0.718 train_err: 24.118 test_top1: 40.490
e: 89 loss: 0.714 train_err: 24.022 test_top1: 31.070
e: 90 loss: 0.720 train_err: 24.012 test_top1: 39.710
e: 91 loss: 0.720 train_err: 24.294 test_top1: 36.390
e: 92 loss: 0.716 train_err: 24.030 test_top1: 47.080
e: 93 loss: 0.718 train_err: 24.162 test_top1: 74.360
e: 94 loss: 0.716 train_err: 23.956 test_top1: 40.370
e: 95 loss: 0.713 train_err: 23.900 test_top1: 33.760
e: 96 loss: 0.716 train_err: 23.956 test_top1: 39.990
e: 97 loss: 0.717 train_err: 23.970 test_top1: 69.710
e: 98 loss: 0.720 train_err: 24.326 test_top1: 37.270
e: 99 loss: 0.707 train_err: 23.606 test_top1: 81.110
e: 100 loss: 0.714 train_err: 24.008 test_top1: 48.980
e: 101 loss: 0.710 train_err: 23.698 test_top1: 62.790
e: 102 loss: 0.707 train_err: 23.594 test_top1: 52.730
e: 103 loss: 0.714 train_err: 23.976 test_top1: 46.140
e: 104 loss: 0.718 train_err: 24.082 test_top1: 81.880
e: 105 loss: 0.715 train_err: 23.938 test_top1: 67.270
e: 106 loss: 0.701 train_err: 23.482 test_top1: 44.300
e: 107 loss: 0.704 train_err: 23.512 test_top1: 41.070
e: 108 loss: 0.709 train_err: 23.806 test_top1: 43.020
e: 109 loss: 0.716 train_err: 24.094 test_top1: 46.220
e: 110 loss: 0.706 train_err: 23.788 test_top1: 33.110
e: 111 loss: 0.700 train_err: 23.270 test_top1: 59.340
e: 112 loss: 0.708 train_err: 23.744 test_top1: 49.740
e: 113 loss: 0.715 train_err: 24.034 test_top1: 63.800
e: 114 loss: 0.705 train_err: 23.558 test_top1: 47.330
e: 115 loss: 0.701 train_err: 23.432 test_top1: 49.970
e: 116 loss: 0.698 train_err: 23.474 test_top1: 36.110
e: 117 loss: 0.704 train_err: 23.610 test_top1: 51.940
e: 118 loss: 0.704 train_err: 23.634 test_top1: 69.010
e: 119 loss: 0.696 train_err: 23.320 test_top1: 62.450
e: 120 loss: 0.705 train_err: 23.724 test_top1: 40.820
e: 121 loss: 0.705 train_err: 23.580 test_top1: 62.550
e: 122 loss: 0.703 train_err: 23.570 test_top1: 70.030
e: 123 loss: 0.707 train_err: 23.958 test_top1: 31.340
e: 124 loss: 0.699 train_err: 23.600 test_top1: 63.340
e: 125 loss: 0.701 train_err: 23.564 test_top1: 29.400
e: 126 loss: 0.699 train_err: 23.410 test_top1: 87.680
e: 127 loss: 0.710 train_err: 23.682 test_top1: 48.920
e: 128 loss: 0.699 train_err: 23.470 test_top1: 55.140
e: 129 loss: 0.695 train_err: 23.338 test_top1: 33.520
e: 130 loss: 0.708 train_err: 23.720 test_top1: 43.820
e: 131 loss: 0.706 train_err: 23.690 test_top1: 52.330
e: 132 loss: 0.701 train_err: 23.456 test_top1: 59.140
e: 133 loss: 0.700 train_err: 23.310 test_top1: 58.980
e: 134 loss: 0.698 train_err: 23.464 test_top1: 52.960
e: 135 loss: 1.083 train_err: 37.486 test_top1: 56.580
e: 136 loss: 1.170 train_err: 40.436 test_top1: 49.440
e: 137 loss: 1.065 train_err: 36.424 test_top1: 50.130
e: 138 loss: 0.967 train_err: 32.866 test_top1: 87.180
e: 139 loss: 0.867 train_err: 29.458 test_top1: 38.820
e: 140 loss: 0.823 train_err: 27.886 test_top1: 84.050
e: 141 loss: 0.801 train_err: 27.446 test_top1: 90.000
e: 142 loss: 0.792 train_err: 26.794 test_top1: 80.050
e: 143 loss: 0.786 train_err: 26.550 test_top1: 47.550
e: 144 loss: 0.798 train_err: 27.176 test_top1: 88.680
e: 145 loss: 0.796 train_err: 26.784 test_top1: 55.240
e: 146 loss: 0.786 train_err: 26.768 test_top1: 87.290
e: 147 loss: 0.785 train_err: 26.562 test_top1: 40.380
e: 148 loss: 0.783 train_err: 26.466 test_top1: 89.660
e: 149 loss: 0.779 train_err: 26.404 test_top1: 89.980
e: 150 loss: 0.575 train_err: 19.444 test_top1: 20.300
e: 151 loss: 0.523 train_err: 17.782 test_top1: 17.970
e: 152 loss: 0.502 train_err: 17.068 test_top1: 20.980
e: 153 loss: 0.490 train_err: 16.668 test_top1: 23.770
e: 154 loss: 0.481 train_err: 16.510 test_top1: 31.290
e: 155 loss: 0.474 train_err: 16.220 test_top1: 18.040
e: 156 loss: 0.469 train_err: 16.138 test_top1: 23.730
e: 157 loss: 0.465 train_err: 15.788 test_top1: 39.460
e: 158 loss: 0.460 train_err: 15.626 test_top1: 21.510
e: 159 loss: 0.449 train_err: 15.472 test_top1: 43.820
e: 160 loss: 0.449 train_err: 15.260 test_top1: 18.900
e: 161 loss: 0.447 train_err: 15.308 test_top1: 17.550
e: 162 loss: 0.448 train_err: 15.240 test_top1: 17.340
e: 163 loss: 0.443 train_err: 15.076 test_top1: 16.960
e: 164 loss: 0.438 train_err: 14.934 test_top1: 39.250
e: 165 loss: 0.437 train_err: 14.852 test_top1: 85.830
e: 166 loss: 0.438 train_err: 15.006 test_top1: 89.990
e: 167 loss: 0.434 train_err: 14.838 test_top1: 18.610
e: 168 loss: 0.435 train_err: 14.730 test_top1: 31.880
e: 169 loss: 0.433 train_err: 14.456 test_top1: 77.120
e: 170 loss: 0.438 train_err: 14.994 test_top1: 89.920
e: 171 loss: 0.432 train_err: 14.624 test_top1: 66.280
e: 172 loss: 0.432 train_err: 14.664 test_top1: 24.740
e: 173 loss: 0.435 train_err: 14.668 test_top1: 58.590
e: 174 loss: 0.432 train_err: 14.718 test_top1: 36.270
e: 175 loss: 0.433 train_err: 14.836 test_top1: 90.000
e: 176 loss: 0.430 train_err: 14.664 test_top1: 85.210
e: 177 loss: 0.431 train_err: 14.702 test_top1: 39.820
e: 178 loss: 0.430 train_err: 14.686 test_top1: 19.970
e: 179 loss: 0.433 train_err: 14.830 test_top1: 37.500
e: 180 loss: 0.434 train_err: 14.814 test_top1: 78.170
e: 181 loss: 0.432 train_err: 14.816 test_top1: 23.980
e: 182 loss: 0.430 train_err: 14.810 test_top1: 66.120
e: 183 loss: 0.433 train_err: 14.582 test_top1: 89.800
e: 184 loss: 0.431 train_err: 14.668 test_top1: 29.850
e: 185 loss: 0.431 train_err: 14.672 test_top1: 57.270
e: 186 loss: 0.429 train_err: 14.616 test_top1: 25.330
e: 187 loss: 0.428 train_err: 14.504 test_top1: 81.690
e: 188 loss: 0.431 train_err: 14.732 test_top1: 81.220
e: 189 loss: 0.426 train_err: 14.454 test_top1: 64.280
e: 190 loss: 0.432 train_err: 14.824 test_top1: 72.500
e: 191 loss: 0.429 train_err: 14.580 test_top1: 38.490
e: 192 loss: 0.426 train_err: 14.554 test_top1: 20.760
e: 193 loss: 0.425 train_err: 14.398 test_top1: 53.160
e: 194 loss: 0.423 train_err: 14.366 test_top1: 86.090
e: 195 loss: 0.423 train_err: 14.426 test_top1: 41.160
e: 196 loss: 0.430 train_err: 14.580 test_top1: 30.400
e: 197 loss: 0.430 train_err: 14.736 test_top1: 38.220
e: 198 loss: 0.422 train_err: 14.558 test_top1: 26.710
e: 199 loss: 0.422 train_err: 14.428 test_top1: 39.590
e: 200 loss: 0.425 train_err: 14.588 test_top1: 65.830
e: 201 loss: 0.417 train_err: 14.166 test_top1: 74.450
e: 202 loss: 0.420 train_err: 14.266 test_top1: 49.140
e: 203 loss: 0.420 train_err: 14.338 test_top1: 38.490
e: 204 loss: 0.422 train_err: 14.290 test_top1: 19.180
e: 205 loss: 0.416 train_err: 14.182 test_top1: 88.170
e: 206 loss: 0.420 train_err: 14.300 test_top1: 42.670
e: 207 loss: 0.417 train_err: 14.202 test_top1: 85.580
e: 208 loss: 0.415 train_err: 14.134 test_top1: 59.410
e: 209 loss: 0.424 train_err: 14.516 test_top1: 68.480
e: 210 loss: 0.419 train_err: 14.284 test_top1: 29.850
e: 211 loss: 0.418 train_err: 14.280 test_top1: 90.000
e: 212 loss: 0.416 train_err: 14.254 test_top1: 18.240
e: 213 loss: 0.415 train_err: 14.068 test_top1: 87.290
e: 214 loss: 0.412 train_err: 14.012 test_top1: 19.590
e: 215 loss: 0.418 train_err: 14.332 test_top1: 26.370
e: 216 loss: 0.413 train_err: 14.210 test_top1: 45.790
e: 217 loss: 0.417 train_err: 14.160 test_top1: 17.300
e: 218 loss: 0.407 train_err: 14.008 test_top1: 68.650
e: 219 loss: 0.413 train_err: 14.074 test_top1: 83.680
e: 220 loss: 0.409 train_err: 13.820 test_top1: 65.990
e: 221 loss: 0.402 train_err: 13.864 test_top1: 73.970
e: 222 loss: 0.408 train_err: 14.038 test_top1: 53.660
e: 223 loss: 0.412 train_err: 14.054 test_top1: 90.670
e: 224 loss: 0.409 train_err: 13.984 test_top1: 89.250
e: 225 loss: 0.327 train_err: 11.118 test_top1: 14.180
e: 226 loss: 0.299 train_err: 10.000 test_top1: 14.040
e: 227 loss: 0.288 train_err: 9.636 test_top1: 15.260
e: 228 loss: 0.286 train_err: 9.684 test_top1: 14.250
e: 229 loss: 0.283 train_err: 9.500 test_top1: 13.520
e: 230 loss: 0.273 train_err: 9.240 test_top1: 13.390
e: 231 loss: 0.269 train_err: 9.148 test_top1: 13.330
e: 232 loss: 0.267 train_err: 9.082 test_top1: 13.500
e: 233 loss: 0.264 train_err: 8.830 test_top1: 15.460
e: 234 loss: 0.262 train_err: 8.908 test_top1: 13.810
e: 235 loss: 0.261 train_err: 8.918 test_top1: 13.200
e: 236 loss: 0.262 train_err: 9.012 test_top1: 16.900
e: 237 loss: 0.259 train_err: 8.812 test_top1: 13.260
e: 238 loss: 0.254 train_err: 8.628 test_top1: 14.920
e: 239 loss: 0.255 train_err: 8.654 test_top1: 13.410
e: 240 loss: 0.254 train_err: 8.610 test_top1: 20.310
e: 241 loss: 0.252 train_err: 8.528 test_top1: 13.930
e: 242 loss: 0.248 train_err: 8.436 test_top1: 13.010
e: 243 loss: 0.248 train_err: 8.442 test_top1: 14.930
e: 244 loss: 0.249 train_err: 8.612 test_top1: 13.480
e: 245 loss: 0.251 train_err: 8.568 test_top1: 17.130
e: 246 loss: 0.245 train_err: 8.258 test_top1: 13.240
e: 247 loss: 0.244 train_err: 8.354 test_top1: 19.220
e: 248 loss: 0.245 train_err: 8.332 test_top1: 13.730
e: 249 loss: 0.242 train_err: 8.218 test_top1: 33.540
e: 250 loss: 0.245 train_err: 8.464 test_top1: 13.410
e: 251 loss: 0.239 train_err: 8.218 test_top1: 13.430
e: 252 loss: 0.238 train_err: 8.008 test_top1: 13.060
e: 253 loss: 0.237 train_err: 8.170 test_top1: 13.330
e: 254 loss: 0.234 train_err: 7.918 test_top1: 14.140
e: 255 loss: 0.236 train_err: 8.100 test_top1: 13.550
e: 256 loss: 0.237 train_err: 7.984 test_top1: 14.050
e: 257 loss: 0.237 train_err: 8.012 test_top1: 13.530
e: 258 loss: 0.231 train_err: 7.844 test_top1: 13.960
e: 259 loss: 0.234 train_err: 8.002 test_top1: 13.720
e: 260 loss: 0.234 train_err: 8.030 test_top1: 13.800
e: 261 loss: 0.229 train_err: 7.888 test_top1: 13.250
e: 262 loss: 0.229 train_err: 7.838 test_top1: 13.660
e: 263 loss: 0.230 train_err: 7.804 test_top1: 18.550
e: 264 loss: 0.227 train_err: 7.778 test_top1: 13.440
e: 265 loss: 0.226 train_err: 7.818 test_top1: 17.040
e: 266 loss: 0.226 train_err: 7.768 test_top1: 18.250
e: 267 loss: 0.232 train_err: 7.908 test_top1: 18.890
e: 268 loss: 0.226 train_err: 7.656 test_top1: 17.920
e: 269 loss: 0.225 train_err: 7.766 test_top1: 21.470
e: 270 loss: 0.225 train_err: 7.738 test_top1: 13.580
e: 271 loss: 0.222 train_err: 7.636 test_top1: 16.690
e: 272 loss: 0.224 train_err: 7.700 test_top1: 15.050
e: 273 loss: 0.225 train_err: 7.686 test_top1: 17.240
e: 274 loss: 0.224 train_err: 7.670 test_top1: 15.910
e: 275 loss: 0.208 train_err: 7.134 test_top1: 13.120
e: 276 loss: 0.203 train_err: 6.920 test_top1: 13.170
e: 277 loss: 0.203 train_err: 6.796 test_top1: 13.230
e: 278 loss: 0.201 train_err: 6.842 test_top1: 13.250
e: 279 loss: 0.195 train_err: 6.670 test_top1: 13.200
e: 280 loss: 0.200 train_err: 6.770 test_top1: 13.060
e: 281 loss: 0.198 train_err: 6.668 test_top1: 13.360
e: 282 loss: 0.199 train_err: 6.742 test_top1: 13.300
e: 283 loss: 0.200 train_err: 6.788 test_top1: 13.100
e: 284 loss: 0.196 train_err: 6.636 test_top1: 13.140
e: 285 loss: 0.198 train_err: 6.712 test_top1: 13.530
e: 286 loss: 0.194 train_err: 6.454 test_top1: 13.180
e: 287 loss: 0.196 train_err: 6.660 test_top1: 13.330
e: 288 loss: 0.193 train_err: 6.624 test_top1: 13.240
e: 289 loss: 0.197 train_err: 6.684 test_top1: 13.400
e: 290 loss: 0.195 train_err: 6.548 test_top1: 13.320
e: 291 loss: 0.197 train_err: 6.610 test_top1: 13.360
e: 292 loss: 0.195 train_err: 6.614 test_top1: 13.300
e: 293 loss: 0.195 train_err: 6.616 test_top1: 13.280
e: 294 loss: 0.194 train_err: 6.668 test_top1: 13.290
e: 295 loss: 0.191 train_err: 6.542 test_top1: 13.270
e: 296 loss: 0.195 train_err: 6.546 test_top1: 13.270
e: 297 loss: 0.192 train_err: 6.536 test_top1: 13.220
e: 298 loss: 0.192 train_err: 6.540 test_top1: 13.250
e: 299 loss: 0.195 train_err: 6.580 test_top1: 13.190
e: 300 loss: 0.192 train_err: 6.494 test_top1: 13.310
