e: 0 loss: -1.00000 train_err: -1.000 test_top1: 90.060 test_loss 2.30259 
e: 1 loss: 2.24301 train_err: 75.450 test_top1: 73.580 test_loss 2.11759 
e: 2 loss: 2.02485 train_err: 66.450 test_top1: 72.860 test_loss 1.95058 
e: 3 loss: 1.81830 train_err: 59.692 test_top1: 60.450 test_loss 1.77649 
e: 4 loss: 1.63980 train_err: 54.836 test_top1: 56.800 test_loss 1.58348 
e: 5 loss: 1.49667 train_err: 51.986 test_top1: 47.590 test_loss 1.42613 
e: 6 loss: 1.36850 train_err: 46.966 test_top1: 48.130 test_loss 1.38041 
e: 7 loss: 1.25059 train_err: 41.514 test_top1: 49.390 test_loss 1.37792 
e: 8 loss: 1.14186 train_err: 37.940 test_top1: 40.750 test_loss 1.21713 
e: 9 loss: 1.04624 train_err: 34.968 test_top1: 39.890 test_loss 1.15070 
e: 10 loss: 0.96981 train_err: 33.000 test_top1: 35.050 test_loss 1.01454 
e: 11 loss: 0.89869 train_err: 30.514 test_top1: 33.410 test_loss 0.96650 
e: 12 loss: 0.83448 train_err: 28.516 test_top1: 32.030 test_loss 0.92754 
e: 13 loss: 0.78686 train_err: 26.876 test_top1: 39.490 test_loss 1.17030 
e: 14 loss: 0.73050 train_err: 24.698 test_top1: 29.620 test_loss 0.84847 
e: 15 loss: 0.70058 train_err: 24.122 test_top1: 28.710 test_loss 0.80701 
e: 16 loss: 0.67110 train_err: 23.036 test_top1: 28.200 test_loss 0.81562 
e: 17 loss: 0.63275 train_err: 21.780 test_top1: 27.040 test_loss 0.78417 
e: 18 loss: 0.60930 train_err: 20.980 test_top1: 25.840 test_loss 0.74798 
e: 19 loss: 0.58781 train_err: 20.168 test_top1: 22.650 test_loss 0.65681 
e: 20 loss: 0.55551 train_err: 19.024 test_top1: 26.670 test_loss 0.78745 
e: 21 loss: 0.52974 train_err: 18.110 test_top1: 23.060 test_loss 0.66366 
e: 22 loss: 0.51543 train_err: 17.704 test_top1: 20.730 test_loss 0.60558 
e: 23 loss: 0.49832 train_err: 17.004 test_top1: 23.040 test_loss 0.67455 
e: 24 loss: 0.47598 train_err: 16.274 test_top1: 22.800 test_loss 0.67833 
e: 25 loss: 0.46593 train_err: 15.982 test_top1: 20.840 test_loss 0.60177 
e: 26 loss: 0.45291 train_err: 15.444 test_top1: 23.190 test_loss 0.70460 
e: 27 loss: 0.43005 train_err: 14.518 test_top1: 21.970 test_loss 0.64355 
e: 28 loss: 0.42124 train_err: 14.312 test_top1: 20.020 test_loss 0.59320 
e: 29 loss: 0.40781 train_err: 13.828 test_top1: 21.650 test_loss 0.62826 
e: 30 loss: 0.40617 train_err: 14.024 test_top1: 20.590 test_loss 0.62633 
e: 31 loss: 0.39351 train_err: 13.562 test_top1: 18.370 test_loss 0.55283 
e: 32 loss: 0.37450 train_err: 12.802 test_top1: 21.150 test_loss 0.61896 
e: 33 loss: 0.36254 train_err: 12.448 test_top1: 18.340 test_loss 0.54285 
e: 34 loss: 0.35719 train_err: 12.064 test_top1: 19.080 test_loss 0.57027 
e: 35 loss: 0.33991 train_err: 11.576 test_top1: 20.080 test_loss 0.59136 
e: 36 loss: 0.33102 train_err: 11.298 test_top1: 18.440 test_loss 0.53905 
e: 37 loss: 0.32193 train_err: 10.988 test_top1: 19.640 test_loss 0.58868 
e: 38 loss: 0.30650 train_err: 10.416 test_top1: 19.580 test_loss 0.60289 
e: 39 loss: 0.29838 train_err: 10.088 test_top1: 18.750 test_loss 0.55420 
e: 40 loss: 0.28758 train_err: 9.834 test_top1: 16.680 test_loss 0.51512 
e: 41 loss: 0.28679 train_err: 9.798 test_top1: 16.050 test_loss 0.49110 
e: 42 loss: 0.27272 train_err: 9.366 test_top1: 17.550 test_loss 0.53461 
e: 43 loss: 0.27091 train_err: 9.268 test_top1: 17.680 test_loss 0.55189 
e: 44 loss: 0.27216 train_err: 9.276 test_top1: 18.280 test_loss 0.57253 
e: 45 loss: 0.26160 train_err: 8.980 test_top1: 15.530 test_loss 0.47993 
e: 46 loss: 0.25131 train_err: 8.686 test_top1: 17.150 test_loss 0.54118 
e: 47 loss: 0.24459 train_err: 8.404 test_top1: 16.320 test_loss 0.50133 
e: 48 loss: 0.23665 train_err: 8.156 test_top1: 17.700 test_loss 0.56773 
e: 49 loss: 0.23213 train_err: 7.998 test_top1: 17.550 test_loss 0.55458 
e: 50 loss: 0.22902 train_err: 7.896 test_top1: 16.460 test_loss 0.52888 
e: 51 loss: 0.22388 train_err: 7.668 test_top1: 16.330 test_loss 0.50616 
e: 52 loss: 0.22226 train_err: 7.612 test_top1: 18.480 test_loss 0.60211 
e: 53 loss: 0.21656 train_err: 7.518 test_top1: 17.230 test_loss 0.53404 
e: 54 loss: 0.21400 train_err: 7.454 test_top1: 19.570 test_loss 0.63245 
e: 55 loss: 0.20348 train_err: 6.954 test_top1: 16.630 test_loss 0.54640 
e: 56 loss: 0.19446 train_err: 6.648 test_top1: 15.360 test_loss 0.48178 
e: 57 loss: 0.19648 train_err: 6.798 test_top1: 15.390 test_loss 0.49394 
e: 58 loss: 0.18712 train_err: 6.304 test_top1: 14.960 test_loss 0.47940 
e: 59 loss: 0.18299 train_err: 6.332 test_top1: 17.280 test_loss 0.55927 
e: 60 loss: 0.17923 train_err: 6.192 test_top1: 16.310 test_loss 0.53964 
e: 61 loss: 0.16915 train_err: 5.780 test_top1: 16.930 test_loss 0.55659 
e: 62 loss: 0.16743 train_err: 5.726 test_top1: 17.500 test_loss 0.58891 
e: 63 loss: 0.15967 train_err: 5.432 test_top1: 15.890 test_loss 0.53348 
e: 64 loss: 0.15036 train_err: 4.970 test_top1: 15.220 test_loss 0.50629 
e: 65 loss: 0.14839 train_err: 5.106 test_top1: 15.950 test_loss 0.53998 
e: 66 loss: 0.14650 train_err: 5.124 test_top1: 14.040 test_loss 0.46782 
e: 67 loss: 0.13964 train_err: 4.766 test_top1: 15.320 test_loss 0.51607 
e: 68 loss: 0.14539 train_err: 5.058 test_top1: 16.390 test_loss 0.57809 
e: 69 loss: 0.13802 train_err: 4.688 test_top1: 19.540 test_loss 0.71414 
e: 70 loss: 0.13427 train_err: 4.592 test_top1: 15.770 test_loss 0.54201 
e: 71 loss: 0.13482 train_err: 4.634 test_top1: 15.250 test_loss 0.53738 
e: 72 loss: 0.12697 train_err: 4.290 test_top1: 14.640 test_loss 0.48960 
e: 73 loss: 0.12259 train_err: 4.212 test_top1: 15.870 test_loss 0.55381 
e: 74 loss: 0.11841 train_err: 3.956 test_top1: 15.710 test_loss 0.54769 
e: 75 loss: 0.11720 train_err: 3.980 test_top1: 16.080 test_loss 0.57771 
e: 76 loss: 0.11522 train_err: 3.896 test_top1: 14.270 test_loss 0.50823 
e: 77 loss: 0.10908 train_err: 3.672 test_top1: 14.330 test_loss 0.50730 
e: 78 loss: 0.11087 train_err: 3.792 test_top1: 15.810 test_loss 0.57894 
e: 79 loss: 0.11011 train_err: 3.776 test_top1: 15.610 test_loss 0.56249 
e: 80 loss: 0.10349 train_err: 3.440 test_top1: 13.940 test_loss 0.49300 
e: 81 loss: 0.09517 train_err: 3.172 test_top1: 15.770 test_loss 0.61002 
e: 82 loss: 0.09681 train_err: 3.296 test_top1: 14.600 test_loss 0.54115 
e: 83 loss: 0.08866 train_err: 2.972 test_top1: 14.630 test_loss 0.57171 
e: 84 loss: 0.09173 train_err: 3.088 test_top1: 14.140 test_loss 0.53843 
e: 85 loss: 0.09290 train_err: 3.142 test_top1: 15.130 test_loss 0.58315 
e: 86 loss: 0.10164 train_err: 3.458 test_top1: 15.320 test_loss 0.56777 
e: 87 loss: 0.09896 train_err: 3.340 test_top1: 14.130 test_loss 0.52721 
e: 88 loss: 0.09415 train_err: 3.292 test_top1: 15.510 test_loss 0.58670 
e: 89 loss: 0.09235 train_err: 3.120 test_top1: 14.740 test_loss 0.57478 
e: 90 loss: 0.09284 train_err: 3.274 test_top1: 15.390 test_loss 0.59138 
e: 91 loss: 0.08736 train_err: 3.010 test_top1: 14.510 test_loss 0.55349 
e: 92 loss: 0.08426 train_err: 2.838 test_top1: 13.930 test_loss 0.53822 
e: 93 loss: 0.08231 train_err: 2.872 test_top1: 15.180 test_loss 0.55177 
e: 94 loss: 0.08159 train_err: 2.784 test_top1: 15.350 test_loss 0.58483 
e: 95 loss: 0.07535 train_err: 2.558 test_top1: 13.800 test_loss 0.53752 
e: 96 loss: 0.07383 train_err: 2.456 test_top1: 14.880 test_loss 0.59079 
e: 97 loss: 0.07537 train_err: 2.606 test_top1: 15.360 test_loss 0.61221 
e: 98 loss: 0.07443 train_err: 2.608 test_top1: 14.870 test_loss 0.60263 
e: 99 loss: 0.07462 train_err: 2.476 test_top1: 14.270 test_loss 0.57653 
e: 100 loss: 0.06815 train_err: 2.292 test_top1: 16.680 test_loss 0.66244 
e: 101 loss: 0.06839 train_err: 2.288 test_top1: 13.820 test_loss 0.55823 
e: 102 loss: 0.06845 train_err: 2.346 test_top1: 15.790 test_loss 0.67856 
e: 103 loss: 0.06787 train_err: 2.288 test_top1: 14.430 test_loss 0.57026 
e: 104 loss: 0.06568 train_err: 2.226 test_top1: 14.380 test_loss 0.60793 
e: 105 loss: 0.06156 train_err: 2.050 test_top1: 14.610 test_loss 0.56090 
e: 106 loss: 0.05782 train_err: 1.968 test_top1: 15.560 test_loss 0.63346 
e: 107 loss: 0.06349 train_err: 2.168 test_top1: 14.800 test_loss 0.59087 
e: 108 loss: 0.05846 train_err: 1.956 test_top1: 15.200 test_loss 0.64231 
e: 109 loss: 0.06408 train_err: 2.196 test_top1: 14.130 test_loss 0.58894 
e: 110 loss: 0.06622 train_err: 2.288 test_top1: 15.250 test_loss 0.69502 
e: 111 loss: 0.06065 train_err: 2.068 test_top1: 14.600 test_loss 0.62460 
e: 112 loss: 0.06392 train_err: 2.170 test_top1: 14.000 test_loss 0.57083 
e: 113 loss: 0.05955 train_err: 1.982 test_top1: 14.630 test_loss 0.62556 
e: 114 loss: 0.05450 train_err: 1.842 test_top1: 13.840 test_loss 0.58420 
e: 115 loss: 0.05895 train_err: 1.968 test_top1: 15.280 test_loss 0.64420 
e: 116 loss: 0.06065 train_err: 2.148 test_top1: 13.780 test_loss 0.56401 
e: 117 loss: 0.05516 train_err: 1.830 test_top1: 13.480 test_loss 0.54828 
e: 118 loss: 0.05305 train_err: 1.796 test_top1: 12.900 test_loss 0.54852 
e: 119 loss: 0.04957 train_err: 1.642 test_top1: 13.130 test_loss 0.55043 
e: 120 loss: 0.05142 train_err: 1.702 test_top1: 13.620 test_loss 0.55631 
e: 121 loss: 0.05166 train_err: 1.768 test_top1: 13.830 test_loss 0.55433 
e: 122 loss: 0.04811 train_err: 1.644 test_top1: 15.330 test_loss 0.62788 
e: 123 loss: 0.04980 train_err: 1.694 test_top1: 13.240 test_loss 0.55618 
e: 124 loss: 0.04804 train_err: 1.610 test_top1: 14.340 test_loss 0.63239 
e: 125 loss: 0.04778 train_err: 1.658 test_top1: 13.100 test_loss 0.58041 
e: 126 loss: 0.04545 train_err: 1.510 test_top1: 14.150 test_loss 0.59567 
e: 127 loss: 0.05355 train_err: 1.840 test_top1: 14.520 test_loss 0.65451 
e: 128 loss: 0.05374 train_err: 1.854 test_top1: 15.630 test_loss 0.69260 
e: 129 loss: 0.04910 train_err: 1.700 test_top1: 14.090 test_loss 0.61035 
e: 130 loss: 0.04823 train_err: 1.622 test_top1: 13.770 test_loss 0.58386 
e: 131 loss: 0.05015 train_err: 1.750 test_top1: 13.220 test_loss 0.57586 
e: 132 loss: 0.05100 train_err: 1.756 test_top1: 13.940 test_loss 0.64426 
e: 133 loss: 0.05067 train_err: 1.738 test_top1: 13.880 test_loss 0.59171 
e: 134 loss: 0.04401 train_err: 1.482 test_top1: 13.760 test_loss 0.61510 
e: 135 loss: 0.04816 train_err: 1.610 test_top1: 14.070 test_loss 0.61061 
e: 136 loss: 0.04339 train_err: 1.438 test_top1: 14.730 test_loss 0.66912 
e: 137 loss: 0.04207 train_err: 1.452 test_top1: 14.010 test_loss 0.61126 
e: 138 loss: 0.03789 train_err: 1.236 test_top1: 13.140 test_loss 0.57030 
e: 139 loss: 0.03960 train_err: 1.356 test_top1: 12.930 test_loss 0.57714 
e: 140 loss: 0.03807 train_err: 1.328 test_top1: 15.150 test_loss 0.67753 
e: 141 loss: 0.04123 train_err: 1.392 test_top1: 13.680 test_loss 0.60102 
e: 142 loss: 0.03940 train_err: 1.272 test_top1: 14.000 test_loss 0.63934 
e: 143 loss: 0.03852 train_err: 1.330 test_top1: 12.920 test_loss 0.57160 
e: 144 loss: 0.03473 train_err: 1.124 test_top1: 13.350 test_loss 0.56261 
e: 145 loss: 0.03298 train_err: 1.074 test_top1: 13.100 test_loss 0.61288 
e: 146 loss: 0.02988 train_err: 0.970 test_top1: 12.850 test_loss 0.57743 
e: 147 loss: 0.02999 train_err: 0.982 test_top1: 12.930 test_loss 0.57219 
e: 148 loss: 0.03190 train_err: 1.010 test_top1: 13.290 test_loss 0.61041 
e: 149 loss: 0.03481 train_err: 1.158 test_top1: 13.110 test_loss 0.59360 
e: 150 loss: 0.03301 train_err: 1.052 test_top1: 14.250 test_loss 0.66265 
e: 151 loss: 0.03109 train_err: 0.980 test_top1: 12.440 test_loss 0.56791 
e: 152 loss: 0.02129 train_err: 0.636 test_top1: 11.650 test_loss 0.52659 
e: 153 loss: 0.01816 train_err: 0.518 test_top1: 11.360 test_loss 0.50812 
e: 154 loss: 0.01576 train_err: 0.416 test_top1: 11.290 test_loss 0.50377 
e: 155 loss: 0.01435 train_err: 0.342 test_top1: 11.350 test_loss 0.50548 
e: 156 loss: 0.01317 train_err: 0.310 test_top1: 11.450 test_loss 0.50620 
e: 157 loss: 0.01278 train_err: 0.296 test_top1: 11.320 test_loss 0.50511 
e: 158 loss: 0.01278 train_err: 0.312 test_top1: 11.210 test_loss 0.50475 
e: 159 loss: 0.01208 train_err: 0.284 test_top1: 11.320 test_loss 0.50817 
e: 160 loss: 0.01188 train_err: 0.264 test_top1: 11.290 test_loss 0.50959 
e: 161 loss: 0.01090 train_err: 0.250 test_top1: 11.180 test_loss 0.50579 
e: 162 loss: 0.01108 train_err: 0.242 test_top1: 11.320 test_loss 0.50533 
e: 163 loss: 0.01097 train_err: 0.240 test_top1: 11.280 test_loss 0.50551 
e: 164 loss: 0.01032 train_err: 0.230 test_top1: 11.150 test_loss 0.50386 
e: 165 loss: 0.00963 train_err: 0.196 test_top1: 11.330 test_loss 0.50473 
e: 166 loss: 0.00950 train_err: 0.196 test_top1: 11.420 test_loss 0.50677 
e: 167 loss: 0.00932 train_err: 0.184 test_top1: 11.360 test_loss 0.50835 
e: 168 loss: 0.00939 train_err: 0.194 test_top1: 11.520 test_loss 0.50926 
e: 169 loss: 0.00917 train_err: 0.192 test_top1: 11.450 test_loss 0.50629 
e: 170 loss: 0.00910 train_err: 0.168 test_top1: 11.310 test_loss 0.50238 
e: 171 loss: 0.00910 train_err: 0.162 test_top1: 11.200 test_loss 0.50452 
e: 172 loss: 0.00886 train_err: 0.158 test_top1: 11.100 test_loss 0.50522 
e: 173 loss: 0.00807 train_err: 0.132 test_top1: 11.280 test_loss 0.50796 
e: 174 loss: 0.00849 train_err: 0.142 test_top1: 11.440 test_loss 0.51250 
e: 175 loss: 0.00818 train_err: 0.162 test_top1: 11.410 test_loss 0.50999 
e: 176 loss: 0.00811 train_err: 0.152 test_top1: 11.480 test_loss 0.50795 
e: 177 loss: 0.00839 train_err: 0.168 test_top1: 11.150 test_loss 0.50937 
e: 178 loss: 0.00828 train_err: 0.150 test_top1: 11.220 test_loss 0.50763 
e: 179 loss: 0.00823 train_err: 0.150 test_top1: 11.350 test_loss 0.50774 
e: 180 loss: 0.00778 train_err: 0.126 test_top1: 11.350 test_loss 0.50977 
e: 181 loss: 0.00778 train_err: 0.136 test_top1: 11.350 test_loss 0.51067 
e: 182 loss: 0.00727 train_err: 0.100 test_top1: 11.240 test_loss 0.50970 
e: 183 loss: 0.00777 train_err: 0.136 test_top1: 11.220 test_loss 0.50761 
e: 184 loss: 0.00772 train_err: 0.136 test_top1: 11.250 test_loss 0.50664 
e: 185 loss: 0.00756 train_err: 0.116 test_top1: 11.330 test_loss 0.50682 
e: 186 loss: 0.00726 train_err: 0.116 test_top1: 11.290 test_loss 0.50466 
e: 187 loss: 0.00709 train_err: 0.120 test_top1: 11.310 test_loss 0.50743 
e: 188 loss: 0.00735 train_err: 0.138 test_top1: 11.240 test_loss 0.50553 
e: 189 loss: 0.00742 train_err: 0.138 test_top1: 11.260 test_loss 0.50756 
e: 190 loss: 0.00708 train_err: 0.098 test_top1: 11.210 test_loss 0.50889 
e: 191 loss: 0.00724 train_err: 0.112 test_top1: 11.360 test_loss 0.51077 
e: 192 loss: 0.00721 train_err: 0.124 test_top1: 11.180 test_loss 0.51013 
e: 193 loss: 0.00725 train_err: 0.144 test_top1: 11.210 test_loss 0.50997 
e: 194 loss: 0.00701 train_err: 0.098 test_top1: 11.130 test_loss 0.50755 
e: 195 loss: 0.00671 train_err: 0.114 test_top1: 11.150 test_loss 0.50758 
e: 196 loss: 0.00669 train_err: 0.104 test_top1: 11.120 test_loss 0.50695 
e: 197 loss: 0.00659 train_err: 0.118 test_top1: 11.190 test_loss 0.50873 
e: 198 loss: 0.00698 train_err: 0.126 test_top1: 11.220 test_loss 0.50913 
e: 199 loss: 0.00703 train_err: 0.140 test_top1: 11.070 test_loss 0.50721 
e: 200 loss: 0.00653 train_err: 0.108 test_top1: 11.000 test_loss 0.50701 
e: 201 loss: 0.00649 train_err: 0.104 test_top1: 11.060 test_loss 0.50707 
e: 202 loss: 0.00623 train_err: 0.100 test_top1: 11.070 test_loss 0.51042 
e: 203 loss: 0.00672 train_err: 0.106 test_top1: 11.040 test_loss 0.51470 
e: 204 loss: 0.00607 train_err: 0.100 test_top1: 11.100 test_loss 0.51435 
e: 205 loss: 0.00584 train_err: 0.086 test_top1: 11.070 test_loss 0.50897 
e: 206 loss: 0.00608 train_err: 0.078 test_top1: 11.120 test_loss 0.50708 
e: 207 loss: 0.00618 train_err: 0.094 test_top1: 11.150 test_loss 0.50986 
e: 208 loss: 0.00629 train_err: 0.122 test_top1: 11.170 test_loss 0.51134 
e: 209 loss: 0.00539 train_err: 0.076 test_top1: 11.140 test_loss 0.50792 
e: 210 loss: 0.00558 train_err: 0.078 test_top1: 11.040 test_loss 0.50670 
e: 211 loss: 0.00602 train_err: 0.088 test_top1: 11.120 test_loss 0.50996 
e: 212 loss: 0.00582 train_err: 0.074 test_top1: 11.230 test_loss 0.51631 
e: 213 loss: 0.00581 train_err: 0.076 test_top1: 11.060 test_loss 0.51336 
e: 214 loss: 0.00591 train_err: 0.092 test_top1: 11.100 test_loss 0.51043 
e: 215 loss: 0.00609 train_err: 0.100 test_top1: 11.070 test_loss 0.51054 
e: 216 loss: 0.00549 train_err: 0.082 test_top1: 11.080 test_loss 0.51187 
e: 217 loss: 0.00521 train_err: 0.064 test_top1: 10.940 test_loss 0.51004 
e: 218 loss: 0.00541 train_err: 0.080 test_top1: 11.020 test_loss 0.50966 
e: 219 loss: 0.00529 train_err: 0.058 test_top1: 11.180 test_loss 0.51129 
e: 220 loss: 0.00588 train_err: 0.104 test_top1: 11.090 test_loss 0.50749 
e: 221 loss: 0.00546 train_err: 0.088 test_top1: 11.070 test_loss 0.50875 
e: 222 loss: 0.00551 train_err: 0.088 test_top1: 11.080 test_loss 0.50862 
e: 223 loss: 0.00524 train_err: 0.068 test_top1: 11.030 test_loss 0.51027 
e: 224 loss: 0.00555 train_err: 0.092 test_top1: 10.990 test_loss 0.51109 
e: 225 loss: 0.00534 train_err: 0.078 test_top1: 11.150 test_loss 0.50899 
e: 226 loss: 0.00526 train_err: 0.078 test_top1: 11.100 test_loss 0.50859 
e: 227 loss: 0.00502 train_err: 0.056 test_top1: 11.150 test_loss 0.50905 
e: 228 loss: 0.00539 train_err: 0.090 test_top1: 11.190 test_loss 0.50816 
e: 229 loss: 0.00522 train_err: 0.064 test_top1: 11.100 test_loss 0.50970 
e: 230 loss: 0.00552 train_err: 0.072 test_top1: 11.030 test_loss 0.50894 
e: 231 loss: 0.00511 train_err: 0.068 test_top1: 11.130 test_loss 0.50963 
e: 232 loss: 0.00528 train_err: 0.068 test_top1: 11.130 test_loss 0.50908 
e: 233 loss: 0.00495 train_err: 0.058 test_top1: 11.110 test_loss 0.51047 
e: 234 loss: 0.00486 train_err: 0.054 test_top1: 11.020 test_loss 0.50989 
e: 235 loss: 0.00496 train_err: 0.054 test_top1: 10.990 test_loss 0.50920 
e: 236 loss: 0.00485 train_err: 0.060 test_top1: 11.010 test_loss 0.50990 
e: 237 loss: 0.00481 train_err: 0.052 test_top1: 11.070 test_loss 0.50919 
e: 238 loss: 0.00533 train_err: 0.072 test_top1: 11.020 test_loss 0.51017 
e: 239 loss: 0.00514 train_err: 0.068 test_top1: 11.060 test_loss 0.51009 
e: 240 loss: 0.00497 train_err: 0.058 test_top1: 11.070 test_loss 0.51037 
e: 241 loss: 0.00497 train_err: 0.070 test_top1: 11.030 test_loss 0.51016 
e: 242 loss: 0.00473 train_err: 0.062 test_top1: 11.120 test_loss 0.50860 
e: 243 loss: 0.00473 train_err: 0.054 test_top1: 11.050 test_loss 0.50950 
e: 244 loss: 0.00498 train_err: 0.066 test_top1: 11.050 test_loss 0.50978 
e: 245 loss: 0.00490 train_err: 0.058 test_top1: 11.020 test_loss 0.50823 
e: 246 loss: 0.00534 train_err: 0.078 test_top1: 11.040 test_loss 0.50907 
e: 247 loss: 0.00491 train_err: 0.056 test_top1: 11.010 test_loss 0.50911 
e: 248 loss: 0.00522 train_err: 0.074 test_top1: 11.020 test_loss 0.50825 
e: 249 loss: 0.00486 train_err: 0.078 test_top1: 11.050 test_loss 0.50793 
e: 250 loss: 0.00467 train_err: 0.056 test_top1: 11.040 test_loss 0.50878 
e: 251 loss: 0.00509 train_err: 0.084 test_top1: 11.000 test_loss 0.50985 
e: 252 loss: 0.00483 train_err: 0.044 test_top1: 11.010 test_loss 0.51005 
e: 253 loss: 0.00474 train_err: 0.036 test_top1: 10.990 test_loss 0.50992 
e: 254 loss: 0.00481 train_err: 0.050 test_top1: 11.070 test_loss 0.50999 
e: 255 loss: 0.00467 train_err: 0.054 test_top1: 10.960 test_loss 0.50977 
e: 256 loss: 0.00487 train_err: 0.060 test_top1: 10.980 test_loss 0.50920 
e: 257 loss: 0.00461 train_err: 0.054 test_top1: 10.980 test_loss 0.50907 
e: 258 loss: 0.00473 train_err: 0.060 test_top1: 10.960 test_loss 0.50899 
e: 259 loss: 0.00482 train_err: 0.046 test_top1: 11.010 test_loss 0.50887 
e: 260 loss: 0.00486 train_err: 0.040 test_top1: 11.020 test_loss 0.50906 
e: 261 loss: 0.00481 train_err: 0.064 test_top1: 11.040 test_loss 0.50927 
e: 262 loss: 0.00433 train_err: 0.048 test_top1: 11.020 test_loss 0.51019 
e: 263 loss: 0.00468 train_err: 0.054 test_top1: 10.930 test_loss 0.51184 
e: 264 loss: 0.00464 train_err: 0.038 test_top1: 10.980 test_loss 0.50902 
e: 265 loss: 0.00461 train_err: 0.046 test_top1: 10.970 test_loss 0.50905 
e: 266 loss: 0.00478 train_err: 0.066 test_top1: 10.940 test_loss 0.50865 
e: 267 loss: 0.00484 train_err: 0.058 test_top1: 10.980 test_loss 0.50878 
e: 268 loss: 0.00448 train_err: 0.040 test_top1: 10.960 test_loss 0.50841 
e: 269 loss: 0.00473 train_err: 0.058 test_top1: 11.040 test_loss 0.50761 
e: 270 loss: 0.00472 train_err: 0.048 test_top1: 10.970 test_loss 0.50756 
e: 271 loss: 0.00486 train_err: 0.056 test_top1: 11.010 test_loss 0.50837 
e: 272 loss: 0.00457 train_err: 0.058 test_top1: 10.950 test_loss 0.50760 
e: 273 loss: 0.00481 train_err: 0.056 test_top1: 10.970 test_loss 0.50710 
e: 274 loss: 0.00476 train_err: 0.042 test_top1: 10.920 test_loss 0.50827 
e: 275 loss: 0.00458 train_err: 0.050 test_top1: 10.940 test_loss 0.51019 
e: 276 loss: 0.00471 train_err: 0.044 test_top1: 10.940 test_loss 0.50800 
e: 277 loss: 0.00487 train_err: 0.066 test_top1: 10.960 test_loss 0.50816 
e: 278 loss: 0.00459 train_err: 0.050 test_top1: 10.980 test_loss 0.51021 
e: 279 loss: 0.00450 train_err: 0.046 test_top1: 10.930 test_loss 0.51001 
e: 280 loss: 0.00471 train_err: 0.042 test_top1: 10.990 test_loss 0.50907 
e: 281 loss: 0.00461 train_err: 0.050 test_top1: 11.020 test_loss 0.50906 
e: 282 loss: 0.00450 train_err: 0.034 test_top1: 10.920 test_loss 0.51000 
e: 283 loss: 0.00475 train_err: 0.076 test_top1: 10.920 test_loss 0.51032 
e: 284 loss: 0.00459 train_err: 0.050 test_top1: 10.990 test_loss 0.50873 
e: 285 loss: 0.00491 train_err: 0.056 test_top1: 10.940 test_loss 0.50968 
e: 286 loss: 0.00434 train_err: 0.030 test_top1: 10.860 test_loss 0.51010 
e: 287 loss: 0.00472 train_err: 0.066 test_top1: 10.960 test_loss 0.50989 
e: 288 loss: 0.00447 train_err: 0.042 test_top1: 10.970 test_loss 0.50932 
e: 289 loss: 0.00448 train_err: 0.042 test_top1: 10.960 test_loss 0.50823 
e: 290 loss: 0.00484 train_err: 0.068 test_top1: 11.000 test_loss 0.50779 
e: 291 loss: 0.00448 train_err: 0.042 test_top1: 10.950 test_loss 0.50919 
e: 292 loss: 0.00451 train_err: 0.046 test_top1: 10.970 test_loss 0.50892 
e: 293 loss: 0.00442 train_err: 0.046 test_top1: 10.930 test_loss 0.50920 
e: 294 loss: 0.00475 train_err: 0.068 test_top1: 10.990 test_loss 0.50927 
e: 295 loss: 0.00446 train_err: 0.052 test_top1: 10.950 test_loss 0.50998 
e: 296 loss: 0.00455 train_err: 0.050 test_top1: 10.930 test_loss 0.50843 
e: 297 loss: 0.00457 train_err: 0.062 test_top1: 10.900 test_loss 0.50815 
e: 298 loss: 0.00461 train_err: 0.074 test_top1: 10.950 test_loss 0.50838 
e: 299 loss: 0.00458 train_err: 0.048 test_top1: 10.950 test_loss 0.50775 
e: 300 loss: 0.00450 train_err: 0.034 test_top1: 10.910 test_loss 0.50868 
