e: 0 loss: -1.00000 train_err: -1.000 test_top1: 90.060 test_loss 2.30259 
e: 1 loss: 1.30691 train_err: 47.776 test_top1: 40.720 test_loss 1.16404 
e: 2 loss: 0.80713 train_err: 28.756 test_top1: 29.210 test_loss 0.82828 
e: 3 loss: 0.64598 train_err: 22.630 test_top1: 24.610 test_loss 0.70862 
e: 4 loss: 0.55022 train_err: 19.236 test_top1: 18.600 test_loss 0.54520 
e: 5 loss: 0.48083 train_err: 16.706 test_top1: 18.420 test_loss 0.54362 
e: 6 loss: 0.43072 train_err: 14.840 test_top1: 16.630 test_loss 0.49109 
e: 7 loss: 0.38948 train_err: 13.478 test_top1: 17.950 test_loss 0.53232 
e: 8 loss: 0.35853 train_err: 12.414 test_top1: 14.160 test_loss 0.41616 
e: 9 loss: 0.32356 train_err: 11.180 test_top1: 15.120 test_loss 0.45529 
e: 10 loss: 0.29984 train_err: 10.396 test_top1: 15.860 test_loss 0.47239 
e: 11 loss: 0.27100 train_err: 9.440 test_top1: 12.810 test_loss 0.38664 
e: 12 loss: 0.25352 train_err: 8.860 test_top1: 13.210 test_loss 0.39950 
e: 13 loss: 0.23455 train_err: 8.188 test_top1: 11.900 test_loss 0.37157 
e: 14 loss: 0.21322 train_err: 7.476 test_top1: 11.020 test_loss 0.34388 
e: 15 loss: 0.20362 train_err: 7.198 test_top1: 11.480 test_loss 0.36527 
e: 16 loss: 0.18825 train_err: 6.634 test_top1: 12.570 test_loss 0.42735 
e: 17 loss: 0.17550 train_err: 6.210 test_top1: 11.740 test_loss 0.35771 
e: 18 loss: 0.16167 train_err: 5.730 test_top1: 10.650 test_loss 0.33764 
e: 19 loss: 0.14997 train_err: 5.324 test_top1: 11.860 test_loss 0.40475 
e: 20 loss: 0.14368 train_err: 5.018 test_top1: 10.980 test_loss 0.35231 
e: 21 loss: 0.13539 train_err: 4.748 test_top1: 10.760 test_loss 0.35374 
e: 22 loss: 0.12483 train_err: 4.402 test_top1: 11.540 test_loss 0.38698 
e: 23 loss: 0.12187 train_err: 4.252 test_top1: 11.090 test_loss 0.38145 
e: 24 loss: 0.10764 train_err: 3.814 test_top1: 10.950 test_loss 0.39418 
e: 25 loss: 0.11166 train_err: 3.944 test_top1: 10.300 test_loss 0.35531 
e: 26 loss: 0.09810 train_err: 3.494 test_top1: 10.080 test_loss 0.36478 
e: 27 loss: 0.09539 train_err: 3.390 test_top1: 11.040 test_loss 0.39442 
e: 28 loss: 0.09036 train_err: 3.140 test_top1: 10.290 test_loss 0.38583 
e: 29 loss: 0.08181 train_err: 2.866 test_top1: 10.320 test_loss 0.39006 
e: 30 loss: 0.08257 train_err: 2.942 test_top1: 10.340 test_loss 0.40590 
e: 31 loss: 0.08152 train_err: 2.900 test_top1: 9.500 test_loss 0.36573 
e: 32 loss: 0.07381 train_err: 2.628 test_top1: 9.660 test_loss 0.38142 
e: 33 loss: 0.07668 train_err: 2.782 test_top1: 10.420 test_loss 0.40128 
e: 34 loss: 0.06896 train_err: 2.424 test_top1: 9.730 test_loss 0.39265 
e: 35 loss: 0.06445 train_err: 2.252 test_top1: 10.050 test_loss 0.39111 
e: 36 loss: 0.05913 train_err: 2.106 test_top1: 10.640 test_loss 0.45457 
e: 37 loss: 0.06499 train_err: 2.278 test_top1: 9.490 test_loss 0.38986 
e: 38 loss: 0.05760 train_err: 2.082 test_top1: 9.160 test_loss 0.38576 
e: 39 loss: 0.06004 train_err: 2.070 test_top1: 10.790 test_loss 0.42897 
e: 40 loss: 0.05476 train_err: 1.934 test_top1: 10.240 test_loss 0.42969 
e: 41 loss: 0.06019 train_err: 2.160 test_top1: 9.500 test_loss 0.40416 
e: 42 loss: 0.05277 train_err: 1.892 test_top1: 9.800 test_loss 0.43519 
e: 43 loss: 0.04863 train_err: 1.668 test_top1: 9.370 test_loss 0.41188 
e: 44 loss: 0.05374 train_err: 1.948 test_top1: 10.000 test_loss 0.43276 
e: 45 loss: 0.04807 train_err: 1.686 test_top1: 9.630 test_loss 0.41302 
e: 46 loss: 0.04718 train_err: 1.668 test_top1: 9.490 test_loss 0.42375 
e: 47 loss: 0.04389 train_err: 1.526 test_top1: 9.450 test_loss 0.42267 
e: 48 loss: 0.04860 train_err: 1.704 test_top1: 9.420 test_loss 0.42108 
e: 49 loss: 0.04527 train_err: 1.596 test_top1: 9.540 test_loss 0.39835 
e: 50 loss: 0.03998 train_err: 1.442 test_top1: 9.110 test_loss 0.42203 
e: 51 loss: 0.04323 train_err: 1.504 test_top1: 9.510 test_loss 0.43636 
e: 52 loss: 0.04251 train_err: 1.480 test_top1: 9.170 test_loss 0.40418 
e: 53 loss: 0.03894 train_err: 1.394 test_top1: 8.790 test_loss 0.39190 
e: 54 loss: 0.03872 train_err: 1.382 test_top1: 9.490 test_loss 0.44058 
e: 55 loss: 0.04040 train_err: 1.436 test_top1: 9.410 test_loss 0.42931 
e: 56 loss: 0.03862 train_err: 1.380 test_top1: 9.810 test_loss 0.43056 
e: 57 loss: 0.03303 train_err: 1.182 test_top1: 9.820 test_loss 0.46517 
e: 58 loss: 0.04021 train_err: 1.484 test_top1: 9.170 test_loss 0.45725 
e: 59 loss: 0.03588 train_err: 1.296 test_top1: 9.340 test_loss 0.43389 
e: 60 loss: 0.03216 train_err: 1.120 test_top1: 9.620 test_loss 0.43333 
e: 61 loss: 0.03466 train_err: 1.186 test_top1: 9.540 test_loss 0.44963 
e: 62 loss: 0.03394 train_err: 1.186 test_top1: 8.860 test_loss 0.43654 
e: 63 loss: 0.03276 train_err: 1.182 test_top1: 9.910 test_loss 0.49028 
e: 64 loss: 0.03338 train_err: 1.174 test_top1: 9.120 test_loss 0.43567 
e: 65 loss: 0.03298 train_err: 1.132 test_top1: 9.170 test_loss 0.43283 
e: 66 loss: 0.02915 train_err: 1.010 test_top1: 9.140 test_loss 0.45110 
e: 67 loss: 0.03188 train_err: 1.180 test_top1: 9.490 test_loss 0.46098 
e: 68 loss: 0.03129 train_err: 1.056 test_top1: 9.950 test_loss 0.49625 
e: 69 loss: 0.03233 train_err: 1.124 test_top1: 9.150 test_loss 0.44167 
e: 70 loss: 0.02784 train_err: 0.964 test_top1: 9.390 test_loss 0.47662 
e: 71 loss: 0.03251 train_err: 1.112 test_top1: 8.780 test_loss 0.43635 
e: 72 loss: 0.02911 train_err: 1.000 test_top1: 9.280 test_loss 0.45802 
e: 73 loss: 0.02580 train_err: 0.896 test_top1: 9.450 test_loss 0.45848 
e: 74 loss: 0.02843 train_err: 0.994 test_top1: 9.190 test_loss 0.46178 
e: 75 loss: 0.02935 train_err: 1.026 test_top1: 9.250 test_loss 0.45667 
e: 76 loss: 0.02944 train_err: 1.050 test_top1: 8.740 test_loss 0.43644 
e: 77 loss: 0.02839 train_err: 0.972 test_top1: 9.280 test_loss 0.45036 
e: 78 loss: 0.02577 train_err: 0.884 test_top1: 8.870 test_loss 0.44336 
e: 79 loss: 0.02528 train_err: 0.908 test_top1: 9.060 test_loss 0.43593 
e: 80 loss: 0.02602 train_err: 0.870 test_top1: 9.170 test_loss 0.44863 
e: 81 loss: 0.02639 train_err: 0.922 test_top1: 9.050 test_loss 0.45081 
e: 82 loss: 0.02398 train_err: 0.852 test_top1: 8.440 test_loss 0.41293 
e: 83 loss: 0.02319 train_err: 0.824 test_top1: 8.610 test_loss 0.44774 
e: 84 loss: 0.02399 train_err: 0.818 test_top1: 8.980 test_loss 0.45001 
e: 85 loss: 0.02549 train_err: 0.864 test_top1: 8.430 test_loss 0.44508 
e: 86 loss: 0.02385 train_err: 0.808 test_top1: 9.170 test_loss 0.46797 
e: 87 loss: 0.02542 train_err: 0.888 test_top1: 8.900 test_loss 0.46052 
e: 88 loss: 0.02243 train_err: 0.766 test_top1: 8.900 test_loss 0.44065 
e: 89 loss: 0.01996 train_err: 0.700 test_top1: 8.830 test_loss 0.45164 
e: 90 loss: 0.02511 train_err: 0.872 test_top1: 8.480 test_loss 0.44348 
e: 91 loss: 0.02175 train_err: 0.754 test_top1: 8.920 test_loss 0.47641 
e: 92 loss: 0.02295 train_err: 0.798 test_top1: 8.620 test_loss 0.44625 
e: 93 loss: 0.02334 train_err: 0.816 test_top1: 8.680 test_loss 0.46899 
e: 94 loss: 0.02430 train_err: 0.842 test_top1: 8.730 test_loss 0.46383 
e: 95 loss: 0.02401 train_err: 0.860 test_top1: 8.580 test_loss 0.43726 
e: 96 loss: 0.02167 train_err: 0.746 test_top1: 8.690 test_loss 0.45682 
e: 97 loss: 0.01952 train_err: 0.676 test_top1: 8.600 test_loss 0.44710 
e: 98 loss: 0.01859 train_err: 0.660 test_top1: 8.530 test_loss 0.45592 
e: 99 loss: 0.02399 train_err: 0.804 test_top1: 9.210 test_loss 0.48346 
e: 100 loss: 0.02330 train_err: 0.778 test_top1: 9.630 test_loss 0.49880 
e: 101 loss: 0.02009 train_err: 0.666 test_top1: 9.240 test_loss 0.48576 
e: 102 loss: 0.01964 train_err: 0.724 test_top1: 8.960 test_loss 0.46666 
e: 103 loss: 0.02163 train_err: 0.734 test_top1: 8.950 test_loss 0.47597 
e: 104 loss: 0.01756 train_err: 0.580 test_top1: 8.830 test_loss 0.46737 
e: 105 loss: 0.01919 train_err: 0.682 test_top1: 8.970 test_loss 0.49889 
e: 106 loss: 0.02062 train_err: 0.676 test_top1: 8.890 test_loss 0.47901 
e: 107 loss: 0.01821 train_err: 0.638 test_top1: 8.410 test_loss 0.47528 
e: 108 loss: 0.02006 train_err: 0.674 test_top1: 8.940 test_loss 0.48005 
e: 109 loss: 0.02013 train_err: 0.686 test_top1: 8.930 test_loss 0.47828 
e: 110 loss: 0.01897 train_err: 0.648 test_top1: 8.380 test_loss 0.45949 
e: 111 loss: 0.01780 train_err: 0.614 test_top1: 8.960 test_loss 0.50009 
e: 112 loss: 0.01780 train_err: 0.618 test_top1: 8.400 test_loss 0.46584 
e: 113 loss: 0.01814 train_err: 0.644 test_top1: 8.870 test_loss 0.48350 
e: 114 loss: 0.01624 train_err: 0.570 test_top1: 8.680 test_loss 0.50162 
e: 115 loss: 0.01765 train_err: 0.622 test_top1: 8.980 test_loss 0.49520 
e: 116 loss: 0.02069 train_err: 0.718 test_top1: 8.950 test_loss 0.48516 
e: 117 loss: 0.01800 train_err: 0.618 test_top1: 8.420 test_loss 0.45626 
e: 118 loss: 0.01759 train_err: 0.616 test_top1: 8.700 test_loss 0.47629 
e: 119 loss: 0.01529 train_err: 0.524 test_top1: 8.830 test_loss 0.48047 
e: 120 loss: 0.01473 train_err: 0.494 test_top1: 8.720 test_loss 0.47867 
e: 121 loss: 0.01625 train_err: 0.510 test_top1: 8.970 test_loss 0.50642 
e: 122 loss: 0.01676 train_err: 0.578 test_top1: 8.950 test_loss 0.51947 
e: 123 loss: 0.01966 train_err: 0.698 test_top1: 9.010 test_loss 0.50374 
e: 124 loss: 0.02212 train_err: 0.744 test_top1: 8.880 test_loss 0.49028 
e: 125 loss: 0.01650 train_err: 0.564 test_top1: 9.000 test_loss 0.49267 
e: 126 loss: 0.01618 train_err: 0.538 test_top1: 8.440 test_loss 0.46600 
e: 127 loss: 0.01439 train_err: 0.484 test_top1: 9.190 test_loss 0.49733 
e: 128 loss: 0.01797 train_err: 0.622 test_top1: 8.690 test_loss 0.48886 
e: 129 loss: 0.01682 train_err: 0.594 test_top1: 8.630 test_loss 0.48690 
e: 130 loss: 0.01523 train_err: 0.532 test_top1: 8.520 test_loss 0.48433 
e: 131 loss: 0.01437 train_err: 0.514 test_top1: 8.670 test_loss 0.49042 
e: 132 loss: 0.01613 train_err: 0.548 test_top1: 8.680 test_loss 0.51152 
e: 133 loss: 0.01605 train_err: 0.534 test_top1: 8.310 test_loss 0.48176 
e: 134 loss: 0.01630 train_err: 0.556 test_top1: 8.530 test_loss 0.50722 
e: 135 loss: 0.01511 train_err: 0.528 test_top1: 9.020 test_loss 0.50891 
e: 136 loss: 0.01503 train_err: 0.508 test_top1: 8.730 test_loss 0.53078 
e: 137 loss: 0.01755 train_err: 0.560 test_top1: 8.490 test_loss 0.49083 
e: 138 loss: 0.01319 train_err: 0.406 test_top1: 8.900 test_loss 0.54075 
e: 139 loss: 0.01513 train_err: 0.552 test_top1: 8.700 test_loss 0.50597 
e: 140 loss: 0.01720 train_err: 0.568 test_top1: 9.100 test_loss 0.51594 
e: 141 loss: 0.01503 train_err: 0.550 test_top1: 8.760 test_loss 0.50119 
e: 142 loss: 0.01167 train_err: 0.402 test_top1: 8.620 test_loss 0.49738 
e: 143 loss: 0.01411 train_err: 0.520 test_top1: 8.790 test_loss 0.50733 
e: 144 loss: 0.01395 train_err: 0.488 test_top1: 8.540 test_loss 0.49908 
e: 145 loss: 0.01290 train_err: 0.436 test_top1: 8.880 test_loss 0.51975 
e: 146 loss: 0.01509 train_err: 0.492 test_top1: 8.720 test_loss 0.52306 
e: 147 loss: 0.01612 train_err: 0.532 test_top1: 8.340 test_loss 0.48845 
e: 148 loss: 0.01286 train_err: 0.412 test_top1: 8.660 test_loss 0.51587 
e: 149 loss: 0.01462 train_err: 0.478 test_top1: 9.000 test_loss 0.52915 
e: 150 loss: 0.01286 train_err: 0.444 test_top1: 8.830 test_loss 0.52612 
e: 151 loss: 0.00896 train_err: 0.294 test_top1: 8.130 test_loss 0.47787 
e: 152 loss: 0.00567 train_err: 0.204 test_top1: 8.030 test_loss 0.46928 
e: 153 loss: 0.00504 train_err: 0.166 test_top1: 8.030 test_loss 0.46656 
e: 154 loss: 0.00377 train_err: 0.116 test_top1: 7.850 test_loss 0.46812 
e: 155 loss: 0.00317 train_err: 0.104 test_top1: 7.830 test_loss 0.46325 
e: 156 loss: 0.00280 train_err: 0.090 test_top1: 7.790 test_loss 0.45939 
e: 157 loss: 0.00291 train_err: 0.092 test_top1: 7.860 test_loss 0.46009 
e: 158 loss: 0.00249 train_err: 0.074 test_top1: 7.890 test_loss 0.46278 
e: 159 loss: 0.00222 train_err: 0.060 test_top1: 7.910 test_loss 0.45872 
e: 160 loss: 0.00234 train_err: 0.060 test_top1: 7.860 test_loss 0.45898 
e: 161 loss: 0.00218 train_err: 0.068 test_top1: 7.810 test_loss 0.46084 
e: 162 loss: 0.00207 train_err: 0.052 test_top1: 7.940 test_loss 0.46683 
e: 163 loss: 0.00207 train_err: 0.064 test_top1: 7.750 test_loss 0.45775 
e: 164 loss: 0.00203 train_err: 0.054 test_top1: 7.940 test_loss 0.46273 
e: 165 loss: 0.00157 train_err: 0.046 test_top1: 7.830 test_loss 0.46215 
e: 166 loss: 0.00186 train_err: 0.050 test_top1: 7.700 test_loss 0.46226 
e: 167 loss: 0.00210 train_err: 0.064 test_top1: 7.710 test_loss 0.46696 
e: 168 loss: 0.00154 train_err: 0.050 test_top1: 7.720 test_loss 0.46537 
e: 169 loss: 0.00167 train_err: 0.050 test_top1: 7.710 test_loss 0.46290 
e: 170 loss: 0.00161 train_err: 0.052 test_top1: 7.870 test_loss 0.46905 
e: 171 loss: 0.00140 train_err: 0.034 test_top1: 7.870 test_loss 0.46466 
e: 172 loss: 0.00104 train_err: 0.024 test_top1: 7.770 test_loss 0.46444 
e: 173 loss: 0.00118 train_err: 0.022 test_top1: 7.680 test_loss 0.46656 
e: 174 loss: 0.00110 train_err: 0.024 test_top1: 7.770 test_loss 0.46850 
e: 175 loss: 0.00115 train_err: 0.022 test_top1: 7.710 test_loss 0.47187 
e: 176 loss: 0.00090 train_err: 0.016 test_top1: 7.620 test_loss 0.47034 
e: 177 loss: 0.00109 train_err: 0.034 test_top1: 7.710 test_loss 0.47722 
e: 178 loss: 0.00093 train_err: 0.014 test_top1: 7.630 test_loss 0.47213 
e: 179 loss: 0.00097 train_err: 0.024 test_top1: 7.730 test_loss 0.47183 
e: 180 loss: 0.00108 train_err: 0.042 test_top1: 7.580 test_loss 0.47372 
e: 181 loss: 0.00103 train_err: 0.024 test_top1: 7.660 test_loss 0.47893 
e: 182 loss: 0.00089 train_err: 0.022 test_top1: 7.600 test_loss 0.48178 
e: 183 loss: 0.00099 train_err: 0.030 test_top1: 7.690 test_loss 0.47631 
e: 184 loss: 0.00102 train_err: 0.028 test_top1: 7.820 test_loss 0.49168 
e: 185 loss: 0.00091 train_err: 0.020 test_top1: 7.860 test_loss 0.48309 
e: 186 loss: 0.00084 train_err: 0.024 test_top1: 7.790 test_loss 0.49030 
e: 187 loss: 0.00078 train_err: 0.020 test_top1: 7.660 test_loss 0.48548 
e: 188 loss: 0.00097 train_err: 0.030 test_top1: 7.680 test_loss 0.48172 
e: 189 loss: 0.00064 train_err: 0.008 test_top1: 7.800 test_loss 0.49339 
e: 190 loss: 0.00084 train_err: 0.018 test_top1: 7.840 test_loss 0.49397 
e: 191 loss: 0.00059 train_err: 0.016 test_top1: 7.870 test_loss 0.49412 
e: 192 loss: 0.00070 train_err: 0.012 test_top1: 7.740 test_loss 0.48981 
e: 193 loss: 0.00095 train_err: 0.036 test_top1: 7.720 test_loss 0.49133 
e: 194 loss: 0.00099 train_err: 0.038 test_top1: 7.960 test_loss 0.49572 
e: 195 loss: 0.00081 train_err: 0.024 test_top1: 7.710 test_loss 0.49632 
e: 196 loss: 0.00096 train_err: 0.038 test_top1: 7.760 test_loss 0.49092 
e: 197 loss: 0.00061 train_err: 0.014 test_top1: 7.620 test_loss 0.49144 
e: 198 loss: 0.00072 train_err: 0.024 test_top1: 7.440 test_loss 0.48813 
e: 199 loss: 0.00064 train_err: 0.018 test_top1: 7.660 test_loss 0.49803 
e: 200 loss: 0.00079 train_err: 0.020 test_top1: 7.690 test_loss 0.49913 
e: 201 loss: 0.00058 train_err: 0.014 test_top1: 7.620 test_loss 0.49645 
e: 202 loss: 0.00058 train_err: 0.016 test_top1: 7.770 test_loss 0.49794 
e: 203 loss: 0.00068 train_err: 0.016 test_top1: 7.760 test_loss 0.50207 
e: 204 loss: 0.00060 train_err: 0.018 test_top1: 7.650 test_loss 0.50621 
e: 205 loss: 0.00048 train_err: 0.008 test_top1: 7.710 test_loss 0.50151 
e: 206 loss: 0.00063 train_err: 0.016 test_top1: 7.660 test_loss 0.50425 
e: 207 loss: 0.00069 train_err: 0.020 test_top1: 7.510 test_loss 0.50373 
e: 208 loss: 0.00041 train_err: 0.006 test_top1: 7.630 test_loss 0.50643 
e: 209 loss: 0.00054 train_err: 0.020 test_top1: 7.640 test_loss 0.50623 
e: 210 loss: 0.00072 train_err: 0.016 test_top1: 7.640 test_loss 0.51362 
e: 211 loss: 0.00077 train_err: 0.030 test_top1: 7.620 test_loss 0.51004 
e: 212 loss: 0.00058 train_err: 0.014 test_top1: 7.670 test_loss 0.51198 
e: 213 loss: 0.00046 train_err: 0.010 test_top1: 7.600 test_loss 0.51491 
e: 214 loss: 0.00056 train_err: 0.016 test_top1: 7.680 test_loss 0.51954 
e: 215 loss: 0.00048 train_err: 0.012 test_top1: 7.640 test_loss 0.52149 
e: 216 loss: 0.00060 train_err: 0.012 test_top1: 7.640 test_loss 0.52108 
e: 217 loss: 0.00040 train_err: 0.008 test_top1: 7.610 test_loss 0.51798 
e: 218 loss: 0.00053 train_err: 0.018 test_top1: 7.630 test_loss 0.50877 
e: 219 loss: 0.00045 train_err: 0.006 test_top1: 7.530 test_loss 0.51297 
e: 220 loss: 0.00054 train_err: 0.016 test_top1: 7.570 test_loss 0.50703 
e: 221 loss: 0.00065 train_err: 0.016 test_top1: 7.660 test_loss 0.50905 
e: 222 loss: 0.00038 train_err: 0.004 test_top1: 7.520 test_loss 0.51471 
e: 223 loss: 0.00044 train_err: 0.008 test_top1: 7.530 test_loss 0.50864 
e: 224 loss: 0.00050 train_err: 0.012 test_top1: 7.470 test_loss 0.50871 
e: 225 loss: 0.00035 train_err: 0.008 test_top1: 7.510 test_loss 0.51044 
e: 226 loss: 0.00031 train_err: 0.006 test_top1: 7.450 test_loss 0.51198 
e: 227 loss: 0.00025 train_err: 0.002 test_top1: 7.490 test_loss 0.51500 
e: 228 loss: 0.00043 train_err: 0.012 test_top1: 7.510 test_loss 0.50978 
e: 229 loss: 0.00040 train_err: 0.008 test_top1: 7.460 test_loss 0.51025 
e: 230 loss: 0.00032 train_err: 0.006 test_top1: 7.450 test_loss 0.51109 
e: 231 loss: 0.00026 train_err: 0.002 test_top1: 7.560 test_loss 0.51353 
e: 232 loss: 0.00029 train_err: 0.004 test_top1: 7.420 test_loss 0.51223 
e: 233 loss: 0.00046 train_err: 0.008 test_top1: 7.470 test_loss 0.50689 
e: 234 loss: 0.00045 train_err: 0.008 test_top1: 7.360 test_loss 0.51410 
e: 235 loss: 0.00042 train_err: 0.008 test_top1: 7.420 test_loss 0.50586 
e: 236 loss: 0.00036 train_err: 0.006 test_top1: 7.460 test_loss 0.51133 
e: 237 loss: 0.00046 train_err: 0.010 test_top1: 7.460 test_loss 0.50903 
e: 238 loss: 0.00029 train_err: 0.008 test_top1: 7.420 test_loss 0.51197 
e: 239 loss: 0.00044 train_err: 0.010 test_top1: 7.390 test_loss 0.50889 
e: 240 loss: 0.00029 train_err: 0.010 test_top1: 7.590 test_loss 0.50869 
e: 241 loss: 0.00021 train_err: 0.002 test_top1: 7.420 test_loss 0.50775 
e: 242 loss: 0.00042 train_err: 0.012 test_top1: 7.540 test_loss 0.51085 
e: 243 loss: 0.00025 train_err: 0.004 test_top1: 7.430 test_loss 0.51013 
e: 244 loss: 0.00022 train_err: 0.004 test_top1: 7.510 test_loss 0.50880 
e: 245 loss: 0.00039 train_err: 0.012 test_top1: 7.440 test_loss 0.51040 
e: 246 loss: 0.00033 train_err: 0.010 test_top1: 7.440 test_loss 0.50886 
e: 247 loss: 0.00041 train_err: 0.012 test_top1: 7.410 test_loss 0.50708 
e: 248 loss: 0.00028 train_err: 0.004 test_top1: 7.380 test_loss 0.50535 
e: 249 loss: 0.00031 train_err: 0.010 test_top1: 7.340 test_loss 0.50377 
e: 250 loss: 0.00036 train_err: 0.012 test_top1: 7.450 test_loss 0.51275 
e: 251 loss: 0.00023 train_err: 0.004 test_top1: 7.420 test_loss 0.51119 
e: 252 loss: 0.00040 train_err: 0.008 test_top1: 7.360 test_loss 0.51204 
e: 253 loss: 0.00027 train_err: 0.006 test_top1: 7.380 test_loss 0.51222 
e: 254 loss: 0.00026 train_err: 0.006 test_top1: 7.390 test_loss 0.51100 
e: 255 loss: 0.00034 train_err: 0.006 test_top1: 7.440 test_loss 0.51446 
e: 256 loss: 0.00034 train_err: 0.006 test_top1: 7.430 test_loss 0.51015 
e: 257 loss: 0.00021 train_err: 0.004 test_top1: 7.410 test_loss 0.51207 
e: 258 loss: 0.00027 train_err: 0.004 test_top1: 7.460 test_loss 0.51075 
e: 259 loss: 0.00030 train_err: 0.012 test_top1: 7.450 test_loss 0.51010 
e: 260 loss: 0.00020 train_err: 0.004 test_top1: 7.340 test_loss 0.51229 
e: 261 loss: 0.00021 train_err: 0.002 test_top1: 7.280 test_loss 0.51163 
e: 262 loss: 0.00023 train_err: 0.004 test_top1: 7.340 test_loss 0.50930 
e: 263 loss: 0.00022 train_err: 0.004 test_top1: 7.410 test_loss 0.51298 
e: 264 loss: 0.00020 train_err: 0.002 test_top1: 7.360 test_loss 0.50698 
e: 265 loss: 0.00019 train_err: 0.002 test_top1: 7.360 test_loss 0.50981 
e: 266 loss: 0.00023 train_err: 0.004 test_top1: 7.370 test_loss 0.51384 
e: 267 loss: 0.00027 train_err: 0.006 test_top1: 7.370 test_loss 0.50983 
e: 268 loss: 0.00027 train_err: 0.004 test_top1: 7.330 test_loss 0.50712 
e: 269 loss: 0.00021 train_err: 0.004 test_top1: 7.390 test_loss 0.51127 
e: 270 loss: 0.00040 train_err: 0.014 test_top1: 7.390 test_loss 0.51042 
e: 271 loss: 0.00021 train_err: 0.002 test_top1: 7.400 test_loss 0.51117 
e: 272 loss: 0.00019 train_err: 0.004 test_top1: 7.360 test_loss 0.50792 
e: 273 loss: 0.00037 train_err: 0.010 test_top1: 7.370 test_loss 0.51324 
e: 274 loss: 0.00021 train_err: 0.006 test_top1: 7.400 test_loss 0.51213 
e: 275 loss: 0.00022 train_err: 0.002 test_top1: 7.370 test_loss 0.51161 
e: 276 loss: 0.00019 train_err: 0.004 test_top1: 7.460 test_loss 0.50793 
e: 277 loss: 0.00034 train_err: 0.006 test_top1: 7.360 test_loss 0.50832 
e: 278 loss: 0.00020 train_err: 0.002 test_top1: 7.400 test_loss 0.50867 
e: 279 loss: 0.00016 train_err: 0.004 test_top1: 7.440 test_loss 0.51102 
e: 280 loss: 0.00025 train_err: 0.004 test_top1: 7.380 test_loss 0.50798 
e: 281 loss: 0.00023 train_err: 0.006 test_top1: 7.400 test_loss 0.50877 
e: 282 loss: 0.00026 train_err: 0.006 test_top1: 7.390 test_loss 0.50683 
e: 283 loss: 0.00018 train_err: 0.002 test_top1: 7.380 test_loss 0.50839 
e: 284 loss: 0.00018 train_err: 0.002 test_top1: 7.380 test_loss 0.51169 
e: 285 loss: 0.00035 train_err: 0.008 test_top1: 7.380 test_loss 0.50415 
e: 286 loss: 0.00021 train_err: 0.002 test_top1: 7.350 test_loss 0.50645 
e: 287 loss: 0.00018 train_err: 0.002 test_top1: 7.360 test_loss 0.50904 
e: 288 loss: 0.00018 train_err: 0.000 test_top1: 7.410 test_loss 0.50929 
e: 289 loss: 0.00015 train_err: 0.000 test_top1: 7.360 test_loss 0.51310 
e: 290 loss: 0.00023 train_err: 0.002 test_top1: 7.440 test_loss 0.51402 
e: 291 loss: 0.00023 train_err: 0.004 test_top1: 7.380 test_loss 0.51086 
e: 292 loss: 0.00019 train_err: 0.004 test_top1: 7.390 test_loss 0.51079 
e: 293 loss: 0.00033 train_err: 0.004 test_top1: 7.420 test_loss 0.51104 
e: 294 loss: 0.00023 train_err: 0.004 test_top1: 7.360 test_loss 0.50964 
e: 295 loss: 0.00020 train_err: 0.006 test_top1: 7.440 test_loss 0.51144 
e: 296 loss: 0.00022 train_err: 0.004 test_top1: 7.430 test_loss 0.51354 
e: 297 loss: 0.00017 train_err: 0.000 test_top1: 7.390 test_loss 0.50748 
e: 298 loss: 0.00022 train_err: 0.006 test_top1: 7.400 test_loss 0.50955 
e: 299 loss: 0.00035 train_err: 0.014 test_top1: 7.370 test_loss 0.50605 
e: 300 loss: 0.00025 train_err: 0.006 test_top1: 7.440 test_loss 0.51042 
