e: 0 loss: -1.000 train_err: -1.000 test_top1: 90.000
e: 1 loss: 1.672 train_err: 59.622 test_top1: 49.170
e: 2 loss: 1.089 train_err: 38.730 test_top1: 36.510
e: 3 loss: 0.803 train_err: 28.218 test_top1: 26.410
e: 4 loss: 0.638 train_err: 21.968 test_top1: 23.130
e: 5 loss: 0.549 train_err: 18.866 test_top1: 20.770
e: 6 loss: 0.491 train_err: 17.010 test_top1: 18.520
e: 7 loss: 0.460 train_err: 15.784 test_top1: 19.440
e: 8 loss: 0.430 train_err: 14.714 test_top1: 17.530
e: 9 loss: 0.411 train_err: 14.078 test_top1: 18.360
e: 10 loss: 0.400 train_err: 13.652 test_top1: 21.210
e: 11 loss: 0.385 train_err: 13.334 test_top1: 16.370
e: 12 loss: 0.380 train_err: 13.038 test_top1: 14.810
e: 13 loss: 0.376 train_err: 12.830 test_top1: 18.230
e: 14 loss: 0.368 train_err: 12.832 test_top1: 15.430
e: 15 loss: 0.364 train_err: 12.370 test_top1: 15.510
e: 16 loss: 0.358 train_err: 12.288 test_top1: 15.890
e: 17 loss: 0.359 train_err: 12.346 test_top1: 16.980
e: 18 loss: 0.351 train_err: 11.998 test_top1: 21.620
e: 19 loss: 0.348 train_err: 11.846 test_top1: 17.420
e: 20 loss: 0.345 train_err: 11.842 test_top1: 17.220
e: 21 loss: 0.339 train_err: 11.596 test_top1: 16.440
e: 22 loss: 0.334 train_err: 11.486 test_top1: 17.950
e: 23 loss: 0.336 train_err: 11.476 test_top1: 17.500
e: 24 loss: 0.325 train_err: 11.068 test_top1: 13.770
e: 25 loss: 0.330 train_err: 11.374 test_top1: 13.790
e: 26 loss: 0.319 train_err: 11.028 test_top1: 18.070
e: 27 loss: 0.324 train_err: 11.194 test_top1: 17.950
e: 28 loss: 0.316 train_err: 10.994 test_top1: 14.570
e: 29 loss: 0.319 train_err: 10.884 test_top1: 14.840
e: 30 loss: 0.319 train_err: 10.884 test_top1: 14.230
e: 31 loss: 0.310 train_err: 10.646 test_top1: 13.910
e: 32 loss: 0.309 train_err: 10.468 test_top1: 13.720
e: 33 loss: 0.308 train_err: 10.586 test_top1: 14.670
e: 34 loss: 0.311 train_err: 10.768 test_top1: 15.630
e: 35 loss: 0.307 train_err: 10.490 test_top1: 18.860
e: 36 loss: 0.304 train_err: 10.534 test_top1: 13.810
e: 37 loss: 0.306 train_err: 10.618 test_top1: 15.030
e: 38 loss: 0.305 train_err: 10.504 test_top1: 18.450
e: 39 loss: 0.304 train_err: 10.518 test_top1: 14.800
e: 40 loss: 0.300 train_err: 10.244 test_top1: 14.550
e: 41 loss: 0.301 train_err: 10.278 test_top1: 14.580
e: 42 loss: 0.297 train_err: 10.060 test_top1: 16.540
e: 43 loss: 0.299 train_err: 10.258 test_top1: 14.230
e: 44 loss: 0.302 train_err: 10.232 test_top1: 14.380
e: 45 loss: 0.296 train_err: 10.140 test_top1: 14.670
e: 46 loss: 0.302 train_err: 10.374 test_top1: 15.680
e: 47 loss: 0.294 train_err: 10.000 test_top1: 15.470
e: 48 loss: 0.292 train_err: 9.942 test_top1: 16.990
e: 49 loss: 0.294 train_err: 10.104 test_top1: 13.940
e: 50 loss: 0.291 train_err: 10.198 test_top1: 15.710
e: 51 loss: 0.287 train_err: 9.892 test_top1: 15.000
e: 52 loss: 0.291 train_err: 9.862 test_top1: 17.730
e: 53 loss: 0.291 train_err: 9.966 test_top1: 15.790
e: 54 loss: 0.289 train_err: 9.842 test_top1: 13.540
e: 55 loss: 0.286 train_err: 9.824 test_top1: 15.480
e: 56 loss: 0.293 train_err: 10.052 test_top1: 16.940
e: 57 loss: 0.289 train_err: 10.002 test_top1: 16.790
e: 58 loss: 0.292 train_err: 10.036 test_top1: 13.050
e: 59 loss: 0.290 train_err: 9.902 test_top1: 14.470
e: 60 loss: 0.287 train_err: 9.908 test_top1: 18.270
e: 61 loss: 0.287 train_err: 9.846 test_top1: 15.720
e: 62 loss: 0.288 train_err: 9.946 test_top1: 16.000
e: 63 loss: 0.287 train_err: 9.844 test_top1: 18.760
e: 64 loss: 0.286 train_err: 9.790 test_top1: 14.340
e: 65 loss: 0.282 train_err: 9.640 test_top1: 13.210
e: 66 loss: 0.288 train_err: 9.982 test_top1: 20.390
e: 67 loss: 0.286 train_err: 9.758 test_top1: 11.460
e: 68 loss: 0.286 train_err: 9.982 test_top1: 13.390
e: 69 loss: 0.292 train_err: 9.916 test_top1: 19.040
e: 70 loss: 0.284 train_err: 9.820 test_top1: 16.450
e: 71 loss: 0.282 train_err: 9.626 test_top1: 15.370
e: 72 loss: 0.289 train_err: 9.858 test_top1: 12.820
e: 73 loss: 0.286 train_err: 9.788 test_top1: 12.730
e: 74 loss: 0.283 train_err: 9.614 test_top1: 16.330
e: 75 loss: 0.281 train_err: 9.594 test_top1: 12.660
e: 76 loss: 0.285 train_err: 9.662 test_top1: 13.640
e: 77 loss: 0.282 train_err: 9.576 test_top1: 14.030
e: 78 loss: 0.287 train_err: 9.932 test_top1: 18.070
e: 79 loss: 0.288 train_err: 9.866 test_top1: 13.450
e: 80 loss: 0.284 train_err: 9.768 test_top1: 12.610
e: 81 loss: 0.282 train_err: 9.656 test_top1: 15.720
e: 82 loss: 0.281 train_err: 9.616 test_top1: 12.480
e: 83 loss: 0.279 train_err: 9.696 test_top1: 15.980
e: 84 loss: 0.283 train_err: 9.668 test_top1: 12.840
e: 85 loss: 0.280 train_err: 9.486 test_top1: 15.550
e: 86 loss: 0.281 train_err: 9.604 test_top1: 13.000
e: 87 loss: 0.278 train_err: 9.548 test_top1: 14.450
e: 88 loss: 0.279 train_err: 9.612 test_top1: 15.540
e: 89 loss: 0.282 train_err: 9.786 test_top1: 13.720
e: 90 loss: 0.280 train_err: 9.700 test_top1: 13.660
e: 91 loss: 0.282 train_err: 9.786 test_top1: 15.220
e: 92 loss: 0.282 train_err: 9.672 test_top1: 13.820
e: 93 loss: 0.282 train_err: 9.722 test_top1: 15.580
e: 94 loss: 0.285 train_err: 9.932 test_top1: 14.700
e: 95 loss: 0.278 train_err: 9.520 test_top1: 14.860
e: 96 loss: 0.279 train_err: 9.558 test_top1: 16.080
e: 97 loss: 0.281 train_err: 9.620 test_top1: 14.310
e: 98 loss: 0.278 train_err: 9.706 test_top1: 13.420
e: 99 loss: 0.280 train_err: 9.542 test_top1: 15.540
e: 100 loss: 0.280 train_err: 9.658 test_top1: 15.920
e: 101 loss: 0.279 train_err: 9.684 test_top1: 14.050
e: 102 loss: 0.280 train_err: 9.630 test_top1: 15.000
e: 103 loss: 0.281 train_err: 9.726 test_top1: 14.340
e: 104 loss: 0.283 train_err: 9.696 test_top1: 13.130
e: 105 loss: 0.274 train_err: 9.438 test_top1: 15.220
e: 106 loss: 0.283 train_err: 9.780 test_top1: 13.870
e: 107 loss: 0.284 train_err: 9.806 test_top1: 16.590
e: 108 loss: 0.281 train_err: 9.614 test_top1: 12.350
e: 109 loss: 0.284 train_err: 9.704 test_top1: 13.390
e: 110 loss: 0.278 train_err: 9.528 test_top1: 14.320
e: 111 loss: 0.276 train_err: 9.482 test_top1: 11.440
e: 112 loss: 0.281 train_err: 9.754 test_top1: 13.480
e: 113 loss: 0.278 train_err: 9.598 test_top1: 12.150
e: 114 loss: 0.278 train_err: 9.578 test_top1: 14.170
e: 115 loss: 0.282 train_err: 9.714 test_top1: 17.550
e: 116 loss: 0.279 train_err: 9.658 test_top1: 15.620
e: 117 loss: 0.278 train_err: 9.432 test_top1: 14.020
e: 118 loss: 0.279 train_err: 9.518 test_top1: 13.750
e: 119 loss: 0.277 train_err: 9.474 test_top1: 13.300
e: 120 loss: 0.281 train_err: 9.778 test_top1: 16.310
e: 121 loss: 0.272 train_err: 9.294 test_top1: 13.550
e: 122 loss: 0.278 train_err: 9.568 test_top1: 14.870
e: 123 loss: 0.276 train_err: 9.546 test_top1: 16.300
e: 124 loss: 0.272 train_err: 9.306 test_top1: 12.740
e: 125 loss: 0.283 train_err: 9.672 test_top1: 16.550
e: 126 loss: 0.275 train_err: 9.466 test_top1: 12.560
e: 127 loss: 0.280 train_err: 9.622 test_top1: 16.580
e: 128 loss: 0.279 train_err: 9.444 test_top1: 17.000
e: 129 loss: 0.277 train_err: 9.516 test_top1: 17.080
e: 130 loss: 0.278 train_err: 9.530 test_top1: 15.420
e: 131 loss: 0.278 train_err: 9.608 test_top1: 16.420
e: 132 loss: 0.273 train_err: 9.478 test_top1: 12.060
e: 133 loss: 0.277 train_err: 9.576 test_top1: 14.830
e: 134 loss: 0.276 train_err: 9.528 test_top1: 18.170
e: 135 loss: 0.272 train_err: 9.452 test_top1: 15.770
e: 136 loss: 0.271 train_err: 9.322 test_top1: 11.060
e: 137 loss: 0.280 train_err: 9.670 test_top1: 14.790
e: 138 loss: 0.279 train_err: 9.596 test_top1: 14.240
e: 139 loss: 0.271 train_err: 9.364 test_top1: 15.880
e: 140 loss: 0.279 train_err: 9.566 test_top1: 16.790
e: 141 loss: 0.277 train_err: 9.536 test_top1: 16.910
e: 142 loss: 0.281 train_err: 9.698 test_top1: 12.030
e: 143 loss: 0.276 train_err: 9.572 test_top1: 14.100
e: 144 loss: 0.278 train_err: 9.584 test_top1: 13.040
e: 145 loss: 0.279 train_err: 9.622 test_top1: 12.220
e: 146 loss: 0.275 train_err: 9.404 test_top1: 14.350
e: 147 loss: 0.277 train_err: 9.448 test_top1: 15.130
e: 148 loss: 0.275 train_err: 9.602 test_top1: 14.410
e: 149 loss: 0.281 train_err: 9.786 test_top1: 13.970
e: 150 loss: 0.154 train_err: 5.178 test_top1: 6.140
e: 151 loss: 0.105 train_err: 3.450 test_top1: 5.490
e: 152 loss: 0.085 train_err: 2.766 test_top1: 5.410
e: 153 loss: 0.075 train_err: 2.450 test_top1: 5.530
e: 154 loss: 0.063 train_err: 1.952 test_top1: 5.270
e: 155 loss: 0.058 train_err: 1.876 test_top1: 5.260
e: 156 loss: 0.050 train_err: 1.534 test_top1: 5.440
e: 157 loss: 0.046 train_err: 1.462 test_top1: 5.300
e: 158 loss: 0.040 train_err: 1.230 test_top1: 5.330
e: 159 loss: 0.039 train_err: 1.206 test_top1: 5.390
e: 160 loss: 0.036 train_err: 1.124 test_top1: 5.470
e: 161 loss: 0.032 train_err: 0.898 test_top1: 5.350
e: 162 loss: 0.032 train_err: 0.968 test_top1: 5.550
e: 163 loss: 0.031 train_err: 0.950 test_top1: 6.020
e: 164 loss: 0.028 train_err: 0.874 test_top1: 5.500
e: 165 loss: 0.028 train_err: 0.898 test_top1: 5.820
e: 166 loss: 0.028 train_err: 0.846 test_top1: 5.150
e: 167 loss: 0.029 train_err: 0.840 test_top1: 5.310
e: 168 loss: 0.027 train_err: 0.816 test_top1: 5.490
e: 169 loss: 0.030 train_err: 0.996 test_top1: 5.860
e: 170 loss: 0.031 train_err: 0.914 test_top1: 5.820
e: 171 loss: 0.030 train_err: 0.952 test_top1: 5.620
e: 172 loss: 0.030 train_err: 0.846 test_top1: 5.720
e: 173 loss: 0.028 train_err: 0.840 test_top1: 5.770
e: 174 loss: 0.031 train_err: 0.972 test_top1: 6.170
e: 175 loss: 0.030 train_err: 0.960 test_top1: 6.200
e: 176 loss: 0.032 train_err: 0.984 test_top1: 6.010
e: 177 loss: 0.032 train_err: 0.992 test_top1: 5.930
e: 178 loss: 0.032 train_err: 1.022 test_top1: 5.870
e: 179 loss: 0.035 train_err: 1.122 test_top1: 6.280
e: 180 loss: 0.033 train_err: 1.010 test_top1: 5.740
e: 181 loss: 0.032 train_err: 0.960 test_top1: 6.440
e: 182 loss: 0.037 train_err: 1.148 test_top1: 5.930
e: 183 loss: 0.036 train_err: 1.102 test_top1: 6.450
e: 184 loss: 0.036 train_err: 1.132 test_top1: 6.780
e: 185 loss: 0.036 train_err: 1.164 test_top1: 6.350
e: 186 loss: 0.040 train_err: 1.340 test_top1: 6.500
e: 187 loss: 0.040 train_err: 1.282 test_top1: 6.860
e: 188 loss: 0.041 train_err: 1.390 test_top1: 6.850
e: 189 loss: 0.041 train_err: 1.292 test_top1: 6.740
e: 190 loss: 0.042 train_err: 1.342 test_top1: 6.130
e: 191 loss: 0.039 train_err: 1.228 test_top1: 6.930
e: 192 loss: 0.044 train_err: 1.456 test_top1: 7.030
e: 193 loss: 0.042 train_err: 1.330 test_top1: 6.500
e: 194 loss: 0.040 train_err: 1.256 test_top1: 6.650
e: 195 loss: 0.045 train_err: 1.432 test_top1: 6.850
e: 196 loss: 0.039 train_err: 1.232 test_top1: 6.480
e: 197 loss: 0.044 train_err: 1.432 test_top1: 6.600
e: 198 loss: 0.047 train_err: 1.512 test_top1: 6.560
e: 199 loss: 0.041 train_err: 1.318 test_top1: 6.480
e: 200 loss: 0.042 train_err: 1.358 test_top1: 6.630
e: 201 loss: 0.046 train_err: 1.462 test_top1: 6.870
e: 202 loss: 0.043 train_err: 1.420 test_top1: 7.030
e: 203 loss: 0.045 train_err: 1.530 test_top1: 7.830
e: 204 loss: 0.043 train_err: 1.376 test_top1: 6.850
e: 205 loss: 0.042 train_err: 1.360 test_top1: 6.510
e: 206 loss: 0.040 train_err: 1.296 test_top1: 7.400
e: 207 loss: 0.045 train_err: 1.454 test_top1: 7.120
e: 208 loss: 0.046 train_err: 1.560 test_top1: 6.430
e: 209 loss: 0.041 train_err: 1.398 test_top1: 6.910
e: 210 loss: 0.045 train_err: 1.504 test_top1: 7.100
e: 211 loss: 0.045 train_err: 1.498 test_top1: 6.280
e: 212 loss: 0.044 train_err: 1.436 test_top1: 7.150
e: 213 loss: 0.046 train_err: 1.526 test_top1: 6.810
e: 214 loss: 0.042 train_err: 1.360 test_top1: 7.200
e: 215 loss: 0.043 train_err: 1.404 test_top1: 6.210
e: 216 loss: 0.046 train_err: 1.474 test_top1: 6.540
e: 217 loss: 0.040 train_err: 1.288 test_top1: 6.990
e: 218 loss: 0.042 train_err: 1.402 test_top1: 6.310
e: 219 loss: 0.046 train_err: 1.522 test_top1: 6.520
e: 220 loss: 0.040 train_err: 1.312 test_top1: 6.570
e: 221 loss: 0.042 train_err: 1.330 test_top1: 6.670
e: 222 loss: 0.041 train_err: 1.264 test_top1: 7.040
e: 223 loss: 0.043 train_err: 1.378 test_top1: 7.430
e: 224 loss: 0.042 train_err: 1.364 test_top1: 7.730
e: 225 loss: 0.022 train_err: 0.658 test_top1: 5.060
e: 226 loss: 0.011 train_err: 0.256 test_top1: 4.970
e: 227 loss: 0.008 train_err: 0.140 test_top1: 4.790
e: 228 loss: 0.007 train_err: 0.136 test_top1: 4.690
e: 229 loss: 0.006 train_err: 0.102 test_top1: 4.650
e: 230 loss: 0.006 train_err: 0.068 test_top1: 4.730
e: 231 loss: 0.005 train_err: 0.066 test_top1: 4.700
e: 232 loss: 0.005 train_err: 0.076 test_top1: 4.720
e: 233 loss: 0.004 train_err: 0.048 test_top1: 4.560
e: 234 loss: 0.004 train_err: 0.054 test_top1: 4.610
e: 235 loss: 0.004 train_err: 0.054 test_top1: 4.680
e: 236 loss: 0.004 train_err: 0.038 test_top1: 4.510
e: 237 loss: 0.004 train_err: 0.062 test_top1: 4.630
e: 238 loss: 0.004 train_err: 0.046 test_top1: 4.530
e: 239 loss: 0.003 train_err: 0.020 test_top1: 4.660
e: 240 loss: 0.003 train_err: 0.024 test_top1: 4.610
e: 241 loss: 0.003 train_err: 0.022 test_top1: 4.580
e: 242 loss: 0.003 train_err: 0.036 test_top1: 4.460
e: 243 loss: 0.003 train_err: 0.028 test_top1: 4.610
e: 244 loss: 0.003 train_err: 0.030 test_top1: 4.560
e: 245 loss: 0.003 train_err: 0.018 test_top1: 4.630
e: 246 loss: 0.003 train_err: 0.018 test_top1: 4.680
e: 247 loss: 0.002 train_err: 0.010 test_top1: 4.470
e: 248 loss: 0.003 train_err: 0.028 test_top1: 4.680
e: 249 loss: 0.003 train_err: 0.018 test_top1: 4.560
e: 250 loss: 0.003 train_err: 0.010 test_top1: 4.470
e: 251 loss: 0.002 train_err: 0.020 test_top1: 4.470
e: 252 loss: 0.003 train_err: 0.018 test_top1: 4.480
e: 253 loss: 0.002 train_err: 0.016 test_top1: 4.390
e: 254 loss: 0.002 train_err: 0.008 test_top1: 4.540
e: 255 loss: 0.002 train_err: 0.012 test_top1: 4.480
e: 256 loss: 0.002 train_err: 0.012 test_top1: 4.440
e: 257 loss: 0.002 train_err: 0.010 test_top1: 4.370
e: 258 loss: 0.002 train_err: 0.016 test_top1: 4.410
e: 259 loss: 0.002 train_err: 0.020 test_top1: 4.480
e: 260 loss: 0.002 train_err: 0.012 test_top1: 4.440
e: 261 loss: 0.002 train_err: 0.010 test_top1: 4.520
e: 262 loss: 0.002 train_err: 0.008 test_top1: 4.420
e: 263 loss: 0.002 train_err: 0.014 test_top1: 4.420
e: 264 loss: 0.002 train_err: 0.012 test_top1: 4.510
e: 265 loss: 0.002 train_err: 0.008 test_top1: 4.480
e: 266 loss: 0.002 train_err: 0.012 test_top1: 4.420
e: 267 loss: 0.002 train_err: 0.004 test_top1: 4.360
e: 268 loss: 0.002 train_err: 0.008 test_top1: 4.410
e: 269 loss: 0.002 train_err: 0.012 test_top1: 4.390
e: 270 loss: 0.002 train_err: 0.004 test_top1: 4.340
e: 271 loss: 0.002 train_err: 0.012 test_top1: 4.460
e: 272 loss: 0.002 train_err: 0.008 test_top1: 4.410
e: 273 loss: 0.002 train_err: 0.006 test_top1: 4.480
e: 274 loss: 0.002 train_err: 0.010 test_top1: 4.450
e: 275 loss: 0.002 train_err: 0.012 test_top1: 4.470
e: 276 loss: 0.002 train_err: 0.010 test_top1: 4.350
e: 277 loss: 0.002 train_err: 0.014 test_top1: 4.330
e: 278 loss: 0.002 train_err: 0.004 test_top1: 4.350
e: 279 loss: 0.002 train_err: 0.006 test_top1: 4.360
e: 280 loss: 0.002 train_err: 0.008 test_top1: 4.440
e: 281 loss: 0.002 train_err: 0.010 test_top1: 4.440
e: 282 loss: 0.002 train_err: 0.006 test_top1: 4.540
e: 283 loss: 0.002 train_err: 0.010 test_top1: 4.350
e: 284 loss: 0.002 train_err: 0.004 test_top1: 4.400
e: 285 loss: 0.002 train_err: 0.008 test_top1: 4.370
e: 286 loss: 0.002 train_err: 0.010 test_top1: 4.390
e: 287 loss: 0.002 train_err: 0.008 test_top1: 4.430
e: 288 loss: 0.002 train_err: 0.006 test_top1: 4.370
e: 289 loss: 0.002 train_err: 0.008 test_top1: 4.370
e: 290 loss: 0.002 train_err: 0.008 test_top1: 4.430
e: 291 loss: 0.002 train_err: 0.018 test_top1: 4.390
e: 292 loss: 0.002 train_err: 0.010 test_top1: 4.450
e: 293 loss: 0.002 train_err: 0.010 test_top1: 4.370
e: 294 loss: 0.002 train_err: 0.002 test_top1: 4.330
e: 295 loss: 0.002 train_err: 0.014 test_top1: 4.330
e: 296 loss: 0.002 train_err: 0.006 test_top1: 4.360
e: 297 loss: 0.002 train_err: 0.004 test_top1: 4.460
e: 298 loss: 0.002 train_err: 0.010 test_top1: 4.310
e: 299 loss: 0.002 train_err: 0.008 test_top1: 4.410
e: 300 loss: 0.002 train_err: 0.002 test_top1: 4.370
